2026-06-30 14:20:03 [LIVE ETHUSDT] INFO [RECOVERY] claim: POST http://localhost:5000/api/recovery/claim symbol=ETHUSDT
2026-06-30 14:20:03 [LIVE ETHUSDT] INFO [RECOVERY] claim: response status=200 data={'chainId': None, 'debtAmount': 0, 'enabled': True}
2026-06-30 14:20:04 [LIVE ETHUSDT] INFO [LIVE] Market order placed | SHORT ETHUSDT qty=0.05 entry≈1580.73
2026-06-30 14:20:05 [LIVE ETHUSDT] INFO [LIVE] Stop-loss placed | stopPrice=1601.43 qty=0.05
2026-06-30 14:20:05 [LIVE ETHUSDT] INFO Position opened | SHORT | entry=1580.73 SL=1601.4314 TP1=1570.6043 TP2=1545.3102 qty=0.05 | indicators: ema_fast=1583.4954 ema_slow=1583.6362 volume=11575.44 volume_ma=4274.53
2026-06-30 15:25:03 [LIVE ETHUSDT] INFO TP1 hit | price=1565.0 closed_qty=0.025000 remaining_qty=0.025000 pnl=0.3933 | SL moved to breakeven: 1601.4314 → 1580.73 | entry_ema_fast=1583.4954 entry_ema_slow=1583.6362 entry_volume=11575.44 entry_volume_ma=4274.53
2026-06-30 15:25:05 [LIVE ETHUSDT] INFO [LIVE] Stop-loss placed | stopPrice=1580.73 qty=0.025
2026-06-30 15:25:05 [LIVE ETHUSDT] INFO [LIVE] SL moved to breakeven | stopPrice=1580.73
2026-06-30 17:09:29 [LIVE ETHUSDT] INFO [STATE] Restored from file | SHORT entry=1580.73 SL=1580.73 TP1=1570.6043 TP2=1545.3102 qty=0.025 tp1_hit=True
2026-06-30 17:09:34 [LIVE ETHUSDT] INFO [LIVE] Stop-loss placed | stopPrice=1580.73 qty=0.025
2026-06-30 18:49:14 [LIVE ETHUSDT] INFO [STATE] Restored from file | SHORT entry=1580.73 SL=1580.73 TP1=1570.6043 TP2=1545.3102 qty=0.025 tp1_hit=True
2026-06-30 18:49:19 [LIVE ETHUSDT] INFO [LIVE] Stop-loss placed | stopPrice=1580.73 qty=0.025
2026-06-30 19:45:06 [LIVE ETHUSDT] INFO TP2 hit | price=1565.81 qty=0.025000 pnl=0.3730 total_pnl=0.7663 | entry_ema_fast=1583.4954 entry_ema_slow=1583.6362 entry_volume=11575.44 entry_volume_ma=4274.53
2026-07-03 20:10:08 [LIVE ETHUSDT] INFO [RECOVERY] claim: POST http://localhost:5000/api/recovery/claim symbol=ETHUSDT
2026-07-03 20:10:09 [LIVE ETHUSDT] INFO [RECOVERY] claim: response status=200 data={'chainId': None, 'debtAmount': 0, 'enabled': True}
2026-07-03 20:10:10 [LIVE ETHUSDT] INFO [LIVE] Market order placed | LONG ETHUSDT qty=0.032 entry≈1735.01
2026-07-03 20:10:10 [LIVE ETHUSDT] INFO [LIVE] Stop-loss placed | stopPrice=1712.79 qty=0.032
2026-07-03 20:10:11 [LIVE ETHUSDT] INFO Position opened | LONG | entry=1735.01 SL=1712.7904 TP1=1746.6298 TP2=1774.3954 qty=0.032 | indicators: ema_fast=1732.8037 ema_slow=1732.6643 volume=14785.54 volume_ma=10767.32
2026-07-03 22:35:04 [LIVE ETHUSDT] INFO TP1 hit | price=1748.06 closed_qty=0.016000 remaining_qty=0.016000 pnl=0.2088 | SL moved to breakeven: 1712.7904 → 1735.01 | entry_ema_fast=1732.8037 entry_ema_slow=1732.6643 entry_volume=14785.54 entry_volume_ma=10767.32
2026-07-03 22:35:06 [LIVE ETHUSDT] INFO [LIVE] Stop-loss placed | stopPrice=1735.01 qty=0.016
2026-07-03 22:35:06 [LIVE ETHUSDT] INFO [LIVE] SL moved to breakeven | stopPrice=1735.01
2026-07-04 00:20:11 [LIVE ETHUSDT] INFO TP2 hit | price=1764.13 qty=0.016000 pnl=0.4659 total_pnl=0.6747 | entry_ema_fast=1732.8037 entry_ema_slow=1732.6643 entry_volume=14785.54 entry_volume_ma=10767.32
2026-07-04 03:10:15 [LIVE ETHUSDT] INFO [RECOVERY] claim: POST http://localhost:5000/api/recovery/claim symbol=ETHUSDT
2026-07-04 03:10:15 [LIVE ETHUSDT] INFO [RECOVERY] claim: response status=200 data={'chainId': None, 'debtAmount': 0, 'enabled': True}
2026-07-04 03:10:16 [LIVE ETHUSDT] INFO [LIVE] Market order placed | LONG ETHUSDT qty=0.032 entry≈1761.76
2026-07-04 03:10:16 [LIVE ETHUSDT] INFO [LIVE] Stop-loss placed | stopPrice=1740.12 qty=0.032
2026-07-04 03:10:17 [LIVE ETHUSDT] INFO Position opened | LONG | entry=1761.76 SL=1740.1205 TP1=1774.4998 TP2=1802.7084 qty=0.032 | indicators: ema_fast=1758.9275 ema_slow=1758.6955 volume=17465.55 volume_ma=5023.22
2026-07-04 15:15:57 [LIVE ETHUSDT] INFO [STATE] Restored from file | LONG entry=1761.76 SL=1740.1205 TP1=1774.4998 TP2=1802.7084 qty=0.032 tp1_hit=False
2026-07-04 15:16:02 [LIVE ETHUSDT] INFO [LIVE] Stop-loss placed | stopPrice=1740.12 qty=0.032
2026-07-04 16:05:55 [LIVE ETHUSDT] INFO [STATE] Restored from file | LONG entry=1761.76 SL=1740.1205 TP1=1774.4998 TP2=1802.7084 qty=0.032 tp1_hit=False
2026-07-04 16:05:57 [LIVE ETHUSDT] INFO [LIVE] Stop-loss placed | stopPrice=1744.14 qty=0.032
2026-07-04 16:06:00 [LIVE ETHUSDT] INFO [LIVE] Stop-loss placed | stopPrice=1740.12 qty=0.032
2026-07-04 16:06:02 [LIVE ETHUSDT] INFO [LIVE] Stop-loss placed | stopPrice=1744.14 qty=0.032
2026-07-06 13:20:37 [LIVE ETHUSDT] INFO [STATE] Restored from file | LONG entry=1761.76 SL=1740.1205 TP1=1774.4998 TP2=1802.7084 qty=0.032 tp1_hit=False
2026-07-06 15:00:08 [LIVE ETHUSDT] INFO [RECOVERY] claim: POST http://localhost:5000/api/recovery/claim symbol=ETHUSDT
2026-07-06 15:00:08 [LIVE ETHUSDT] INFO [RECOVERY] claim: response status=200 data={'chainId': 10, 'debtAmount': 0.8287999999999943, 'bonusPct': 20, 'enabled': True}
2026-07-06 15:00:08 [LIVE ETHUSDT] INFO [RECOVERY] Claimed chain #10 | debt=0.8288 bonus=20% max_pct=50.0% recovery_qty=0.023106
2026-07-06 15:00:10 [LIVE ETHUSDT] INFO [LIVE] Market order placed | SHORT ETHUSDT qty=0.023 entry≈1758.22 [RECOVERY]
2026-07-06 15:00:10 [LIVE ETHUSDT] INFO [LIVE] Stop-loss placed | stopPrice=1781.37 qty=0.023
2026-07-06 15:00:11 [LIVE ETHUSDT] INFO Position opened [RECOVERY] | SHORT | entry=1758.22 SL=1781.3706 TP1=1747.0797 TP2=1718.9435 qty=0.023 | indicators: ema_fast=1768.2893 ema_slow=1768.4811 volume=49424.92 volume_ma=11659.61
2026-07-06 15:01:38 [LIVE ETHUSDT] INFO [STATE] Restored from file | SHORT entry=1758.22 SL=1781.3706 TP1=1747.0797 TP2=1718.9435 qty=0.023 tp1_hit=False
2026-07-06 15:01:42 [LIVE ETHUSDT] INFO [LIVE] Stop-loss placed | stopPrice=1781.37 qty=0.023
2026-07-06 15:05:06 [LIVE ETHUSDT] INFO TP1 hit [RECOVERY] | price=1739.36 qty=0.023000 pnl=0.4338 total_pnl=0.4338 | entry_ema_fast=1768.2893 entry_ema_slow=1768.4811 entry_volume=49424.92 entry_volume_ma=11659.61
2026-07-06 15:05:08 [LIVE ETHUSDT] INFO [RECOVERY] report: POST http://localhost:5000/api/recovery/report payload={'symbol': 'ETHUSDT', 'pnl': 0.43378000000000294, 'chainId': 10}
2026-07-06 15:05:08 [LIVE ETHUSDT] INFO [RECOVERY] report: success data={'success': True, 'action': 'closed'}
2026-07-06 15:39:24 [LIVE ETHUSDT] INFO [SYNC] Restored from exchange | SHORT ETHUSDT qty=0.012 entry=1758.22 SL=1781.0769 TP1=1746.7916 TP2=1718.6600 (levels recalculated from config)
2026-07-06 15:39:28 [LIVE ETHUSDT] INFO [LIVE] Stop-loss placed | stopPrice=1781.08 qty=0.012
2026-07-06 15:45:09 [LIVE ETHUSDT] INFO TP1 hit | price=1739.71 closed_qty=0.006000 remaining_qty=0.006000 pnl=0.1111 | SL moved to breakeven: 1781.0769 → 1758.22 | entry_ema_fast=0.0 entry_ema_slow=0.0 entry_volume=0.0 entry_volume_ma=0.0
2026-07-06 15:45:10 [LIVE ETHUSDT] INFO [LIVE] Stop-loss placed | stopPrice=1758.22 qty=0.006
2026-07-06 15:45:10 [LIVE ETHUSDT] INFO [LIVE] SL moved to breakeven | stopPrice=1758.22
2026-07-06 17:35:11 [LIVE ETHUSDT] INFO TP2 hit | price=1751.61 qty=0.006000 pnl=0.0397 total_pnl=0.1507 | entry_ema_fast=0.0 entry_ema_slow=0.0 entry_volume=0.0 entry_volume_ma=0.0
