2026-06-30 03:15:07 [LIVE ONTUSDT] INFO [RECOVERY] claim: POST http://localhost:5000/api/recovery/claim symbol=ONTUSDT
2026-06-30 03:15:07 [LIVE ONTUSDT] INFO [RECOVERY] claim: response status=200 data={'chainId': 1, 'debtAmount': 0.47496268, 'bonusPct': 20, 'enabled': True}
2026-06-30 03:15:07 [LIVE ONTUSDT] INFO [RECOVERY] Claimed chain #1 | debt=0.4750 bonus=20% max_pct=50.0% recovery_qty=53.836443
2026-07-04 12:00:12 [LIVE ONTUSDT] INFO [RECOVERY] claim: POST http://localhost:5000/api/recovery/claim symbol=ONTUSDT
2026-07-04 12:00:12 [LIVE ONTUSDT] INFO [RECOVERY] claim: response status=200 data={'chainId': None, 'debtAmount': 0, 'enabled': True}
2026-07-04 12:00:14 [LIVE ONTUSDT] INFO [LIVE] Market order placed | LONG ONTUSDT qty=1551.6 entry≈0.04448
2026-07-04 12:00:15 [LIVE ONTUSDT] INFO [LIVE] Stop-loss placed | stopPrice=0.044 qty=1551.5
2026-07-04 12:00:15 [LIVE ONTUSDT] INFO Position opened | LONG | entry=0.04448 SL=0.044 TP1=0.0447 TP2=0.045 qty=1551.6 | indicators: ema_fast=0.0443 ema_slow=0.0443 volume=171015.5 volume_ma=66894.02
2026-07-04 15:15:58 [LIVE ONTUSDT] INFO [STATE] Restored from file | LONG entry=0.04448 SL=0.044 TP1=0.0447 TP2=0.045 qty=1551.6 tp1_hit=False
2026-07-04 15:16:03 [LIVE ONTUSDT] INFO [LIVE] Stop-loss placed | stopPrice=0.044 qty=1551.5
2026-07-04 15:20:11 [LIVE ONTUSDT] INFO TP1 hit | price=0.04471 closed_qty=1086.120000 remaining_qty=465.480000 pnl=0.2498 | SL moved to breakeven: 0.044 → 0.04448 | entry_ema_fast=0.0443 entry_ema_slow=0.0443 entry_volume=171015.5 entry_volume_ma=66894.02
2026-07-04 15:20:13 [LIVE ONTUSDT] INFO [LIVE] Stop-loss placed | stopPrice=0.04448 qty=465.4
2026-07-04 15:20:13 [LIVE ONTUSDT] INFO [LIVE] SL moved to breakeven | stopPrice=0.04448
2026-07-04 16:05:57 [LIVE ONTUSDT] INFO [STATE] Restored from file | LONG entry=0.04448 SL=0.04448 TP1=0.0447 TP2=0.045 qty=465.48 tp1_hit=True
2026-07-04 16:06:00 [LIVE ONTUSDT] INFO [LIVE] Stop-loss placed | stopPrice=0.04404 qty=687.3
2026-07-04 16:06:02 [LIVE ONTUSDT] INFO [LIVE] Stop-loss placed | stopPrice=0.04448 qty=465.4
2026-07-04 16:06:05 [LIVE ONTUSDT] INFO [LIVE] Stop-loss placed | stopPrice=0.04404 qty=222.1
2026-07-04 16:10:12 [LIVE ONTUSDT] INFO TP2 hit | price=0.04523 qty=465.480000 pnl=0.3491 total_pnl=0.5989 | entry_ema_fast=0.0443 entry_ema_slow=0.0443 entry_volume=171015.5 entry_volume_ma=66894.02
2026-07-04 16:10:13 [LIVE ONTUSDT] INFO [LIVE] Stop-loss placed | stopPrice=0.04404 qty=222.1
2026-07-04 16:12:15 [LIVE ONTUSDT] INFO [SYNC] Restored from exchange | LONG ONTUSDT qty=222.1 entry=0.04448 SL=0.0440 TP1=0.0447 TP2=0.0450 (levels recalculated from config)
2026-07-04 16:12:17 [LIVE ONTUSDT] INFO [LIVE] Stop-loss placed | stopPrice=0.04404 qty=222.1
2026-07-04 16:12:20 [LIVE ONTUSDT] INFO [LIVE] Stop-loss placed | stopPrice=0.044 qty=222.1
2026-07-06 13:20:41 [LIVE ONTUSDT] INFO [STATE] Restored from file | LONG entry=0.04448 SL=0.044 TP1=0.0447 TP2=0.045 qty=222.1 tp1_hit=False
2026-07-07 02:50:07 [LIVE ONTUSDT] INFO [RECOVERY] claim: POST http://localhost:5000/api/recovery/claim symbol=ONTUSDT
2026-07-07 02:50:08 [LIVE ONTUSDT] INFO [RECOVERY] claim: response status=200 data={'chainId': 11, 'debtAmount': 1.8321399999999997, 'bonusPct': 50, 'enabled': True}
2026-07-07 02:50:08 [LIVE ONTUSDT] INFO [RECOVERY] Claimed chain #11 | debt=1.8321 bonus=50% max_pct=50.0% recovery_qty=821.224450
2026-07-07 02:50:09 [LIVE ONTUSDT] INFO [LIVE] Market order placed | LONG ONTUSDT qty=821.2 entry≈0.04683 [RECOVERY]
2026-07-07 02:50:10 [LIVE ONTUSDT] INFO [LIVE] Stop-loss placed | stopPrice=0.0464 qty=821.2
2026-07-07 02:50:10 [LIVE ONTUSDT] INFO Position opened [RECOVERY] | LONG | entry=0.04683 SL=0.0464 TP1=0.0471 TP2=0.0475 qty=821.2 | indicators: ema_fast=0.0466 ema_slow=0.0466 volume=576358.2 volume_ma=119672.34
2026-07-07 04:05:11 [LIVE ONTUSDT] WARNING SL hit (SL level) | price=0.04637 qty=821.200000 pnl=-0.3778 total_pnl=-0.3778 | entry_ema_fast=0.0466 entry_ema_slow=0.0466 entry_volume=576358.2 entry_volume_ma=119672.34
2026-07-07 04:05:13 [LIVE ONTUSDT] INFO [RECOVERY] report: POST http://localhost:5000/api/recovery/report payload={'symbol': 'ONTUSDT', 'pnl': -0.37775199999999604, 'chainId': 11}
2026-07-07 04:05:13 [LIVE ONTUSDT] INFO [RECOVERY] report: success data={'success': True, 'action': 're-freed', 'newDebt': 2.2098919999999955}
