2026-06-30 05:50:14 [LIVE SOLUSDT] INFO [RECOVERY] claim: POST http://localhost:5000/api/recovery/claim symbol=SOLUSDT
2026-06-30 05:50:14 [LIVE SOLUSDT] INFO [RECOVERY] claim: response status=200 data={'chainId': 3, 'debtAmount': 0.7138999999999869, 'bonusPct': 20, 'enabled': True}
2026-06-30 05:50:15 [LIVE SOLUSDT] INFO [RECOVERY] Claimed chain #3 | debt=0.7139 bonus=20% max_pct=50.0% recovery_qty=5.731835
2026-06-30 05:50:17 [LIVE SOLUSDT] INFO [LIVE] Market order placed | LONG SOLUSDT qty=5.73 entry≈74.73 [RECOVERY]
2026-06-30 05:50:17 [LIVE SOLUSDT] INFO [LIVE] Stop-loss placed | stopPrice=74.06 qty=5.73
2026-06-30 05:50:17 [LIVE SOLUSDT] INFO Position opened [RECOVERY] | LONG | entry=74.73 SL=74.0574 TP1=74.8795 TP2=76.5235 qty=5.73 | indicators: ema_fast=74.409 ema_slow=74.4009 volume=59707.56 volume_ma=52208.37
2026-06-30 07:10:12 [LIVE SOLUSDT] WARNING SL hit (SL level) | price=73.91 qty=5.730000 pnl=-4.6986 total_pnl=-4.6986 | entry_ema_fast=74.409 entry_ema_slow=74.4009 entry_volume=59707.56 entry_volume_ma=52208.37
2026-06-30 07:10:12 [LIVE SOLUSDT] INFO [RECOVERY] report: POST http://localhost:5000/api/recovery/report payload={'symbol': 'SOLUSDT', 'pnl': -4.6986000000000425, 'chainId': 3}
2026-06-30 07:10:12 [LIVE SOLUSDT] INFO [RECOVERY] report: success data={'success': True, 'action': 're-freed', 'newDebt': 5.41250000000003}
2026-06-30 09:00:09 [LIVE SOLUSDT] INFO [RECOVERY] claim: POST http://localhost:5000/api/recovery/claim symbol=SOLUSDT
2026-06-30 09:00:09 [LIVE SOLUSDT] INFO [RECOVERY] claim: response status=200 data={'chainId': None, 'debtAmount': 0, 'enabled': True}
2026-06-30 09:00:11 [LIVE SOLUSDT] INFO [LIVE] Market order placed | LONG SOLUSDT qty=1.63 entry≈74.2
2026-06-30 09:00:12 [LIVE SOLUSDT] INFO [LIVE] Stop-loss placed | stopPrice=73.53 qty=1.63
2026-06-30 09:00:12 [LIVE SOLUSDT] INFO Position opened | LONG | entry=74.2 SL=73.5322 TP1=74.3484 TP2=75.9808 qty=1.63 | indicators: ema_fast=74.0809 ema_slow=74.0727 volume=50013.59 volume_ma=37261.53
2026-06-30 12:49:46 [LIVE SOLUSDT] INFO [STATE] Restored from file | LONG entry=74.2 SL=73.5322 TP1=74.3484 TP2=75.9808 qty=1.63 tp1_hit=False
2026-07-03 13:15:11 [LIVE SOLUSDT] INFO [RECOVERY] claim: POST http://localhost:5000/api/recovery/claim symbol=SOLUSDT
2026-07-03 13:15:11 [LIVE SOLUSDT] INFO [RECOVERY] claim: POST http://localhost:5000/api/recovery/claim symbol=SOLUSDT
2026-07-03 13:15:13 [LIVE SOLUSDT] ERROR [RECOVERY] claim error: Cannot connect to host localhost:5000 ssl:default [Удаленный компьютер отклонил это сетевое подключение]
2026-07-03 13:15:13 [LIVE SOLUSDT] ERROR [RECOVERY] claim error: Cannot connect to host localhost:5000 ssl:default [Удаленный компьютер отклонил это сетевое подключение]
2026-07-03 13:15:14 [LIVE SOLUSDT] INFO [LIVE] Market order placed | LONG SOLUSDT qty=1.0 entry≈81.03
2026-07-03 13:15:15 [LIVE SOLUSDT] INFO [LIVE] Stop-loss placed | stopPrice=80.31 qty=1.0
2026-07-03 13:15:15 [LIVE SOLUSDT] INFO Position opened | LONG | entry=81.03 SL=80.3106 TP1=81.2021 TP2=82.985 qty=1.0 | indicators: ema_fast=80.9805 ema_slow=80.9754 volume=61659.02 volume_ma=55081.58
2026-07-03 13:15:15 [LIVE SOLUSDT] INFO [LIVE] Market order placed | LONG SOLUSDT qty=1.0 entry≈81.02
2026-07-03 13:15:16 [LIVE SOLUSDT] INFO [LIVE] Stop-loss placed | stopPrice=80.31 qty=1.0
2026-07-03 13:15:16 [LIVE SOLUSDT] INFO Position opened | LONG | entry=81.02 SL=80.3106 TP1=81.2021 TP2=82.985 qty=1.0 | indicators: ema_fast=80.984 ema_slow=80.9818 volume=61659.02 volume_ma=54808.9
2026-07-03 13:26:18 [LIVE SOLUSDT] INFO [STATE] Restored from file | LONG entry=81.02 SL=80.3106 TP1=81.2021 TP2=82.985 qty=1.0 tp1_hit=False
2026-07-03 13:26:23 [LIVE SOLUSDT] INFO [LIVE] Stop-loss placed | stopPrice=80.31 qty=1.0
2026-07-03 13:40:12 [LIVE SOLUSDT] INFO TP1 hit | price=81.22 closed_qty=0.500000 remaining_qty=0.500000 pnl=0.1000 | SL moved to breakeven: 80.3106 → 81.02 | entry_ema_fast=80.984 entry_ema_slow=80.9818 entry_volume=61659.02 entry_volume_ma=54808.9
2026-07-03 13:40:14 [LIVE SOLUSDT] INFO [LIVE] Stop-loss placed | stopPrice=81.02 qty=0.5
2026-07-03 13:40:14 [LIVE SOLUSDT] INFO [LIVE] SL moved to breakeven | stopPrice=81.02
2026-07-03 13:40:17 [LIVE SOLUSDT] INFO TP1 hit | price=81.22 closed_qty=0.500000 remaining_qty=0.500000 pnl=0.1000 | SL moved to breakeven: 80.3106 → 81.02 | entry_ema_fast=80.984 entry_ema_slow=80.9818 entry_volume=61659.02 entry_volume_ma=54808.9
2026-07-03 13:40:19 [LIVE SOLUSDT] INFO [LIVE] Stop-loss placed | stopPrice=81.02 qty=0.5
2026-07-03 13:40:19 [LIVE SOLUSDT] INFO [LIVE] SL moved to breakeven | stopPrice=81.02
2026-07-03 13:40:21 [LIVE SOLUSDT] INFO TP1 hit | price=81.22 closed_qty=0.500000 remaining_qty=0.500000 pnl=0.0950 | SL moved to breakeven: 80.3106 → 81.03 | entry_ema_fast=80.9805 entry_ema_slow=80.9754 entry_volume=61659.02 entry_volume_ma=55081.58
2026-07-03 13:40:23 [LIVE SOLUSDT] INFO [LIVE] Stop-loss placed | stopPrice=81.03 qty=0.5
2026-07-03 13:40:23 [LIVE SOLUSDT] INFO [LIVE] SL moved to breakeven | stopPrice=81.03
2026-07-03 18:24:16 [LIVE SOLUSDT] INFO [STATE] Restored from file | LONG entry=81.03 SL=81.03 TP1=81.2021 TP2=82.985 qty=0.5 tp1_hit=True
2026-07-04 03:10:02 [LIVE SOLUSDT] INFO [RECOVERY] claim: POST http://localhost:5000/api/recovery/claim symbol=SOLUSDT
2026-07-04 03:10:02 [LIVE SOLUSDT] INFO [RECOVERY] claim: response status=200 data={'chainId': None, 'debtAmount': 0, 'enabled': True}
2026-07-04 03:10:04 [LIVE SOLUSDT] INFO [LIVE] Market order placed | LONG SOLUSDT qty=0.99 entry≈82.65
2026-07-04 03:10:04 [LIVE SOLUSDT] INFO [LIVE] Stop-loss placed | stopPrice=81.93 qty=0.99
2026-07-04 03:10:05 [LIVE SOLUSDT] INFO Position opened | LONG | entry=82.65 SL=81.926 TP1=82.8353 TP2=84.6541 qty=0.99 | indicators: ema_fast=82.3769 ema_slow=82.3567 volume=147626.69 volume_ma=30142.84
2026-07-04 04:20:10 [LIVE SOLUSDT] WARNING SL hit (SL level) | price=82.12 qty=0.990000 pnl=-0.5247 total_pnl=-0.5247 | entry_ema_fast=82.3769 entry_ema_slow=82.3567 entry_volume=147626.69 entry_volume_ma=30142.84
2026-07-04 04:20:12 [LIVE SOLUSDT] INFO [RECOVERY] report: POST http://localhost:5000/api/recovery/report payload={'symbol': 'SOLUSDT', 'pnl': -0.5247000000000012}
2026-07-04 04:20:12 [LIVE SOLUSDT] INFO [RECOVERY] report: success data={'success': True, 'action': 'new-chain', 'chainId': 8}
2026-07-04 05:55:14 [LIVE SOLUSDT] INFO [RECOVERY] claim: POST http://localhost:5000/api/recovery/claim symbol=SOLUSDT
2026-07-04 05:55:14 [LIVE SOLUSDT] INFO [RECOVERY] claim: response status=200 data={'chainId': 7, 'debtAmount': 0.784700000000007, 'bonusPct': 20, 'enabled': True}
2026-07-04 05:55:14 [LIVE SOLUSDT] INFO [RECOVERY] Claimed chain #7 | debt=0.7847 bonus=20% max_pct=50.0% recovery_qty=0.440664
2026-07-04 05:55:15 [LIVE SOLUSDT] INFO [LIVE] Market order placed | LONG SOLUSDT qty=0.44 entry≈82.24 [RECOVERY]
2026-07-04 05:55:15 [LIVE SOLUSDT] INFO [LIVE] Stop-loss placed | stopPrice=81.49 qty=0.44
2026-07-04 05:55:16 [LIVE SOLUSDT] INFO Position opened [RECOVERY] | LONG | entry=82.24 SL=81.4899 TP1=82.3945 TP2=84.2035 qty=0.44 | indicators: ema_fast=82.0517 ema_slow=82.0467 volume=45405.96 volume_ma=36509.33
2026-07-04 06:35:06 [LIVE SOLUSDT] INFO TP1 hit [RECOVERY] | price=82.46 qty=0.440000 pnl=0.0968 total_pnl=0.0968 | entry_ema_fast=82.0517 entry_ema_slow=82.0467 entry_volume=45405.96 entry_volume_ma=36509.33
2026-07-04 06:35:07 [LIVE SOLUSDT] INFO [RECOVERY] report: POST http://localhost:5000/api/recovery/report payload={'symbol': 'SOLUSDT', 'pnl': 0.0967999999999995, 'chainId': 7}
2026-07-04 06:35:07 [LIVE SOLUSDT] INFO [RECOVERY] report: success data={'success': True, 'action': 'closed'}
2026-07-06 13:20:37 [LIVE SOLUSDT] INFO [SYNC] Restored from exchange | SHORT SOLUSDT qty=1.12 entry=80.17 SL=80.8915 TP1=80.0097 TP2=78.2459 (levels recalculated from config)
2026-07-06 13:20:41 [LIVE SOLUSDT] INFO [LIVE] Stop-loss placed | stopPrice=80.97 qty=1.12
2026-07-06 13:20:45 [LIVE SOLUSDT] INFO [LIVE] Stop-loss placed | stopPrice=80.89 qty=1.12
2026-07-06 13:20:47 [LIVE SOLUSDT] INFO [LIVE] Stop-loss placed | stopPrice=80.97 qty=1.12
2026-07-06 14:35:12 [LIVE SOLUSDT] WARNING SL hit (SL level) | price=80.91 qty=1.120000 pnl=-0.8288 total_pnl=-0.8288 | entry_ema_fast=0.0 entry_ema_slow=0.0 entry_volume=0.0 entry_volume_ma=0.0
2026-07-06 14:35:15 [LIVE SOLUSDT] INFO [LIVE] Stop-loss placed | stopPrice=80.97 qty=1.12
2026-07-06 14:35:16 [LIVE SOLUSDT] INFO [RECOVERY] report: POST http://localhost:5000/api/recovery/report payload={'symbol': 'SOLUSDT', 'pnl': -0.8287999999999943}
2026-07-06 14:35:16 [LIVE SOLUSDT] INFO [RECOVERY] report: success data={'success': True, 'action': 'new-chain', 'chainId': 10}
2026-07-06 15:01:38 [LIVE SOLUSDT] INFO [SYNC] Restored from exchange | SHORT SOLUSDT qty=1.12 entry=80.17 SL=80.8915 TP1=80.0097 TP2=78.2459 (levels recalculated from config)
2026-07-06 15:01:42 [LIVE SOLUSDT] INFO [LIVE] Stop-loss placed | stopPrice=80.89 qty=1.12
2026-07-06 15:05:05 [LIVE SOLUSDT] INFO TP1 hit | price=79.32 closed_qty=0.560000 remaining_qty=0.560000 pnl=0.4760 | SL moved to breakeven: 80.8915 → 80.17 | entry_ema_fast=0.0 entry_ema_slow=0.0 entry_volume=0.0 entry_volume_ma=0.0
2026-07-06 15:05:07 [LIVE SOLUSDT] INFO [LIVE] Stop-loss placed | stopPrice=80.17 qty=0.56
2026-07-06 15:05:07 [LIVE SOLUSDT] INFO [LIVE] SL moved to breakeven | stopPrice=80.17
2026-07-06 15:15:10 [LIVE SOLUSDT] WARNING TP1 hit (SL level) | price=80.19 qty=0.560000 pnl=-0.0112 total_pnl=0.4648 | entry_ema_fast=0.0 entry_ema_slow=0.0 entry_volume=0.0 entry_volume_ma=0.0
