2026-06-29 23:23:35 [LIVE TRXUSDT] INFO [SYNC] Restored from exchange | SHORT TRXUSDT qty=247.0 entry=0.32131 SL=0.3245 TP1=0.3202 TP2=0.3134 (levels recalculated from config)
2026-06-29 23:23:40 [LIVE TRXUSDT] INFO [LIVE] Stop-loss placed | stopPrice=0.3245 qty=247.0
2026-06-30 03:35:09 [LIVE TRXUSDT] INFO TP1 hit | price=0.32 closed_qty=182.780000 remaining_qty=64.220000 pnl=0.2394 | SL moved to breakeven: 0.3245 → 0.32131 | entry_ema_fast=0.0 entry_ema_slow=0.0 entry_volume=0.0 entry_volume_ma=0.0
2026-06-30 03:35:10 [LIVE TRXUSDT] INFO [LIVE] Stop-loss placed | stopPrice=0.32131 qty=64.0
2026-06-30 03:35:10 [LIVE TRXUSDT] INFO [LIVE] SL moved to breakeven | stopPrice=0.32131
2026-06-30 08:44:35 [LIVE TRXUSDT] INFO [STATE] Restored from file | SHORT entry=0.32131 SL=0.32131 TP1=0.3202 TP2=0.3134 qty=64.22 tp1_hit=True
2026-06-30 08:44:42 [LIVE TRXUSDT] INFO [LIVE] Stop-loss placed | stopPrice=0.32131 qty=64.0
2026-06-30 08:52:41 [LIVE TRXUSDT] INFO [STATE] Restored from file | SHORT entry=0.32131 SL=0.32131 TP1=0.3202 TP2=0.3134 qty=64.22 tp1_hit=True
2026-06-30 08:52:46 [LIVE TRXUSDT] INFO [LIVE] Stop-loss placed | stopPrice=0.32131 qty=64.0
2026-06-30 09:50:08 [LIVE TRXUSDT] WARNING SL hit (exchange stop) | reason=exchange_sync_SL price=0.31942 qty=64.220000 pnl=0.1214 total_pnl=0.3608 | entry_ema_fast=0.0 entry_ema_slow=0.0 entry_volume=0.0 entry_volume_ma=0.0
2026-06-30 09:50:08 [LIVE TRXUSDT] INFO [RECOVERY] report: POST http://localhost:5000/api/recovery/report payload={'symbol': 'TRXUSDT', 'pnl': -0.0}
2026-06-30 09:50:08 [LIVE TRXUSDT] INFO [RECOVERY] report: success data={'success': True, 'action': 'none'}
2026-07-06 16:00:03 [LIVE TRXUSDT] INFO [RECOVERY] claim: POST http://localhost:5000/api/recovery/claim symbol=TRXUSDT
2026-07-06 16:00:03 [LIVE TRXUSDT] INFO [RECOVERY] claim: response status=200 data={'chainId': None, 'debtAmount': 0, 'enabled': True}
2026-07-06 16:00:05 [LIVE TRXUSDT] INFO [LIVE] Market order placed | SHORT TRXUSDT qty=754.0 entry≈0.32678
2026-07-06 16:00:05 [LIVE TRXUSDT] INFO [LIVE] Stop-loss placed | stopPrice=0.33 qty=754.0
2026-07-06 16:00:06 [LIVE TRXUSDT] INFO Position opened | SHORT | entry=0.32678 SL=0.33 TP1=0.3256 TP2=0.3187 qty=754.0 | indicators: ema_fast=0.3273 ema_slow=0.3274 volume=1855703.0 volume_ma=727724.75
2026-07-06 19:39:10 [LIVE TRXUSDT] INFO [STATE] Restored from file | SHORT entry=0.32678 SL=0.33 TP1=0.3256 TP2=0.3187 qty=754.0 tp1_hit=False
2026-07-06 19:39:15 [LIVE TRXUSDT] INFO [LIVE] Stop-loss placed | stopPrice=0.33 qty=754.0
2026-07-06 23:19:25 [LIVE TRXUSDT] INFO [STATE] Restored from file | SHORT entry=0.32678 SL=0.33 TP1=0.3256 TP2=0.3187 qty=754.0 tp1_hit=False
2026-07-06 23:19:30 [LIVE TRXUSDT] INFO [LIVE] Stop-loss placed | stopPrice=0.33 qty=754.0
2026-07-06 23:26:46 [LIVE TRXUSDT] INFO [STATE] Restored from file | SHORT entry=0.32678 SL=0.33 TP1=0.3256 TP2=0.3187 qty=754.0 tp1_hit=False
2026-07-06 23:26:51 [LIVE TRXUSDT] INFO [LIVE] Stop-loss placed | stopPrice=0.33 qty=754.0
2026-07-06 23:34:15 [LIVE TRXUSDT] INFO [STATE] Restored from file | SHORT entry=0.32678 SL=0.33 TP1=0.3256 TP2=0.3187 qty=754.0 tp1_hit=False
2026-07-06 23:34:20 [LIVE TRXUSDT] INFO [LIVE] Stop-loss placed | stopPrice=0.33 qty=754.0
2026-07-07 07:22:48 [LIVE TRXUSDT] INFO [STATE] Restored from file | SHORT entry=0.32678 SL=0.33 TP1=0.3256 TP2=0.3187 qty=754.0 tp1_hit=False
2026-07-07 07:22:52 [LIVE TRXUSDT] INFO [LIVE] Stop-loss placed | stopPrice=0.33 qty=754.0
2026-07-07 07:25:23 [LIVE TRXUSDT] INFO [STATE] Restored from file | SHORT entry=0.32678 SL=0.33 TP1=0.3256 TP2=0.3187 qty=754.0 tp1_hit=False
2026-07-07 07:25:28 [LIVE TRXUSDT] INFO [LIVE] Stop-loss placed | stopPrice=0.33 qty=754.0
2026-07-07 07:27:50 [LIVE TRXUSDT] INFO [STATE] Restored from file | SHORT entry=0.32678 SL=0.33 TP1=0.3256 TP2=0.3187 qty=754.0 tp1_hit=False
2026-07-07 07:27:55 [LIVE TRXUSDT] INFO [LIVE] Stop-loss placed | stopPrice=0.33 qty=754.0
2026-07-07 07:33:02 [LIVE TRXUSDT] INFO [STATE] Restored from file | SHORT entry=0.32678 SL=0.33 TP1=0.3256 TP2=0.3187 qty=754.0 tp1_hit=False
2026-07-07 07:33:06 [LIVE TRXUSDT] INFO [LIVE] Stop-loss placed | stopPrice=0.33 qty=754.0
2026-07-07 07:47:06 [LIVE TRXUSDT] INFO [STATE] Restored from file | SHORT entry=0.32678 SL=0.33 TP1=0.3256 TP2=0.3187 qty=754.0 tp1_hit=False
2026-07-07 07:47:11 [LIVE TRXUSDT] INFO [LIVE] Stop-loss placed | stopPrice=0.33 qty=754.0
2026-07-07 07:50:12 [LIVE TRXUSDT] WARNING SL hit (SL level) | price=0.33011 qty=754.000000 pnl=-2.5108 total_pnl=-2.5108 | entry_ema_fast=0.3273 entry_ema_slow=0.3274 entry_volume=1855703.0 entry_volume_ma=727724.75
2026-07-07 07:50:14 [LIVE TRXUSDT] INFO [RECOVERY] report: POST http://localhost:5000/api/recovery/report payload={'symbol': 'TRXUSDT', 'pnl': -2.51082}
2026-07-07 07:50:14 [LIVE TRXUSDT] INFO [RECOVERY] report: success data={'success': True, 'action': 'new-chain', 'chainId': 13}
2026-07-07 12:10:15 [LIVE TRXUSDT] INFO [RECOVERY] claim: POST http://localhost:5000/api/recovery/claim symbol=TRXUSDT
2026-07-07 12:10:17 [LIVE TRXUSDT] ERROR [RECOVERY] claim error: Cannot connect to host localhost:5000 ssl:default [Удаленный компьютер отклонил это сетевое подключение]
2026-07-07 12:10:19 [LIVE TRXUSDT] INFO [LIVE] Market order placed | LONG TRXUSDT qty=648.0 entry≈0.33002
2026-07-07 12:10:19 [LIVE TRXUSDT] INFO [LIVE] Stop-loss placed | stopPrice=0.3267 qty=648.0
2026-07-07 12:10:20 [LIVE TRXUSDT] INFO Position opened | LONG | entry=0.33002 SL=0.3267 TP1=0.3311 TP2=0.3381 qty=648.0 | indicators: ema_fast=0.3295 ema_slow=0.3295 volume=849705.0 volume_ma=432132.65
2026-07-07 12:39:46 [LIVE TRXUSDT] INFO [STATE] Restored from file | LONG entry=0.33002 SL=0.3267 TP1=0.3311 TP2=0.3381 qty=648.0 tp1_hit=False
2026-07-07 12:39:51 [LIVE TRXUSDT] INFO [LIVE] Stop-loss placed | stopPrice=0.3267 qty=648.0
2026-07-07 12:43:49 [LIVE TRXUSDT] INFO [STATE] Restored from file | LONG entry=0.33002 SL=0.3267 TP1=0.3311 TP2=0.3381 qty=648.0 tp1_hit=False
2026-07-07 12:43:54 [LIVE TRXUSDT] INFO [LIVE] Stop-loss placed | stopPrice=0.3267 qty=648.0
2026-07-07 12:48:09 [LIVE TRXUSDT] INFO [STATE] Restored from file | LONG entry=0.33002 SL=0.3267 TP1=0.3311 TP2=0.3381 qty=648.0 tp1_hit=False
2026-07-07 12:48:14 [LIVE TRXUSDT] INFO [LIVE] Stop-loss placed | stopPrice=0.3267 qty=648.0
2026-07-07 12:52:16 [LIVE TRXUSDT] INFO [STATE] Restored from file | LONG entry=0.33002 SL=0.3267 TP1=0.3311 TP2=0.3381 qty=648.0 tp1_hit=False
2026-07-07 12:52:21 [LIVE TRXUSDT] INFO [LIVE] Stop-loss placed | stopPrice=0.3267 qty=648.0
2026-07-07 12:57:02 [LIVE TRXUSDT] INFO [STATE] Restored from file | LONG entry=0.33002 SL=0.3267 TP1=0.3311 TP2=0.3381 qty=648.0 tp1_hit=False
2026-07-07 12:57:07 [LIVE TRXUSDT] INFO [LIVE] Stop-loss placed | stopPrice=0.3267 qty=648.0
2026-07-07 13:06:13 [LIVE TRXUSDT] INFO [STATE] Restored from file | LONG entry=0.33002 SL=0.3267 TP1=0.3311 TP2=0.3381 qty=648.0 tp1_hit=False
2026-07-07 13:06:19 [LIVE TRXUSDT] INFO [LIVE] Stop-loss placed | stopPrice=0.3267 qty=648.0
2026-07-07 13:09:24 [LIVE TRXUSDT] INFO [STATE] Restored from file | LONG entry=0.33002 SL=0.3267 TP1=0.3311 TP2=0.3381 qty=648.0 tp1_hit=False
2026-07-07 13:09:29 [LIVE TRXUSDT] INFO [LIVE] Stop-loss placed | stopPrice=0.3267 qty=648.0
2026-07-07 15:10:15 [LIVE TRXUSDT] INFO TP1 hit | price=0.33132 closed_qty=169.000000 remaining_qty=0.000000 pnl=0.2197 | SL moved to breakeven: 0.3267 → 0.33002 | entry_ema_fast=0.3295 entry_ema_slow=0.3295 entry_volume=849705.0 entry_volume_ma=432132.65
2026-07-07 15:10:17 [LIVE TRXUSDT] INFO [LIVE] Stop-loss placed | stopPrice=0.33002 qty=169.0
2026-07-07 15:10:17 [LIVE TRXUSDT] INFO [LIVE] SL moved to breakeven | stopPrice=0.33002
