2026-06-09 10:30:07 [PAPER] INFO [PAPER] Would open SHORT BTCUSDT qty=0.021 entry=62999.9 SL=63472.3992 TP1=62873.9002 TP2=62684.9005 balance=1000.00 USDT
2026-06-09 10:30:07 [PAPER] INFO Position opened | SHORT | entry=62999.9 SL=63472.3992 TP1=62873.9002 TP2=62684.9005 qty=0.021 | indicators: ema_fast=63218.4521 ema_slow=63223.4933 volume=2618.64 volume_ma=484.05
2026-06-09 11:10:17 [PAPER] INFO [PAPER] Would close partial | TP1 qty=0.0126 price=62847.1
2026-06-09 11:10:17 [PAPER] INFO TP1 hit | price=62847.1 closed_qty=0.012600 remaining_qty=0.008400 pnl=1.9253 | SL moved to breakeven: 63472.3992 → 62999.9 | entry_ema_fast=63218.4521 entry_ema_slow=63223.4933 entry_volume=2618.64 entry_volume_ma=484.05
2026-06-09 12:35:05 [PAPER] INFO [PAPER] Would close full | TP2 qty=0.008400000000000001 price=62627.2
2026-06-09 12:35:05 [PAPER] INFO TP2 hit | price=62627.2 qty=0.008400 pnl=3.1307 total_pnl=5.0560 | entry_ema_fast=63218.4521 entry_ema_slow=63223.4933 entry_volume=2618.64 entry_volume_ma=484.05
2026-06-10 03:35:07 [LIVE] INFO [LIVE] Market order placed | SHORT BTCUSDT qty=0.001 entry≈61606.0
2026-06-10 03:35:08 [LIVE] INFO [LIVE] Stop-loss placed | stopPrice=62022.71
2026-06-10 03:35:08 [LIVE] INFO Position opened | SHORT | entry=61606.0 SL=62022.7075 TP1=61437.878 TP2=61253.195 qty=0.001 | indicators: ema_fast=61715.7977 ema_slow=61759.1748 volume=439.22 volume_ma=303.14
2026-06-10 16:40:05 [LIVE] WARNING [LIVE] Full close skipped | SL — position already closed on exchange (stop triggered?)
2026-06-10 16:40:05 [LIVE] WARNING SL hit (exchange stop) | reason=exchange_stop_at_SL price=62141.2 qty=0.001000 pnl=-0.5352 total_pnl=-0.5352 | entry_ema_fast=61715.7977 entry_ema_slow=61759.1748 entry_volume=439.22 entry_volume_ma=303.14
2026-06-11 16:55:12 [PAPER BTCUSDT] INFO [PAPER] Would open LONG BTCUSDT qty=0.021 entry=63130.0 SL=62656.525 TP1=63256.26 TP2=63445.65 balance=1000.00 USDT
2026-06-11 16:55:12 [PAPER BTCUSDT] INFO Position opened | LONG | entry=63130.0 SL=62656.525 TP1=63256.26 TP2=63445.65 qty=0.021 | indicators: ema_fast=62962.9739 ema_slow=62925.3035 volume=3306.89 volume_ma=1502.88
2026-06-11 18:20:04 [PAPER BTCUSDT] INFO [PAPER] Would close full | SL qty=0.021 price=62636.8
2026-06-11 18:20:04 [PAPER BTCUSDT] WARNING SL hit | price=62636.8 qty=0.021000 pnl=-10.3572 total_pnl=-10.3572 | entry_ema_fast=62962.9739 entry_ema_slow=62925.3035 entry_volume=3306.89 entry_volume_ma=1502.88
2026-06-11 20:35:12 [PAPER BTCUSDT] INFO [PAPER] Would open LONG BTCUSDT qty=0.021 entry=63248.4 SL=62774.037 TP1=63374.8968 TP2=63564.642 balance=1000.00 USDT
2026-06-11 20:35:12 [PAPER BTCUSDT] INFO Position opened | LONG | entry=63248.4 SL=62774.037 TP1=63374.8968 TP2=63564.642 qty=0.021 | indicators: ema_fast=62782.4008 ema_slow=62703.4966 volume=8868.72 volume_ma=1063.33
2026-06-11 20:50:11 [PAPER BTCUSDT] INFO [PAPER] Would close partial | TP1 qty=0.0126 price=63562.6
2026-06-11 20:50:11 [PAPER BTCUSDT] INFO TP1 hit | price=63562.6 closed_qty=0.012600 remaining_qty=0.008400 pnl=3.9589 | SL moved to breakeven: 62774.037 → 63248.4 | entry_ema_fast=62782.4008 entry_ema_slow=62703.4966 entry_volume=8868.72 entry_volume_ma=1063.33
2026-06-11 21:00:13 [PAPER BTCUSDT] INFO [PAPER] Would close full | TP2 qty=0.008400000000000001 price=63614.2
2026-06-11 21:00:13 [PAPER BTCUSDT] INFO TP2 hit | price=63614.2 qty=0.008400 pnl=3.0727 total_pnl=7.0316 | entry_ema_fast=62782.4008 entry_ema_slow=62703.4966 entry_volume=8868.72 entry_volume_ma=1063.33
2026-06-12 02:45:13 [PAPER BTCUSDT] INFO [PAPER] Would open LONG BTCUSDT qty=0.021 entry=63604.7 SL=63127.6648 TP1=63731.9094 TP2=63922.7235 balance=1000.00 USDT
2026-06-12 02:45:13 [PAPER BTCUSDT] INFO Position opened | LONG | entry=63604.7 SL=63127.6648 TP1=63731.9094 TP2=63922.7235 qty=0.021 | indicators: ema_fast=63485.1503 ema_slow=63453.3132 volume=998.9 volume_ma=250.84
2026-06-12 07:30:11 [PAPER BTCUSDT] INFO [PAPER] Would close partial | TP1 qty=0.0126 price=63763.8
2026-06-12 07:30:11 [PAPER BTCUSDT] INFO TP1 hit | price=63763.8 closed_qty=0.012600 remaining_qty=0.008400 pnl=2.0047 | SL moved to breakeven: 63127.6648 → 63604.7 | entry_ema_fast=63485.1503 entry_ema_slow=63453.3132 entry_volume=998.9 entry_volume_ma=250.84
2026-06-12 08:05:05 [PAPER BTCUSDT] INFO [PAPER] Would close full | SL qty=0.008400000000000001 price=63600.0
2026-06-12 08:05:05 [PAPER BTCUSDT] WARNING SL hit | price=63600.0 qty=0.008400 pnl=-0.0395 total_pnl=1.9652 | entry_ema_fast=63485.1503 entry_ema_slow=63453.3132 entry_volume=998.9 entry_volume_ma=250.84
2026-06-12 11:20:11 [PAPER BTCUSDT] INFO [PAPER] Would open LONG BTCUSDT qty=0.021 entry=63431.9 SL=62956.1608 TP1=63558.7638 TP2=63749.0595 balance=1000.00 USDT
2026-06-12 11:20:11 [PAPER BTCUSDT] INFO Position opened | LONG | entry=63431.9 SL=62956.1608 TP1=63558.7638 TP2=63749.0595 qty=0.021 | indicators: ema_fast=63229.4382 ema_slow=63184.6819 volume=1091.02 volume_ma=482.72
2026-06-12 12:25:08 [PAPER BTCUSDT] INFO [PAPER] Would close partial | TP1 qty=0.0126 price=63639.3
2026-06-12 12:25:08 [PAPER BTCUSDT] INFO TP1 hit | price=63639.3 closed_qty=0.012600 remaining_qty=0.008400 pnl=2.6132 | SL moved to breakeven: 62956.1608 → 63431.9 | entry_ema_fast=63229.4382 entry_ema_slow=63184.6819 entry_volume=1091.02 entry_volume_ma=482.72
2026-06-12 12:35:02 [PAPER BTCUSDT] INFO [PAPER] Would close full | TP2 qty=0.008400000000000001 price=63873.5
2026-06-12 12:35:02 [PAPER BTCUSDT] INFO TP2 hit | price=63873.5 qty=0.008400 pnl=3.7094 total_pnl=6.3227 | entry_ema_fast=63229.4382 entry_ema_slow=63184.6819 entry_volume=1091.02 entry_volume_ma=482.72
2026-06-13 01:25:12 [LIVE BTCUSDT] INFO [LIVE] Market order placed | LONG BTCUSDT qty=0.001 entry≈63591.7
2026-06-13 01:25:13 [LIVE BTCUSDT] INFO [LIVE] Stop-loss placed | stopPrice=62951.2 qty=0.001
2026-06-13 01:32:37 [LIVE BTCUSDT] INFO [SYNC] Restored from exchange | LONG BTCUSDT qty=0.001 entry=63591.7 SL=62955.7830 TP1=63718.8834 TP2=63782.4751 (levels recalculated from config)
2026-06-13 01:32:41 [LIVE BTCUSDT] INFO [LIVE] Stop-loss placed | stopPrice=62955.8 qty=0.001
2026-06-13 01:38:48 [LIVE BTCUSDT] INFO [STATE] Restored from file | LONG entry=63591.7 SL=62955.783 TP1=63718.8834 TP2=63782.4751 qty=0.001 tp1_hit=False
2026-06-13 01:38:52 [LIVE BTCUSDT] INFO [LIVE] Stop-loss placed | stopPrice=62955.8 qty=0.001
2026-06-13 01:39:40 [LIVE BTCUSDT] INFO [STATE] Restored from file | LONG entry=63591.7 SL=62955.783 TP1=63718.8834 TP2=63782.4751 qty=0.001 tp1_hit=False
2026-06-13 01:39:44 [LIVE BTCUSDT] INFO [LIVE] Stop-loss placed | stopPrice=62955.8 qty=0.001
2026-06-13 01:40:30 [LIVE BTCUSDT] INFO [STATE] Restored from file | LONG entry=63591.7 SL=62955.783 TP1=63718.8834 TP2=63782.4751 qty=0.001 tp1_hit=False
2026-06-13 01:40:34 [LIVE BTCUSDT] INFO [LIVE] Stop-loss placed | stopPrice=62955.8 qty=0.001
2026-06-13 01:42:08 [LIVE BTCUSDT] INFO [STATE] Restored from file | LONG entry=63591.7 SL=62955.783 TP1=63718.8834 TP2=63782.4751 qty=0.001 tp1_hit=False
2026-06-13 13:35:15 [LIVE BTCUSDT] INFO [LIVE] Market order placed | LONG BTCUSDT qty=0.002 entry≈63814.0
2026-06-13 13:35:15 [LIVE BTCUSDT] INFO [LIVE] Stop-loss placed | stopPrice=63179.2 qty=0.002
2026-06-13 13:35:16 [LIVE BTCUSDT] INFO Position opened | LONG | entry=63814.0 SL=63179.226 TP1=63945.0348 TP2=64008.8522 qty=0.002 | indicators: ema_fast=63768.5917 ema_slow=63757.9001 volume=348.45 volume_ma=137.22
2026-06-13 15:35:10 [LIVE BTCUSDT] INFO [LIVE] Partial close confirmed | TP1 price≈63978.1
2026-06-13 15:35:10 [LIVE BTCUSDT] INFO TP1 hit | price=63978.1 closed_qty=0.001400 remaining_qty=0.000600 pnl=0.2297 | SL moved to breakeven: 63179.226 → 63814.0 | entry_ema_fast=63768.5917 entry_ema_slow=63757.9001 entry_volume=348.45 entry_volume_ma=137.22
2026-06-13 15:50:06 [LIVE BTCUSDT] INFO [LIVE] Full close | TP2 qty=0.001 price≈64049.2
2026-06-13 15:50:06 [LIVE BTCUSDT] INFO TP2 hit | price=64049.2 qty=0.000600 pnl=0.1411 total_pnl=0.3709 | entry_ema_fast=63768.5917 entry_ema_slow=63757.9001 entry_volume=348.45 entry_volume_ma=137.22
2026-06-14 19:50:12 [LIVE BTCUSDT] INFO [LIVE] Market order placed | SHORT BTCUSDT qty=0.004 entry≈63971.1
2026-06-14 19:50:12 [LIVE BTCUSDT] INFO [LIVE] Stop-loss placed | stopPrice=64613.9 qty=0.004
2026-06-14 19:50:13 [LIVE BTCUSDT] INFO Position opened | SHORT | entry=63971.1 SL=64613.942 TP1=63846.2516 TP2=63782.2774 qty=0.004 | indicators: ema_fast=64071.3785 ema_slow=64083.4321 volume=550.92 volume_ma=254.37
2026-06-14 20:40:12 [LIVE BTCUSDT] WARNING [LIVE] Partial close already executed by exchange | TP1
2026-06-14 20:40:12 [LIVE BTCUSDT] WARNING SL hit (exchange stop) | reason=exchange_stop_at_TP1 price=63756.2 qty=0.004000 pnl=0.8596 total_pnl=0.8596 | entry_ema_fast=64071.3785 entry_ema_slow=64083.4321 entry_volume=550.92 entry_volume_ma=254.37
2026-06-16 13:25:14 [LIVE BTCUSDT] INFO [LIVE] Market order placed | LONG BTCUSDT qty=0.004 entry≈66661.1
2026-06-16 13:25:14 [LIVE BTCUSDT] INFO [LIVE] Stop-loss placed | stopPrice=66006.4 qty=0.004
2026-06-16 13:25:15 [LIVE BTCUSDT] INFO Position opened | LONG | entry=66661.1 SL=66006.369 TP1=66806.4462 TP2=66873.1193 qty=0.004 | indicators: ema_fast=66583.122 ema_slow=66551.3255 volume=1115.04 volume_ma=581.07
2026-06-16 14:38:06 [LIVE BTCUSDT] INFO [STATE] Restored from file | LONG entry=66661.1 SL=66006.369 TP1=66806.4462 TP2=66873.1193 qty=0.004 tp1_hit=False
2026-06-16 14:38:10 [LIVE BTCUSDT] INFO [LIVE] Stop-loss placed | stopPrice=66006.4 qty=0.004
2026-06-16 14:43:59 [LIVE BTCUSDT] INFO [STATE] Restored from file | LONG entry=66661.1 SL=66006.369 TP1=66806.4462 TP2=66873.1193 qty=0.004 tp1_hit=False
2026-06-16 14:44:03 [LIVE BTCUSDT] INFO [LIVE] Stop-loss placed | stopPrice=66006.4 qty=0.004
2026-06-16 14:54:56 [LIVE BTCUSDT] INFO [STATE] Restored from file | LONG entry=66661.1 SL=66006.369 TP1=66806.4462 TP2=66873.1193 qty=0.004 tp1_hit=False
2026-06-16 14:55:00 [LIVE BTCUSDT] INFO [LIVE] Stop-loss placed | stopPrice=66006.4 qty=0.004
2026-06-16 16:25:31 [LIVE BTCUSDT] INFO [STATE] Restored from file | LONG entry=66661.1 SL=66006.369 TP1=66806.4462 TP2=66873.1193 qty=0.004 tp1_hit=False
2026-06-17 03:25:17 [LIVE BTCUSDT] INFO [LIVE] Market order placed | SHORT BTCUSDT qty=0.004 entry≈65689.3
2026-06-17 03:25:17 [LIVE BTCUSDT] INFO [LIVE] Stop-loss placed | stopPrice=66344.8 qty=0.004
2026-06-17 03:25:18 [LIVE BTCUSDT] INFO Position opened | SHORT | entry=65689.3 SL=66344.779 TP1=65556.5242 TP2=65490.8363 qty=0.004 | indicators: ema_fast=65703.056 ema_slow=65703.8927 volume=219.24 volume_ma=153.47
2026-06-17 04:25:09 [LIVE BTCUSDT] WARNING [LIVE] Partial close already executed by exchange | TP1
2026-06-17 04:25:09 [LIVE BTCUSDT] WARNING SL hit (exchange stop) | reason=exchange_stop_at_TP1 price=65533.8 qty=0.004000 pnl=0.6220 total_pnl=0.6220 | entry_ema_fast=65703.056 entry_ema_slow=65703.8927 entry_volume=219.24 entry_volume_ma=153.47
2026-06-17 06:20:07 [LIVE BTCUSDT] INFO [LIVE] Market order placed | SHORT BTCUSDT qty=0.004 entry≈65722.3
2026-06-17 06:20:08 [LIVE BTCUSDT] INFO [LIVE] Stop-loss placed | stopPrice=66379.5 qty=0.004
2026-06-17 06:20:08 [LIVE BTCUSDT] INFO Position opened | SHORT | entry=65722.3 SL=66379.523 TP1=65590.8554 TP2=65525.1331 qty=0.004 | indicators: ema_fast=65783.5996 ema_slow=65801.9736 volume=555.15 volume_ma=294.22
2026-06-17 07:03:40 [LIVE BTCUSDT] INFO [STATE] Restored from file | SHORT entry=65722.3 SL=66379.523 TP1=65590.8554 TP2=65525.1331 qty=0.004 tp1_hit=False
2026-06-17 07:03:45 [LIVE BTCUSDT] INFO [LIVE] Stop-loss placed | stopPrice=66379.5 qty=0.004
2026-06-17 10:27:12 [LIVE BTCUSDT] INFO [STATE] Restored from file | SHORT entry=65722.3 SL=66379.523 TP1=65590.8554 TP2=65525.1331 qty=0.004 tp1_hit=False
2026-06-17 21:05:19 [LIVE BTCUSDT] INFO [LIVE] Market order placed | SHORT BTCUSDT qty=0.003 entry≈65117.9
2026-06-17 21:05:19 [LIVE BTCUSDT] INFO [LIVE] Stop-loss placed | stopPrice=65860.9 qty=0.003
2026-06-17 21:05:20 [LIVE BTCUSDT] INFO Position opened | SHORT | entry=65117.9 SL=65860.888 TP1=65078.3824 TP2=65013.1736 qty=0.003 | indicators: ema_fast=65721.8418 ema_slow=65769.954 volume=9345.95 volume_ma=1198.8
2026-06-17 21:45:12 [LIVE BTCUSDT] WARNING [LIVE] Full close already executed by exchange | SL
2026-06-17 21:45:12 [LIVE BTCUSDT] WARNING SL hit (exchange stop) | reason=exchange_stop_at_SL price=66006.1 qty=0.003000 pnl=-2.6646 total_pnl=-2.6646 | entry_ema_fast=65721.8418 entry_ema_slow=65769.954 entry_volume=9345.95 entry_volume_ma=1198.8
2026-06-18 12:30:16 [LIVE BTCUSDT] INFO [LIVE] Market order placed | SHORT BTCUSDT qty=0.003 entry≈64221.1
2026-06-18 12:30:16 [LIVE BTCUSDT] INFO [LIVE] Stop-loss placed | stopPrice=64864.1 qty=0.003
2026-06-18 12:30:17 [LIVE BTCUSDT] INFO Position opened | SHORT | entry=64221.1 SL=64864.119 TP1=64093.4562 TP2=64029.2343 qty=0.003 | indicators: ema_fast=64337.6745 ema_slow=64356.4744 volume=674.2 volume_ma=455.91
2026-06-18 13:10:11 [LIVE BTCUSDT] WARNING [LIVE] Partial close already executed by exchange | TP1
2026-06-18 13:10:11 [LIVE BTCUSDT] WARNING SL hit (exchange stop) | reason=exchange_stop_at_TP1 price=64022.0 qty=0.003000 pnl=0.5973 total_pnl=0.5973 | entry_ema_fast=64337.6745 entry_ema_slow=64356.4744 entry_volume=674.2 entry_volume_ma=455.91
2026-06-18 16:40:03 [LIVE BTCUSDT] INFO [LIVE] Market order placed | SHORT BTCUSDT qty=0.004 entry≈63997.3
2026-06-18 16:40:03 [LIVE BTCUSDT] INFO [LIVE] Stop-loss placed | stopPrice=64645.0 qty=0.004
2026-06-18 16:40:04 [LIVE BTCUSDT] INFO Position opened | SHORT | entry=63997.3 SL=64645.05 TP1=63876.99 TP2=63812.985 qty=0.004 | indicators: ema_fast=64167.6193 ema_slow=64173.848 volume=1440.95 volume_ma=558.14
2026-06-18 16:45:12 [LIVE BTCUSDT] INFO [LIVE] Partial close confirmed | TP1 price≈63850.0
2026-06-18 16:45:12 [LIVE BTCUSDT] INFO TP1 hit | price=63850.0 closed_qty=0.002800 remaining_qty=0.001200 pnl=0.4124 | SL moved to breakeven: 64645.05 → 63997.3 | entry_ema_fast=64167.6193 entry_ema_slow=64173.848 entry_volume=1440.95 entry_volume_ma=558.14
2026-06-18 16:45:14 [LIVE BTCUSDT] INFO [LIVE] Stop-loss placed | stopPrice=63997.3 qty=0.001
2026-06-18 16:45:14 [LIVE BTCUSDT] INFO [LIVE] SL moved to breakeven | stopPrice=63997.3
2026-06-18 16:50:11 [LIVE BTCUSDT] WARNING [LIVE] Full close already executed by exchange | SL
2026-06-18 16:50:11 [LIVE BTCUSDT] WARNING SL hit (exchange stop) | reason=exchange_stop_at_SL price=64078.0 qty=0.001200 pnl=-0.0968 total_pnl=0.3156 | entry_ema_fast=64167.6193 entry_ema_slow=64173.848 entry_volume=1440.95 entry_volume_ma=558.14
2026-06-19 04:35:05 [LIVE BTCUSDT] INFO [LIVE] Market order placed | SHORT BTCUSDT qty=0.004 entry≈62834.9
2026-06-19 04:35:05 [LIVE BTCUSDT] INFO [LIVE] Stop-loss placed | stopPrice=63462.0 qty=0.004
2026-06-19 04:35:06 [LIVE BTCUSDT] INFO Position opened | SHORT | entry=62834.9 SL=63462.037 TP1=62708.0326 TP2=62645.1989 qty=0.004 | indicators: ema_fast=62915.0069 ema_slow=62932.7504 volume=346.07 volume_ma=214.51
2026-06-19 06:20:14 [LIVE BTCUSDT] WARNING [LIVE] Partial close already executed by exchange | TP1
2026-06-19 06:20:14 [LIVE BTCUSDT] WARNING SL hit (exchange stop) | reason=exchange_stop_at_TP1 price=62496.9 qty=0.004000 pnl=1.3520 total_pnl=1.3520 | entry_ema_fast=62915.0069 entry_ema_slow=62932.7504 entry_volume=346.07 entry_volume_ma=214.51
2026-06-19 11:45:04 [LIVE BTCUSDT] INFO [LIVE] Market order placed | SHORT BTCUSDT qty=0.004 entry≈62619.1
2026-06-19 11:45:05 [LIVE BTCUSDT] INFO [LIVE] Stop-loss placed | stopPrice=63245.4 qty=0.004
2026-06-19 11:45:05 [LIVE BTCUSDT] INFO Position opened | SHORT | entry=62619.1 SL=63245.392 TP1=62493.9616 TP2=62431.3424 qty=0.004 | indicators: ema_fast=62651.6574 ema_slow=62657.6359 volume=638.81 volume_ma=398.65
2026-06-19 12:10:17 [LIVE BTCUSDT] WARNING [LIVE] Partial close already executed by exchange | TP1
2026-06-19 12:10:17 [LIVE BTCUSDT] WARNING SL hit (exchange stop) | reason=exchange_stop_at_TP1 price=62446.2 qty=0.004000 pnl=0.6916 total_pnl=0.6916 | entry_ema_fast=62651.6574 entry_ema_slow=62657.6359 entry_volume=638.81 entry_volume_ma=398.65
2026-06-20 17:50:14 [PAPER BTCUSDT] INFO [PAPER] Would open LONG BTCUSDT qty=0.047 entry=63930.2 SL=63290.898 TP1=64058.0604 TP2=64121.9906 balance=1000.00 USDT
2026-06-20 17:50:14 [PAPER BTCUSDT] INFO Position opened | LONG | entry=63930.2 SL=63290.898 TP1=64058.0604 TP2=64121.9906 qty=0.047 | indicators: ema_fast=63575.2322 ema_slow=63459.5097 volume=7098.34 volume_ma=902.87
2026-06-20 18:20:08 [PAPER BTCUSDT] INFO [PAPER] Would close partial | TP1 qty=0.0329 price=64203.4
2026-06-20 18:20:08 [PAPER BTCUSDT] INFO TP1 hit | price=64203.4 closed_qty=0.032900 remaining_qty=0.014100 pnl=8.9883 | SL moved to breakeven: 63290.898 → 63930.2 | entry_ema_fast=63575.2322 entry_ema_slow=63459.5097 entry_volume=7098.34 entry_volume_ma=902.87
2026-06-20 18:25:06 [PAPER BTCUSDT] INFO [PAPER] Would close full | TP2 qty=0.014100000000000001 price=64194.7
2026-06-20 18:25:06 [PAPER BTCUSDT] INFO TP2 hit | price=64194.7 qty=0.014100 pnl=3.7295 total_pnl=12.7177 | entry_ema_fast=63575.2322 entry_ema_slow=63459.5097 entry_volume=7098.34 entry_volume_ma=902.87
2026-06-21 12:40:09 [PAPER BTCUSDT] INFO [PAPER] Would open LONG BTCUSDT qty=0.047 entry=64204.1 SL=63562.059 TP1=64332.5082 TP2=64396.7123 balance=1000.00 USDT
2026-06-21 12:40:09 [PAPER BTCUSDT] INFO Position opened | LONG | entry=64204.1 SL=63562.059 TP1=64332.5082 TP2=64396.7123 qty=0.047 | indicators: ema_fast=64077.0991 ema_slow=64062.3562 volume=615.32 volume_ma=386.81
2026-06-21 13:50:04 [PAPER BTCUSDT] INFO [PAPER] Would close partial | TP1 qty=0.0329 price=64376.9
2026-06-21 13:50:04 [PAPER BTCUSDT] INFO TP1 hit | price=64376.9 closed_qty=0.032900 remaining_qty=0.014100 pnl=5.6851 | SL moved to breakeven: 63562.059 → 64204.1 | entry_ema_fast=64077.0991 entry_ema_slow=64062.3562 entry_volume=615.32 entry_volume_ma=386.81
2026-06-21 14:10:07 [PAPER BTCUSDT] INFO [PAPER] Would close full | TP2 qty=0.014100000000000001 price=64406.3
2026-06-21 14:10:07 [PAPER BTCUSDT] INFO TP2 hit | price=64406.3 qty=0.014100 pnl=2.8510 total_pnl=8.5361 | entry_ema_fast=64077.0991 entry_ema_slow=64062.3562 entry_volume=615.32 entry_volume_ma=386.81
2026-06-21 18:05:02 [PAPER BTCUSDT] INFO [PAPER] Would open LONG BTCUSDT qty=0.047 entry=64190.9 SL=63548.991 TP1=64319.2818 TP2=64383.4727 balance=1000.00 USDT
2026-06-21 18:05:02 [PAPER BTCUSDT] INFO Position opened | LONG | entry=64190.9 SL=63548.991 TP1=64319.2818 TP2=64383.4727 qty=0.047 | indicators: ema_fast=64106.3679 ema_slow=64075.0059 volume=577.13 volume_ma=195.35
2026-06-22 00:10:12 [PAPER BTCUSDT] INFO [PAPER] Would close full | SL qty=0.047 price=63530.4
2026-06-22 00:10:12 [PAPER BTCUSDT] WARNING SL hit | price=63530.4 qty=0.047000 pnl=-31.0435 total_pnl=-31.0435 | entry_ema_fast=64106.3679 entry_ema_slow=64075.0059 entry_volume=577.13 entry_volume_ma=195.35
2026-06-22 13:10:14 [PAPER BTCUSDT] INFO [PAPER] Would open LONG BTCUSDT qty=0.047 entry=64230.6 SL=63588.294 TP1=64359.0612 TP2=64423.2918 balance=1000.00 USDT
2026-06-22 13:10:14 [PAPER BTCUSDT] INFO Position opened | LONG | entry=64230.6 SL=63588.294 TP1=64359.0612 TP2=64423.2918 qty=0.047 | indicators: ema_fast=64162.4966 ema_slow=64143.4531 volume=264.23 volume_ma=186.2
2026-06-22 14:35:13 [PAPER BTCUSDT] INFO [PAPER] Would close partial | TP1 qty=0.0329 price=64574.4
2026-06-22 14:35:13 [PAPER BTCUSDT] INFO TP1 hit | price=64574.4 closed_qty=0.032900 remaining_qty=0.014100 pnl=11.3110 | SL moved to breakeven: 63588.294 → 64230.6 | entry_ema_fast=64162.4966 entry_ema_slow=64143.4531 entry_volume=264.23 entry_volume_ma=186.2
2026-06-22 14:40:10 [PAPER BTCUSDT] INFO [PAPER] Would close full | TP2 qty=0.014100000000000001 price=64617.3
2026-06-22 14:40:10 [PAPER BTCUSDT] INFO TP2 hit | price=64617.3 qty=0.014100 pnl=5.4525 total_pnl=16.7635 | entry_ema_fast=64162.4966 entry_ema_slow=64143.4531 entry_volume=264.23 entry_volume_ma=186.2
2026-06-22 23:05:08 [PAPER BTCUSDT] INFO [PAPER] Would open LONG BTCUSDT qty=0.046 entry=64603.5 SL=63957.465 TP1=64732.707 TP2=64797.3105 balance=1000.00 USDT
2026-06-22 23:05:08 [PAPER BTCUSDT] INFO Position opened | LONG | entry=64603.5 SL=63957.465 TP1=64732.707 TP2=64797.3105 qty=0.046 | indicators: ema_fast=64468.1999 ema_slow=64464.2523 volume=977.21 volume_ma=481.76
2026-06-23 01:40:14 [PAPER BTCUSDT] INFO [PAPER] Would close full | SL qty=0.046 price=63875.4
2026-06-23 01:40:14 [PAPER BTCUSDT] WARNING SL hit | price=63875.4 qty=0.046000 pnl=-33.4926 total_pnl=-33.4926 | entry_ema_fast=64468.1999 entry_ema_slow=64464.2523 entry_volume=977.21 entry_volume_ma=481.76
2026-06-23 04:50:09 [PAPER BTCUSDT] INFO [PAPER] Would open SHORT BTCUSDT qty=0.047 entry=63901.2 SL=64540.212 TP1=63773.3976 TP2=63709.4964 balance=1000.00 USDT
2026-06-23 04:50:09 [PAPER BTCUSDT] INFO Position opened | SHORT | entry=63901.2 SL=64540.212 TP1=63773.3976 TP2=63709.4964 qty=0.047 | indicators: ema_fast=64016.554 ema_slow=64052.4839 volume=533.01 volume_ma=378.51
2026-06-23 07:55:03 [PAPER BTCUSDT] INFO [PAPER] Would close partial | TP1 qty=0.0329 price=63671.4
2026-06-23 07:55:03 [PAPER BTCUSDT] INFO TP1 hit | price=63671.4 closed_qty=0.032900 remaining_qty=0.014100 pnl=7.5604 | SL moved to breakeven: 64540.212 → 63901.2 | entry_ema_fast=64016.554 entry_ema_slow=64052.4839 entry_volume=533.01 entry_volume_ma=378.51
2026-06-23 08:00:10 [PAPER BTCUSDT] INFO [PAPER] Would close full | TP2 qty=0.014100000000000001 price=63594.9
2026-06-23 08:00:10 [PAPER BTCUSDT] INFO TP2 hit | price=63594.9 qty=0.014100 pnl=4.3188 total_pnl=11.8792 | entry_ema_fast=64016.554 entry_ema_slow=64052.4839 entry_volume=533.01 entry_volume_ma=378.51
2026-06-24 07:05:07 [PAPER BTCUSDT] INFO [RECOVERY] claim: POST http://localhost:5000/api/recovery/claim symbol=BTCUSDT
2026-06-24 07:05:07 [PAPER BTCUSDT] INFO [RECOVERY] claim: response status=200 data={'chainId': None, 'debtAmount': 0, 'enabled': False}
2026-06-24 07:05:07 [PAPER BTCUSDT] INFO [PAPER] Would open SHORT BTCUSDT qty=0.048 entry=62625.2 SL=63251.452 TP1=62499.9496 TP2=62437.3244 balance=1000.00 USDT
2026-06-24 07:05:07 [PAPER BTCUSDT] INFO Position opened | SHORT | entry=62625.2 SL=63251.452 TP1=62499.9496 TP2=62437.3244 qty=0.048 | indicators: ema_fast=62686.1017 ema_slow=62702.9291 volume=638.12 volume_ma=406.13
2026-06-24 13:55:03 [PAPER BTCUSDT] INFO [PAPER] Would close partial | TP1 qty=0.0336 price=62451.3
2026-06-24 13:55:03 [PAPER BTCUSDT] INFO TP1 hit | price=62451.3 closed_qty=0.033600 remaining_qty=0.014400 pnl=5.8430 | SL moved to breakeven: 63251.452 → 62625.2 | entry_ema_fast=62686.1017 entry_ema_slow=62702.9291 entry_volume=638.12 entry_volume_ma=406.13
2026-06-24 14:00:10 [PAPER BTCUSDT] INFO [PAPER] Would close full | TP2 qty=0.014400000000000003 price=62416.8
2026-06-24 14:00:10 [PAPER BTCUSDT] INFO TP2 hit | price=62416.8 qty=0.014400 pnl=3.0010 total_pnl=8.8440 | entry_ema_fast=62686.1017 entry_ema_slow=62702.9291 entry_volume=638.12 entry_volume_ma=406.13
2026-06-25 03:40:08 [PAPER BTCUSDT] INFO [RECOVERY] claim: POST http://localhost:5000/api/recovery/claim symbol=BTCUSDT
2026-06-25 03:40:08 [PAPER BTCUSDT] INFO [RECOVERY] claim: response status=200 data={'chainId': None, 'debtAmount': 0, 'enabled': False}
2026-06-25 03:40:08 [PAPER BTCUSDT] INFO [PAPER] Would open SHORT BTCUSDT qty=0.049 entry=60854.8 SL=61463.348 TP1=60733.0904 TP2=60672.2356 balance=1000.00 USDT
2026-06-25 03:40:08 [PAPER BTCUSDT] INFO Position opened | SHORT | entry=60854.8 SL=61463.348 TP1=60733.0904 TP2=60672.2356 qty=0.049 | indicators: ema_fast=60921.2341 ema_slow=60927.8665 volume=643.32 volume_ma=294.91
