2026-06-11 11:05:09 [LIVE ETHUSDT] INFO [LIVE] Market order placed | LONG ETHUSDT qty=0.193 entry≈1655.2
2026-06-11 11:05:09 [LIVE ETHUSDT] INFO [LIVE] Stop-loss placed | stopPrice=1648.62
2026-06-11 11:05:10 [LIVE ETHUSDT] INFO Position opened | LONG | entry=1655.2 SL=1648.619 TP1=1658.5505 TP2=1660.2057 qty=0.193 | indicators: ema_fast=1653.8058 ema_slow=1653.726 volume=10071.24 volume_ma=9607.93
2026-06-11 11:25:13 [LIVE ETHUSDT] INFO [LIVE] Partial close confirmed | TP1 price≈1660.42
2026-06-11 11:25:13 [LIVE ETHUSDT] INFO TP1 hit | price=1660.42 closed_qty=0.135100 remaining_qty=0.057900 pnl=0.7052 | SL moved to breakeven: 1648.619 → 1655.2 | entry_ema_fast=1653.8058 entry_ema_slow=1653.726 entry_volume=10071.24 entry_volume_ma=9607.93
2026-06-11 13:55:11 [LIVE ETHUSDT] INFO [LIVE] Market order placed | LONG ETHUSDT qty=0.12 entry≈1659.61
2026-06-11 13:55:11 [LIVE ETHUSDT] INFO [LIVE] Stop-loss placed | stopPrice=1648.87
2026-06-11 13:55:12 [LIVE ETHUSDT] INFO Position opened | LONG | entry=1659.61 SL=1648.8722 TP1=1664.639 TP2=1697.8322 qty=0.12 | indicators: ema_fast=1657.2928 ema_slow=1657.2607 volume=12413.95 volume_ma=6439.92
2026-06-11 14:55:04 [LIVE ETHUSDT] INFO [LIVE] Partial close confirmed | TP1 price≈1668.37
2026-06-11 14:55:04 [LIVE ETHUSDT] INFO TP1 hit | price=1668.37 closed_qty=0.036000 remaining_qty=0.084000 pnl=0.3154 | SL moved to breakeven: 1648.8722 → 1659.61 | entry_ema_fast=1657.2928 entry_ema_slow=1657.2607 entry_volume=12413.95 entry_volume_ma=6439.92
2026-06-11 20:30:06 [LIVE ETHUSDT] INFO [LIVE] Market order placed | LONG ETHUSDT qty=0.04 entry≈1655.15
2026-06-11 20:30:06 [LIVE ETHUSDT] INFO [LIVE] Stop-loss placed | stopPrice=1642.75
2026-06-11 20:30:07 [LIVE ETHUSDT] INFO Position opened | LONG | entry=1655.15 SL=1642.7522 TP1=1658.4605 TP2=1691.5305 qty=0.04 | indicators: ema_fast=1640.6941 ema_slow=1640.6336 volume=88346.98 volume_ma=17891.27
2026-06-11 20:35:03 [LIVE ETHUSDT] INFO [LIVE] Partial close confirmed | TP1 price≈1671.39
2026-06-11 20:35:03 [LIVE ETHUSDT] INFO TP1 hit | price=1671.39 closed_qty=0.012000 remaining_qty=0.028000 pnl=0.1949 | SL moved to breakeven: 1642.7522 → 1655.15 | entry_ema_fast=1640.6941 entry_ema_slow=1640.6336 entry_volume=88346.98 entry_volume_ma=17891.27
2026-06-11 20:50:16 [LIVE ETHUSDT] WARNING [LIVE] Full close already executed by exchange | TP2
2026-06-11 20:50:16 [LIVE ETHUSDT] WARNING SL hit (exchange stop) | reason=exchange_stop_at_TP2 price=1691.71 qty=0.028000 pnl=1.0237 total_pnl=1.2186 | entry_ema_fast=1640.6941 entry_ema_slow=1640.6336 entry_volume=88346.98 entry_volume_ma=17891.27
2026-06-12 05:15:09 [LIVE ETHUSDT] INFO [LIVE] Market order placed | LONG ETHUSDT qty=0.041 entry≈1674.73
2026-06-12 05:15:09 [LIVE ETHUSDT] INFO [LIVE] Stop-loss placed | stopPrice=1663.7
2026-06-12 05:15:10 [LIVE ETHUSDT] INFO Position opened | LONG | entry=1674.73 SL=1663.6952 TP1=1679.6037 TP2=1713.0953 qty=0.041 | indicators: ema_fast=1669.0373 ema_slow=1668.5849 volume=23639.25 volume_ma=10297.61

2026-06-12 08:22:21 [LIVE ETHUSDT] INFO [STATE] Restored from file | LONG entry=1674.73 SL=1663.6952 TP1=1679.6037 TP2=1713.0953 qty=0.041 tp1_hit=False
2026-06-12 08:22:25 [LIVE ETHUSDT] INFO [LIVE] Stop-loss placed | stopPrice=1663.7 qty=0.041
2026-06-12 09:00:10 [LIVE ETHUSDT] WARNING [LIVE] Full close already executed by exchange | SL
2026-06-12 09:00:10 [LIVE ETHUSDT] WARNING SL hit (exchange stop) | reason=exchange_stop_at_SL price=1663.29 qty=0.041000 pnl=-0.4690 total_pnl=-0.4690 | entry_ema_fast=1669.0373 entry_ema_slow=1668.5849 entry_volume=23639.25 entry_volume_ma=10297.61
2026-06-13 08:05:11 [LIVE ETHUSDT] INFO [LIVE] Market order placed | SHORT ETHUSDT qty=0.082 entry≈1664.07
2026-06-13 08:05:11 [LIVE ETHUSDT] INFO [LIVE] Stop-loss placed | stopPrice=1675.09 qty=0.082
2026-06-13 08:05:12 [LIVE ETHUSDT] INFO Position opened | SHORT | entry=1664.07 SL=1675.0878 TP1=1659.2772 TP2=1625.9918 qty=0.082 | indicators: ema_fast=1665.2771 ema_slow=1665.3554 volume=5788.66 volume_ma=3328.07
2026-06-13 10:55:04 [LIVE ETHUSDT] WARNING [LIVE] Full close already executed by exchange | SL
2026-06-13 10:55:04 [LIVE ETHUSDT] WARNING SL hit (exchange stop) | reason=exchange_stop_at_SL price=1676.6 qty=0.082000 pnl=-1.0275 total_pnl=-1.0275 | entry_ema_fast=1665.2771 entry_ema_slow=1665.3554 entry_volume=5788.66 entry_volume_ma=3328.07
2026-06-15 11:35:07 [LIVE ETHUSDT] INFO [LIVE] Market order placed | LONG ETHUSDT qty=0.16 entry≈1720.48
2026-06-15 11:35:08 [LIVE ETHUSDT] INFO [LIVE] Stop-loss placed | stopPrice=1709.3 qty=0.16
2026-06-15 11:35:08 [LIVE ETHUSDT] INFO Position opened | LONG | entry=1720.48 SL=1709.2969 TP1=1725.6414 TP2=1760.051 qty=0.16 | indicators: ema_fast=1718.588 ema_slow=1718.5752 volume=11103.26 volume_ma=7875.61
2026-06-15 13:22:34 [LIVE ETHUSDT] INFO [STATE] Restored from file | LONG entry=1720.48 SL=1709.2969 TP1=1725.6414 TP2=1760.051 qty=0.16 tp1_hit=False
2026-06-15 13:22:38 [LIVE ETHUSDT] INFO [LIVE] Stop-loss placed | stopPrice=1709.3 qty=0.16
2026-06-15 16:58:16 [LIVE ETHUSDT] INFO [STATE] Restored from file | LONG entry=1720.48 SL=1709.2969 TP1=1725.6414 TP2=1760.051 qty=0.16 tp1_hit=False
2026-06-15 21:50:04 [LIVE ETHUSDT] INFO [LIVE] Market order placed | LONG ETHUSDT qty=0.231 entry≈1833.17
2026-06-15 21:50:05 [LIVE ETHUSDT] INFO [LIVE] Stop-loss placed | stopPrice=1821.5 qty=0.231
2026-06-15 21:50:05 [LIVE ETHUSDT] INFO Position opened | LONG | entry=1833.17 SL=1821.5028 TP1=1838.9203 TP2=1875.5887 qty=0.231 | indicators: ema_fast=1829.8705 ema_slow=1829.7914 volume=18168.66 volume_ma=12623.86
2026-06-15 22:20:05 [LIVE ETHUSDT] WARNING [LIVE] Full close already executed by exchange | SL
2026-06-15 22:20:05 [LIVE ETHUSDT] WARNING SL hit (exchange stop) | reason=exchange_stop_at_SL price=1812.34 qty=0.231000 pnl=-4.8117 total_pnl=-4.8117 | entry_ema_fast=1829.8705 entry_ema_slow=1829.7914 entry_volume=18168.66 entry_volume_ma=12623.86
2026-06-17 01:15:11 [LIVE ETHUSDT] INFO [LIVE] Market order placed | LONG ETHUSDT qty=0.116 entry≈1797.22
2026-06-17 01:15:11 [LIVE ETHUSDT] INFO [LIVE] Stop-loss placed | stopPrice=1773.64 qty=0.116
2026-06-17 01:15:12 [LIVE ETHUSDT] INFO Position opened | LONG | entry=1797.22 SL=1773.639 TP1=1808.6805 TP2=1837.4325 qty=0.116 | indicators: ema_fast=1794.8756 ema_slow=1794.7915 volume=7128.36 volume_ma=4889.95
2026-06-17 07:03:37 [LIVE ETHUSDT] INFO [STATE] Restored from file | LONG entry=1797.22 SL=1773.639 TP1=1808.6805 TP2=1837.4325 qty=0.116 tp1_hit=False
2026-06-17 07:03:42 [LIVE ETHUSDT] INFO [LIVE] Stop-loss placed | stopPrice=1773.64 qty=0.116
2026-06-17 10:27:09 [LIVE ETHUSDT] INFO [STATE] Restored from file | LONG entry=1797.22 SL=1773.639 TP1=1808.6805 TP2=1837.4325 qty=0.116 tp1_hit=False
2026-06-17 10:27:14 [LIVE ETHUSDT] INFO [LIVE] Stop-loss placed | stopPrice=1773.64 qty=0.116
2026-06-17 11:35:14 [LIVE ETHUSDT] WARNING [LIVE] Full close already executed by exchange | SL
2026-06-17 11:35:14 [LIVE ETHUSDT] WARNING SL hit (exchange stop) | reason=exchange_stop_at_SL price=1770.51 qty=0.116000 pnl=-3.0984 total_pnl=-3.0984 | entry_ema_fast=1794.8756 entry_ema_slow=1794.7915 entry_volume=7128.36 entry_volume_ma=4889.95
2026-06-17 21:10:09 [LIVE ETHUSDT] INFO [LIVE] Market order placed | SHORT ETHUSDT qty=0.106 entry≈1767.66
2026-06-17 21:10:09 [LIVE ETHUSDT] INFO [LIVE] Stop-loss placed | stopPrice=1789.13 qty=0.106
2026-06-17 21:10:10 [LIVE ETHUSDT] INFO Position opened | SHORT | entry=1767.66 SL=1789.1302 TP1=1754.6899 TP2=1726.4312 qty=0.106 | indicators: ema_fast=1773.5265 ema_slow=1773.9851 volume=165420.41 volume_ma=37597.43
2026-06-17 22:20:15 [LIVE ETHUSDT] INFO [LIVE] Partial close confirmed | TP1 price≈1752.61
2026-06-17 22:20:15 [LIVE ETHUSDT] INFO TP1 hit | price=1752.61 closed_qty=0.053000 remaining_qty=0.053000 pnl=0.7977 | SL moved to breakeven: 1789.1302 → 1767.66 | entry_ema_fast=1773.5265 entry_ema_slow=1773.9851 entry_volume=165420.41 entry_volume_ma=37597.43
2026-06-17 22:20:17 [LIVE ETHUSDT] INFO [LIVE] Stop-loss placed | stopPrice=1767.66 qty=0.053
2026-06-17 22:20:17 [LIVE ETHUSDT] INFO [LIVE] SL moved to breakeven | stopPrice=1767.66
2026-06-18 08:05:12 [LIVE ETHUSDT] WARNING [LIVE] Full close already executed by exchange | TP2
2026-06-18 08:05:12 [LIVE ETHUSDT] WARNING SL hit (exchange stop) | reason=exchange_stop_at_TP2 price=1724.07 qty=0.053000 pnl=2.3103 total_pnl=3.1079 | entry_ema_fast=1773.5265 entry_ema_slow=1773.9851 entry_volume=165420.41 entry_volume_ma=37597.43
2026-06-18 14:25:10 [LIVE ETHUSDT] INFO [LIVE] Market order placed | SHORT ETHUSDT qty=0.114 entry≈1741.36
2026-06-18 14:25:10 [LIVE ETHUSDT] INFO [LIVE] Stop-loss placed | stopPrice=1764.01 qty=0.114
2026-06-18 14:25:11 [LIVE ETHUSDT] INFO Position opened | SHORT | entry=1741.36 SL=1764.0078 TP1=1730.0511 TP2=1702.1892 qty=0.114 | indicators: ema_fast=1743.6119 ema_slow=1743.6889 volume=13834.95 volume_ma=10225.37
2026-06-18 18:20:10 [LIVE ETHUSDT] INFO [LIVE] Partial close confirmed | TP1 price≈1727.73
2026-06-18 18:20:10 [LIVE ETHUSDT] INFO TP1 hit | price=1727.73 closed_qty=0.057000 remaining_qty=0.057000 pnl=0.7769 | SL moved to breakeven: 1764.0078 → 1741.36 | entry_ema_fast=1743.6119 entry_ema_slow=1743.6889 entry_volume=13834.95 entry_volume_ma=10225.37
2026-06-18 18:20:12 [LIVE ETHUSDT] INFO [LIVE] Stop-loss placed | stopPrice=1741.36 qty=0.057
2026-06-18 18:20:12 [LIVE ETHUSDT] INFO [LIVE] SL moved to breakeven | stopPrice=1741.36
2026-06-18 18:45:07 [LIVE ETHUSDT] WARNING [LIVE] Full close already executed by exchange | TP2
2026-06-18 18:45:07 [LIVE ETHUSDT] WARNING SL hit (exchange stop) | reason=exchange_stop_at_TP2 price=1697.72 qty=0.057000 pnl=2.4875 total_pnl=3.2644 | entry_ema_fast=1743.6119 entry_ema_slow=1743.6889 entry_volume=13834.95 entry_volume_ma=10225.37
2026-06-19 15:20:06 [LIVE ETHUSDT] INFO [LIVE] Market order placed | SHORT ETHUSDT qty=0.12 entry≈1688.02
2026-06-19 15:20:06 [LIVE ETHUSDT] INFO [LIVE] Stop-loss placed | stopPrice=1710.35 qty=0.12
2026-06-19 15:20:07 [LIVE ETHUSDT] INFO Position opened | SHORT | entry=1688.02 SL=1710.3492 TP1=1677.4254 TP2=1650.411 qty=0.12 | indicators: ema_fast=1691.0247 ema_slow=1691.1399 volume=8908.14 volume_ma=4666.59
2026-06-19 18:06:30 [LIVE ETHUSDT] INFO [STATE] Restored from file | SHORT entry=1688.02 SL=1710.3492 TP1=1677.4254 TP2=1650.411 qty=0.12 tp1_hit=False
2026-06-20 17:50:13 [PAPER ETHUSDT] INFO [PAPER] Would open LONG ETHUSDT qty=1.329 entry=1735.88 SL=1713.3136 TP1=1747.1632 TP2=1774.9373 balance=1000.00 USDT
2026-06-20 17:50:13 [PAPER ETHUSDT] INFO Position opened | LONG | entry=1735.88 SL=1713.3136 TP1=1747.1632 TP2=1774.9373 qty=1.329 | indicators: ema_fast=1718.8484 ema_slow=1717.871 volume=207552.65 volume_ma=27439.19
2026-06-22 00:10:08 [PAPER ETHUSDT] INFO [PAPER] Would close full | SL qty=1.329 price=1704.59
2026-06-22 00:10:08 [PAPER ETHUSDT] WARNING SL hit | price=1704.59 qty=1.329000 pnl=-41.5844 total_pnl=-41.5844 | entry_ema_fast=1718.8484 entry_ema_slow=1717.871 entry_volume=207552.65 entry_volume_ma=27439.19
2026-06-22 10:05:11 [PAPER ETHUSDT] INFO [PAPER] Would open LONG ETHUSDT qty=1.326 entry=1740.98 SL=1718.3473 TP1=1752.2964 TP2=1780.152 balance=1000.00 USDT
2026-06-22 10:05:11 [PAPER ETHUSDT] INFO Position opened | LONG | entry=1740.98 SL=1718.3473 TP1=1752.2964 TP2=1780.152 qty=1.326 | indicators: ema_fast=1735.854 ema_slow=1735.7491 volume=15713.45 volume_ma=6774.02
2026-06-22 14:10:05 [PAPER ETHUSDT] INFO [PAPER] Would close partial | TP1 qty=0.663 price=1753.25
2026-06-22 14:10:05 [PAPER ETHUSDT] INFO TP1 hit | price=1753.25 closed_qty=0.663000 remaining_qty=0.663000 pnl=8.1350 | SL moved to breakeven: 1718.3473 → 1740.98 | entry_ema_fast=1735.854 entry_ema_slow=1735.7491 entry_volume=15713.45 entry_volume_ma=6774.02
2026-06-22 19:05:09 [PAPER ETHUSDT] INFO [PAPER] Would close full | SL qty=0.663 price=1738.02
2026-06-22 19:05:09 [PAPER ETHUSDT] WARNING SL hit | price=1738.02 qty=0.663000 pnl=-1.9625 total_pnl=6.1725 | entry_ema_fast=1735.854 entry_ema_slow=1735.7491 entry_volume=15713.45 entry_volume_ma=6774.02
2026-06-22 21:05:08 [PAPER ETHUSDT] INFO [PAPER] Would open LONG ETHUSDT qty=1.323 entry=1744.6 SL=1721.9202 TP1=1755.9399 TP2=1783.8535 balance=1000.00 USDT
2026-06-22 21:05:08 [PAPER ETHUSDT] INFO Position opened | LONG | entry=1744.6 SL=1721.9202 TP1=1755.9399 TP2=1783.8535 qty=1.323 | indicators: ema_fast=1739.0506 ema_slow=1738.8962 volume=21338.88 volume_ma=15486.15
2026-06-23 01:30:11 [PAPER ETHUSDT] INFO [PAPER] Would close full | SL qty=1.323 price=1721.33
2026-06-23 01:30:11 [PAPER ETHUSDT] WARNING SL hit | price=1721.33 qty=1.323000 pnl=-30.7862 total_pnl=-30.7862 | entry_ema_fast=1739.0506 entry_ema_slow=1738.8962 entry_volume=21338.88 entry_volume_ma=15486.15
2026-06-23 04:50:08 [PAPER ETHUSDT] INFO [PAPER] Would open SHORT ETHUSDT qty=1.34 entry=1722.32 SL=1744.7102 TP1=1711.1249 TP2=1683.5678 balance=1000.00 USDT
2026-06-23 04:50:09 [PAPER ETHUSDT] INFO Position opened | SHORT | entry=1722.32 SL=1744.7102 TP1=1711.1249 TP2=1683.5678 qty=1.34 | indicators: ema_fast=1728.1621 ema_slow=1728.3585 volume=16713.5 volume_ma=8475.9
2026-06-23 09:05:01 [PAPER ETHUSDT] INFO [PAPER] Would close partial | TP1 qty=0.67 price=1710.61
2026-06-23 09:05:01 [PAPER ETHUSDT] INFO TP1 hit | price=1710.61 closed_qty=0.670000 remaining_qty=0.670000 pnl=7.8457 | SL moved to breakeven: 1744.7102 → 1722.32 | entry_ema_fast=1728.1621 entry_ema_slow=1728.3585 entry_volume=16713.5 entry_volume_ma=8475.9
2026-06-23 11:00:07 [PAPER ETHUSDT] INFO [PAPER] Would close full | TP2 qty=0.67 price=1681.96
2026-06-23 11:00:07 [PAPER ETHUSDT] INFO TP2 hit | price=1681.96 qty=0.670000 pnl=27.0412 total_pnl=34.8869 | entry_ema_fast=1728.1621 entry_ema_slow=1728.3585 entry_volume=16713.5 entry_volume_ma=8475.9
2026-06-24 01:40:14 [PAPER ETHUSDT] INFO [RECOVERY] claim: POST http://localhost:5000/api/recovery/claim symbol=ETHUSDT
2026-06-24 01:40:14 [PAPER ETHUSDT] INFO [RECOVERY] claim: response status=200 data={'chainId': None, 'debtAmount': 0, 'enabled': False}
2026-06-24 01:40:14 [PAPER ETHUSDT] INFO [PAPER] Would open SHORT ETHUSDT qty=1.387 entry=1663.64 SL=1685.2673 TP1=1652.8263 TP2=1626.2081 balance=1000.00 USDT
2026-06-24 01:40:15 [PAPER ETHUSDT] INFO Position opened | SHORT | entry=1663.64 SL=1685.2673 TP1=1652.8263 TP2=1626.2081 qty=1.387 | indicators: ema_fast=1665.5779 ema_slow=1665.6939 volume=9324.8 volume_ma=5165.58
2026-06-24 16:25:03 [PAPER ETHUSDT] INFO [PAPER] Would close partial | TP1 qty=0.6935 price=1648.89
2026-06-24 16:25:03 [PAPER ETHUSDT] INFO TP1 hit | price=1648.89 closed_qty=0.693500 remaining_qty=0.693500 pnl=10.2291 | SL moved to breakeven: 1685.2673 → 1663.64 | entry_ema_fast=1665.5779 entry_ema_slow=1665.6939 entry_volume=9324.8 entry_volume_ma=5165.58
2026-06-24 18:50:02 [PAPER ETHUSDT] INFO [PAPER] Would close full | TP2 qty=0.6935 price=1618.84
2026-06-24 18:50:02 [PAPER ETHUSDT] INFO TP2 hit | price=1618.84 qty=0.693500 pnl=31.0688 total_pnl=41.2979 | entry_ema_fast=1665.5779 entry_ema_slow=1665.6939 entry_volume=9324.8 entry_volume_ma=5165.58
2026-06-25 03:50:03 [PAPER ETHUSDT] INFO [RECOVERY] claim: POST http://localhost:5000/api/recovery/claim symbol=ETHUSDT
2026-06-25 03:50:03 [PAPER ETHUSDT] INFO [RECOVERY] claim: response status=200 data={'chainId': None, 'debtAmount': 0, 'enabled': False}
2026-06-25 03:50:03 [PAPER ETHUSDT] INFO [PAPER] Would open SHORT ETHUSDT qty=1.425 entry=1619.01 SL=1640.0571 TP1=1608.4864 TP2=1582.5823 balance=1000.00 USDT
2026-06-25 03:50:03 [PAPER ETHUSDT] INFO Position opened | SHORT | entry=1619.01 SL=1640.0571 TP1=1608.4864 TP2=1582.5823 qty=1.425 | indicators: ema_fast=1619.9887 ema_slow=1620.0225 volume=17722.09 volume_ma=7172.87
