2026-06-16 10:54:54 [BACKTEST ONTUSDT] INFO Position opened | SHORT | entry=0.0707 SL=0.0715 TP1=0.0706 TP2=0.0705 qty=38575.2861 | indicators: ema_fast=0.071 ema_slow=0.071 volume=605015.0 volume_ma=135108.68
2026-06-16 10:54:54 [BACKTEST ONTUSDT] INFO TP1 hit | price=0.0706 closed_qty=11572.585830 remaining_qty=27002.700270 pnl=1.1573 | SL moved to breakeven: 0.0715 → 0.0707 | entry_ema_fast=0.071 entry_ema_slow=0.071 entry_volume=605015.0 entry_volume_ma=135108.68
2026-06-16 10:54:54 [BACKTEST ONTUSDT] WARNING SL hit | price=0.0708 qty=27002.700270 pnl=-2.7003 total_pnl=-1.5430 | entry_ema_fast=0.071 entry_ema_slow=0.071 entry_volume=605015.0 entry_volume_ma=135108.68
2026-06-16 10:54:55 [BACKTEST ONTUSDT] INFO Position opened | LONG | entry=0.0712 SL=0.0704 TP1=0.0713 TP2=0.0714 qty=38245.288121 | indicators: ema_fast=0.071 ema_slow=0.071 volume=982926.7 volume_ma=211675.58
2026-06-16 10:54:55 [BACKTEST ONTUSDT] INFO TP1 hit | price=0.0717 closed_qty=11473.586436 remaining_qty=26771.701685 pnl=5.7368 | SL moved to breakeven: 0.0704 → 0.0712 | entry_ema_fast=0.071 entry_ema_slow=0.071 entry_volume=982926.7 entry_volume_ma=211675.58
2026-06-16 10:54:55 [BACKTEST ONTUSDT] INFO TP2 hit | price=0.0717 qty=26771.701685 pnl=13.3859 total_pnl=19.1226 | entry_ema_fast=0.071 entry_ema_slow=0.071 entry_volume=982926.7 entry_volume_ma=211675.58
2026-06-16 10:54:55 [BACKTEST ONTUSDT] INFO Position opened | LONG | entry=0.0729 SL=0.0721 TP1=0.073 TP2=0.0731 qty=38068.822769 | indicators: ema_fast=0.0725 ema_slow=0.0724 volume=1374569.9 volume_ma=718426.21
2026-06-16 10:54:55 [BACKTEST ONTUSDT] WARNING SL hit | price=0.0721 qty=38068.822769 pnl=-30.4551 total_pnl=-30.4551 | entry_ema_fast=0.0725 entry_ema_slow=0.0724 entry_volume=1374569.9 entry_volume_ma=718426.21
2026-06-16 10:54:55 [BACKTEST ONTUSDT] INFO Position opened | LONG | entry=0.072 SL=0.0712 TP1=0.0721 TP2=0.0722 qty=37391.082364 | indicators: ema_fast=0.0719 ema_slow=0.0719 volume=260183.1 volume_ma=170202.26
2026-06-16 10:54:55 [BACKTEST ONTUSDT] INFO TP1 hit | price=0.0721 closed_qty=11217.324709 remaining_qty=26173.757655 pnl=1.1217 | SL moved to breakeven: 0.0712 → 0.072 | entry_ema_fast=0.0719 entry_ema_slow=0.0719 entry_volume=260183.1 entry_volume_ma=170202.26
2026-06-16 10:54:55 [BACKTEST ONTUSDT] WARNING SL hit | price=0.072 qty=26173.757655 pnl=0.0000 total_pnl=1.1217 | entry_ema_fast=0.0719 entry_ema_slow=0.0719 entry_volume=260183.1 entry_volume_ma=170202.26
2026-06-16 10:54:56 [BACKTEST ONTUSDT] INFO Position opened | SHORT | entry=0.0627 SL=0.0634 TP1=0.0626 TP2=0.0625 qty=42985.920264 | indicators: ema_fast=0.063 ema_slow=0.0631 volume=4087928.0 volume_ma=1171227.15
2026-06-16 10:54:56 [BACKTEST ONTUSDT] INFO TP1 hit | price=0.0624 closed_qty=12895.776079 remaining_qty=30090.144185 pnl=3.8687 | SL moved to breakeven: 0.0634 → 0.0627 | entry_ema_fast=0.063 entry_ema_slow=0.0631 entry_volume=4087928.0 entry_volume_ma=1171227.15
2026-06-16 10:54:56 [BACKTEST ONTUSDT] INFO TP2 hit | price=0.0625 qty=30090.144185 pnl=6.0180 total_pnl=9.8868 | entry_ema_fast=0.063 entry_ema_slow=0.0631 entry_volume=4087928.0 entry_volume_ma=1171227.15
2026-06-16 10:54:56 [BACKTEST ONTUSDT] INFO Position opened | SHORT | entry=0.0618 SL=0.0625 TP1=0.0617 TP2=0.0616 qty=44048.237799 | indicators: ema_fast=0.0625 ema_slow=0.0626 volume=5229077.4 volume_ma=1139249.47
2026-06-16 10:54:56 [BACKTEST ONTUSDT] INFO TP1 hit | price=0.0615 closed_qty=13214.471340 remaining_qty=30833.766459 pnl=3.9643 | SL moved to breakeven: 0.0625 → 0.0618 | entry_ema_fast=0.0625 entry_ema_slow=0.0626 entry_volume=5229077.4 entry_volume_ma=1139249.47
2026-06-16 10:54:56 [BACKTEST ONTUSDT] WARNING SL hit | price=0.0619 qty=30833.766459 pnl=-3.0834 total_pnl=0.8810 | entry_ema_fast=0.0625 entry_ema_slow=0.0626 entry_volume=5229077.4 entry_volume_ma=1139249.47
2026-06-16 10:54:56 [BACKTEST ONTUSDT] INFO Position opened | SHORT | entry=0.0619 SL=0.0626 TP1=0.0618 TP2=0.0617 qty=44015.8922 | indicators: ema_fast=0.062 ema_slow=0.062 volume=895333.6 volume_ma=593411.89
2026-06-16 10:54:56 [BACKTEST ONTUSDT] INFO TP1 hit | price=0.0618 closed_qty=13204.767660 remaining_qty=30811.124540 pnl=1.3205 | SL moved to breakeven: 0.0626 → 0.0619 | entry_ema_fast=0.062 entry_ema_slow=0.062 entry_volume=895333.6 entry_volume_ma=593411.89
2026-06-16 10:54:56 [BACKTEST ONTUSDT] WARNING SL hit | price=0.0619 qty=30811.124540 pnl=0.0000 total_pnl=1.3205 | entry_ema_fast=0.062 entry_ema_slow=0.062 entry_volume=895333.6 entry_volume_ma=593411.89
2026-06-16 10:54:57 [BACKTEST ONTUSDT] INFO Position opened | LONG | entry=0.0648 SL=0.0641 TP1=0.0649 TP2=0.065 qty=42101.620794 | indicators: ema_fast=0.0646 ema_slow=0.0646 volume=346944.4 volume_ma=78155.14
2026-06-16 10:54:57 [BACKTEST ONTUSDT] INFO TP1 hit | price=0.0649 closed_qty=12630.486238 remaining_qty=29471.134556 pnl=1.2630 | SL moved to breakeven: 0.0641 → 0.0648 | entry_ema_fast=0.0646 entry_ema_slow=0.0646 entry_volume=346944.4 entry_volume_ma=78155.14
2026-06-16 10:54:57 [BACKTEST ONTUSDT] WARNING SL hit | price=0.0648 qty=29471.134556 pnl=0.0000 total_pnl=1.2630 | entry_ema_fast=0.0646 entry_ema_slow=0.0646 entry_volume=346944.4 entry_volume_ma=78155.14
2026-06-16 10:54:57 [BACKTEST ONTUSDT] INFO Position opened | SHORT | entry=0.0642 SL=0.0649 TP1=0.0641 TP2=0.064 qty=42548.749307 | indicators: ema_fast=0.0644 ema_slow=0.0645 volume=241352.4 volume_ma=127140.17
2026-06-16 10:54:57 [BACKTEST ONTUSDT] WARNING SL hit | price=0.0649 qty=42548.749307 pnl=-29.7841 total_pnl=-29.7841 | entry_ema_fast=0.0644 entry_ema_slow=0.0645 entry_volume=241352.4 entry_volume_ma=127140.17
2026-06-16 10:54:57 [BACKTEST ONTUSDT] INFO Position opened | LONG | entry=0.0654 SL=0.0647 TP1=0.0655 TP2=0.0656 qty=40525.998089 | indicators: ema_fast=0.0647 ema_slow=0.0646 volume=2457064.9 volume_ma=463201.51
2026-06-16 10:54:57 [BACKTEST ONTUSDT] INFO TP1 hit | price=0.0657 closed_qty=12157.799427 remaining_qty=28368.198662 pnl=3.6473 | SL moved to breakeven: 0.0647 → 0.0654 | entry_ema_fast=0.0647 entry_ema_slow=0.0646 entry_volume=2457064.9 entry_volume_ma=463201.51
2026-06-16 10:54:57 [BACKTEST ONTUSDT] INFO TP2 hit | price=0.0657 qty=28368.198662 pnl=8.5105 total_pnl=12.1578 | entry_ema_fast=0.0647 entry_ema_slow=0.0646 entry_volume=2457064.9 entry_volume_ma=463201.51
2026-06-16 10:54:58 [BACKTEST ONTUSDT] INFO Position opened | SHORT | entry=0.0649 SL=0.0656 TP1=0.0648 TP2=0.0647 qty=41349.120336 | indicators: ema_fast=0.065 ema_slow=0.065 volume=326818.5 volume_ma=170286.26
2026-06-16 10:54:58 [BACKTEST ONTUSDT] INFO TP1 hit | price=0.0648 closed_qty=12404.736101 remaining_qty=28944.384235 pnl=1.2405 | SL moved to breakeven: 0.0656 → 0.0649 | entry_ema_fast=0.065 entry_ema_slow=0.065 entry_volume=326818.5 entry_volume_ma=170286.26
2026-06-16 10:54:58 [BACKTEST ONTUSDT] INFO TP2 hit | price=0.0646 qty=28944.384235 pnl=8.6833 total_pnl=9.9238 | entry_ema_fast=0.065 entry_ema_slow=0.065 entry_volume=326818.5 entry_volume_ma=170286.26
2026-06-16 10:54:59 [BACKTEST ONTUSDT] INFO Position opened | SHORT | entry=0.0591 SL=0.0598 TP1=0.059 TP2=0.0589 qty=45865.021803 | indicators: ema_fast=0.0593 ema_slow=0.0593 volume=131144.7 volume_ma=95731.85
2026-06-16 10:54:59 [BACKTEST ONTUSDT] INFO TP1 hit | price=0.0589 closed_qty=13759.506541 remaining_qty=32105.515262 pnl=2.7519 | SL moved to breakeven: 0.0598 → 0.0591 | entry_ema_fast=0.0593 entry_ema_slow=0.0593 entry_volume=131144.7 entry_volume_ma=95731.85
2026-06-16 10:54:59 [BACKTEST ONTUSDT] WARNING SL hit | price=0.0591 qty=32105.515262 pnl=0.0000 total_pnl=2.7519 | entry_ema_fast=0.0593 entry_ema_slow=0.0593 entry_volume=131144.7 entry_volume_ma=95731.85
2026-06-16 10:55:00 [BACKTEST ONTUSDT] INFO Position opened | SHORT | entry=0.0574 SL=0.058 TP1=0.0573 TP2=0.0572 qty=47354.145888 | indicators: ema_fast=0.0577 ema_slow=0.0577 volume=416566.8 volume_ma=184765.81
2026-06-16 10:55:00 [BACKTEST ONTUSDT] INFO TP1 hit | price=0.0573 closed_qty=14206.243766 remaining_qty=33147.902122 pnl=1.4206 | SL moved to breakeven: 0.058 → 0.0574 | entry_ema_fast=0.0577 entry_ema_slow=0.0577 entry_volume=416566.8 entry_volume_ma=184765.81
2026-06-16 10:55:00 [BACKTEST ONTUSDT] WARNING SL hit | price=0.0575 qty=33147.902122 pnl=-3.3148 total_pnl=-1.8942 | entry_ema_fast=0.0577 entry_ema_slow=0.0577 entry_volume=416566.8 entry_volume_ma=184765.81
2026-06-16 10:55:00 [BACKTEST ONTUSDT] INFO Position opened | SHORT | entry=0.0578 SL=0.0584 TP1=0.0577 TP2=0.0576 qty=46937.059985 | indicators: ema_fast=0.058 ema_slow=0.058 volume=314362.4 volume_ma=85110.53
2026-06-16 10:55:00 [BACKTEST ONTUSDT] INFO TP1 hit | price=0.0577 closed_qty=14081.117996 remaining_qty=32855.941989 pnl=1.4081 | SL moved to breakeven: 0.0584 → 0.0578 | entry_ema_fast=0.058 entry_ema_slow=0.058 entry_volume=314362.4 entry_volume_ma=85110.53
2026-06-16 10:55:00 [BACKTEST ONTUSDT] INFO TP2 hit | price=0.0575 qty=32855.941989 pnl=9.8568 total_pnl=11.2649 | entry_ema_fast=0.058 entry_ema_slow=0.058 entry_volume=314362.4 entry_volume_ma=85110.53
2026-06-16 10:55:00 [BACKTEST ONTUSDT] INFO Position opened | SHORT | entry=0.0576 SL=0.0582 TP1=0.0575 TP2=0.0574 qty=47633.411569 | indicators: ema_fast=0.0579 ema_slow=0.058 volume=186995.8 volume_ma=89512.24
2026-06-16 10:55:00 [BACKTEST ONTUSDT] INFO TP1 hit | price=0.0575 closed_qty=14290.023471 remaining_qty=33343.388098 pnl=1.4290 | SL moved to breakeven: 0.0582 → 0.0576 | entry_ema_fast=0.0579 entry_ema_slow=0.058 entry_volume=186995.8 entry_volume_ma=89512.24
2026-06-16 10:55:00 [BACKTEST ONTUSDT] WARNING SL hit | price=0.0576 qty=33343.388098 pnl=0.0000 total_pnl=1.4290 | entry_ema_fast=0.0579 entry_ema_slow=0.058 entry_volume=186995.8 entry_volume_ma=89512.24
2026-06-16 10:55:01 [BACKTEST ONTUSDT] INFO Position opened | LONG | entry=0.0576 SL=0.057 TP1=0.0577 TP2=0.0578 qty=47701.072665 | indicators: ema_fast=0.0572 ema_slow=0.0571 volume=371991.2 volume_ma=281208.93
2026-06-16 10:55:01 [BACKTEST ONTUSDT] INFO TP1 hit | price=0.0577 closed_qty=14310.321800 remaining_qty=33390.750865 pnl=1.4310 | SL moved to breakeven: 0.057 → 0.0576 | entry_ema_fast=0.0572 entry_ema_slow=0.0571 entry_volume=371991.2 entry_volume_ma=281208.93
2026-06-16 10:55:01 [BACKTEST ONTUSDT] INFO TP2 hit | price=0.0578 qty=33390.750865 pnl=6.6782 total_pnl=8.1092 | entry_ema_fast=0.0572 entry_ema_slow=0.0571 entry_volume=371991.2 entry_volume_ma=281208.93
2026-06-16 10:55:01 [BACKTEST ONTUSDT] INFO Position opened | SHORT | entry=0.0592 SL=0.0599 TP1=0.0591 TP2=0.059 qty=46785.434753 | indicators: ema_fast=0.0594 ema_slow=0.0594 volume=1199531.3 volume_ma=746763.4
2026-06-16 10:55:01 [BACKTEST ONTUSDT] INFO TP1 hit | price=0.0591 closed_qty=14035.630426 remaining_qty=32749.804327 pnl=1.4036 | SL moved to breakeven: 0.0599 → 0.0592 | entry_ema_fast=0.0594 entry_ema_slow=0.0594 entry_volume=1199531.3 entry_volume_ma=746763.4
2026-06-16 10:55:01 [BACKTEST ONTUSDT] INFO TP2 hit | price=0.059 qty=32749.804327 pnl=6.5500 total_pnl=7.9535 | entry_ema_fast=0.0594 entry_ema_slow=0.0594 entry_volume=1199531.3 entry_volume_ma=746763.4
2026-06-16 10:55:02 [BACKTEST ONTUSDT] INFO Position opened | SHORT | entry=0.0612 SL=0.0619 TP1=0.0611 TP2=0.061 qty=45610.934089 | indicators: ema_fast=0.0613 ema_slow=0.0614 volume=613646.5 volume_ma=455083.08
2026-06-16 10:55:02 [BACKTEST ONTUSDT] INFO TP1 hit | price=0.061 closed_qty=13683.280227 remaining_qty=31927.653862 pnl=2.7367 | SL moved to breakeven: 0.0619 → 0.0612 | entry_ema_fast=0.0613 entry_ema_slow=0.0614 entry_volume=613646.5 entry_volume_ma=455083.08
2026-06-16 10:55:02 [BACKTEST ONTUSDT] WARNING SL hit | price=0.0612 qty=31927.653862 pnl=0.0000 total_pnl=2.7367 | entry_ema_fast=0.0613 entry_ema_slow=0.0614 entry_volume=613646.5 entry_volume_ma=455083.08
2026-06-16 10:55:03 [BACKTEST ONTUSDT] INFO Position opened | LONG | entry=0.059 SL=0.0584 TP1=0.0591 TP2=0.0592 qty=47438.182604 | indicators: ema_fast=0.0588 ema_slow=0.0588 volume=677844.8 volume_ma=240665.47
2026-06-16 10:55:03 [BACKTEST ONTUSDT] WARNING SL hit | price=0.0584 qty=47438.182604 pnl=-28.4629 total_pnl=-28.4629 | entry_ema_fast=0.0588 entry_ema_slow=0.0588 entry_volume=677844.8 entry_volume_ma=240665.47
2026-06-16 10:55:03 [BACKTEST ONTUSDT] INFO Position opened | SHORT | entry=0.0582 SL=0.0588 TP1=0.0581 TP2=0.058 qty=46756.471763 | indicators: ema_fast=0.0583 ema_slow=0.0583 volume=173676.0 volume_ma=118348.79
2026-06-16 10:55:03 [BACKTEST ONTUSDT] INFO TP1 hit | price=0.0581 closed_qty=14026.941529 remaining_qty=32729.530234 pnl=1.4027 | SL moved to breakeven: 0.0588 → 0.0582 | entry_ema_fast=0.0583 entry_ema_slow=0.0583 entry_volume=173676.0 entry_volume_ma=118348.79
2026-06-16 10:55:03 [BACKTEST ONTUSDT] WARNING SL hit | price=0.0582 qty=32729.530234 pnl=0.0000 total_pnl=1.4027 | entry_ema_fast=0.0583 entry_ema_slow=0.0583 entry_volume=173676.0 entry_volume_ma=118348.79
2026-06-16 10:55:04 [BACKTEST ONTUSDT] INFO Position opened | SHORT | entry=0.0539 SL=0.0545 TP1=0.0538 TP2=0.0537 qty=50557.554474 | indicators: ema_fast=0.0542 ema_slow=0.0542 volume=1044120.4 volume_ma=362132.16
2026-06-16 10:55:04 [BACKTEST ONTUSDT] INFO TP1 hit | price=0.0535 closed_qty=15167.266342 remaining_qty=35390.288132 pnl=6.0669 | SL moved to breakeven: 0.0545 → 0.0539 | entry_ema_fast=0.0542 entry_ema_slow=0.0542 entry_volume=1044120.4 entry_volume_ma=362132.16
2026-06-16 10:55:04 [BACKTEST ONTUSDT] INFO TP2 hit | price=0.0535 qty=35390.288132 pnl=14.1561 total_pnl=20.2230 | entry_ema_fast=0.0542 entry_ema_slow=0.0542 entry_volume=1044120.4 entry_volume_ma=362132.16
2026-06-16 10:55:04 [BACKTEST ONTUSDT] INFO Position opened | SHORT | entry=0.0526 SL=0.0532 TP1=0.0525 TP2=0.0524 qty=52855.625132 | indicators: ema_fast=0.0528 ema_slow=0.0528 volume=412864.6 volume_ma=283884.56
2026-06-16 10:55:04 [BACKTEST ONTUSDT] INFO TP1 hit | price=0.0525 closed_qty=15856.687540 remaining_qty=36998.937592 pnl=1.5857 | SL moved to breakeven: 0.0532 → 0.0526 | entry_ema_fast=0.0528 entry_ema_slow=0.0528 entry_volume=412864.6 entry_volume_ma=283884.56
2026-06-16 10:55:04 [BACKTEST ONTUSDT] WARNING SL hit | price=0.0526 qty=36998.937592 pnl=0.0000 total_pnl=1.5857 | entry_ema_fast=0.0528 entry_ema_slow=0.0528 entry_volume=412864.6 entry_volume_ma=283884.56
2026-06-16 10:55:04 [BACKTEST ONTUSDT] INFO Position opened | LONG | entry=0.0543 SL=0.0537 TP1=0.0544 TP2=0.0545 qty=51280.486797 | indicators: ema_fast=0.0542 ema_slow=0.0542 volume=423075.1 volume_ma=230439.43
2026-06-16 10:55:04 [BACKTEST ONTUSDT] WARNING SL hit | price=0.0536 qty=51280.486797 pnl=-35.8963 total_pnl=-35.8963 | entry_ema_fast=0.0542 entry_ema_slow=0.0542 entry_volume=423075.1 entry_volume_ma=230439.43
2026-06-16 10:55:05 [BACKTEST ONTUSDT] INFO Position opened | SHORT | entry=0.0516 SL=0.0522 TP1=0.0515 TP2=0.0514 qty=52066.498487 | indicators: ema_fast=0.0517 ema_slow=0.0518 volume=290393.0 volume_ma=176766.15
2026-06-16 10:55:05 [BACKTEST ONTUSDT] INFO TP1 hit | price=0.0515 closed_qty=15619.949546 remaining_qty=36446.548941 pnl=1.5620 | SL moved to breakeven: 0.0522 → 0.0516 | entry_ema_fast=0.0517 entry_ema_slow=0.0518 entry_volume=290393.0 entry_volume_ma=176766.15
2026-06-16 10:55:05 [BACKTEST ONTUSDT] WARNING SL hit | price=0.0516 qty=36446.548941 pnl=0.0000 total_pnl=1.5620 | entry_ema_fast=0.0517 entry_ema_slow=0.0518 entry_volume=290393.0 entry_volume_ma=176766.15
2026-06-16 10:55:05 [BACKTEST ONTUSDT] INFO Position opened | SHORT | entry=0.0515 SL=0.0521 TP1=0.0514 TP2=0.0513 qty=52250.316663 | indicators: ema_fast=0.0517 ema_slow=0.0518 volume=254172.9 volume_ma=170381.12
2026-06-16 10:55:05 [BACKTEST ONTUSDT] WARNING SL hit | price=0.0521 qty=52250.316663 pnl=-31.3502 total_pnl=-31.3502 | entry_ema_fast=0.0517 entry_ema_slow=0.0518 entry_volume=254172.9 entry_volume_ma=170381.12
2026-06-16 10:55:05 [BACKTEST ONTUSDT] INFO Position opened | SHORT | entry=0.0515 SL=0.0521 TP1=0.0514 TP2=0.0513 qty=50590.112427 | indicators: ema_fast=0.0516 ema_slow=0.0516 volume=197575.2 volume_ma=140538.89
2026-06-16 10:55:05 [BACKTEST ONTUSDT] INFO TP1 hit | price=0.0514 closed_qty=15177.033728 remaining_qty=35413.078699 pnl=1.5177 | SL moved to breakeven: 0.0521 → 0.0515 | entry_ema_fast=0.0516 entry_ema_slow=0.0516 entry_volume=197575.2 entry_volume_ma=140538.89
2026-06-16 10:55:05 [BACKTEST ONTUSDT] WARNING SL hit | price=0.0515 qty=35413.078699 pnl=0.0000 total_pnl=1.5177 | entry_ema_fast=0.0516 entry_ema_slow=0.0516 entry_volume=197575.2 entry_volume_ma=140538.89
2026-06-16 10:55:05 [BACKTEST ONTUSDT] INFO Position opened | SHORT | entry=0.0515 SL=0.0521 TP1=0.0514 TP2=0.0513 qty=50670.485068 | indicators: ema_fast=0.0518 ema_slow=0.0518 volume=793432.1 volume_ma=224691.24
2026-06-16 10:55:05 [BACKTEST ONTUSDT] INFO TP1 hit | price=0.0513 closed_qty=15201.145520 remaining_qty=35469.339548 pnl=3.0402 | SL moved to breakeven: 0.0521 → 0.0515 | entry_ema_fast=0.0518 entry_ema_slow=0.0518 entry_volume=793432.1 entry_volume_ma=224691.24
2026-06-16 10:55:05 [BACKTEST ONTUSDT] WARNING SL hit | price=0.0515 qty=35469.339548 pnl=0.0000 total_pnl=3.0402 | entry_ema_fast=0.0518 entry_ema_slow=0.0518 entry_volume=793432.1 entry_volume_ma=224691.24
2026-06-16 10:55:05 [BACKTEST ONTUSDT] INFO Position opened | LONG | entry=0.052 SL=0.0514 TP1=0.0521 TP2=0.0522 qty=50342.721441 | indicators: ema_fast=0.0518 ema_slow=0.0518 volume=372894.3 volume_ma=232579.04
2026-06-16 10:55:05 [BACKTEST ONTUSDT] INFO TP1 hit | price=0.0521 closed_qty=15102.816432 remaining_qty=35239.905009 pnl=1.5103 | SL moved to breakeven: 0.0514 → 0.052 | entry_ema_fast=0.0518 entry_ema_slow=0.0518 entry_volume=372894.3 entry_volume_ma=232579.04
2026-06-16 10:55:05 [BACKTEST ONTUSDT] INFO TP2 hit | price=0.0522 qty=35239.905009 pnl=7.0480 total_pnl=8.5583 | entry_ema_fast=0.0518 entry_ema_slow=0.0518 entry_volume=372894.3 entry_volume_ma=232579.04
2026-06-16 10:55:05 [BACKTEST ONTUSDT] INFO Position opened | LONG | entry=0.0524 SL=0.0518 TP1=0.0525 TP2=0.0526 qty=50403.859374 | indicators: ema_fast=0.0524 ema_slow=0.0524 volume=469645.5 volume_ma=282530.17
2026-06-16 10:55:05 [BACKTEST ONTUSDT] INFO TP1 hit | price=0.0525 closed_qty=15121.157812 remaining_qty=35282.701562 pnl=1.5121 | SL moved to breakeven: 0.0518 → 0.0524 | entry_ema_fast=0.0524 entry_ema_slow=0.0524 entry_volume=469645.5 entry_volume_ma=282530.17
2026-06-16 10:55:05 [BACKTEST ONTUSDT] WARNING SL hit | price=0.0524 qty=35282.701562 pnl=0.0000 total_pnl=1.5121 | entry_ema_fast=0.0524 entry_ema_slow=0.0524 entry_volume=469645.5 entry_volume_ma=282530.17
2026-06-16 10:55:06 [BACKTEST ONTUSDT] INFO Position opened | LONG | entry=0.0527 SL=0.0521 TP1=0.0528 TP2=0.0529 qty=50195.183745 | indicators: ema_fast=0.0526 ema_slow=0.0526 volume=316939.8 volume_ma=134141.57
2026-06-16 10:55:06 [BACKTEST ONTUSDT] INFO TP1 hit | price=0.0536 closed_qty=15058.555124 remaining_qty=35136.628621 pnl=13.5527 | SL moved to breakeven: 0.0521 → 0.0527 | entry_ema_fast=0.0526 entry_ema_slow=0.0526 entry_volume=316939.8 entry_volume_ma=134141.57
2026-06-16 10:55:06 [BACKTEST ONTUSDT] INFO TP2 hit | price=0.0536 qty=35136.628621 pnl=31.6230 total_pnl=45.1757 | entry_ema_fast=0.0526 entry_ema_slow=0.0526 entry_volume=316939.8 entry_volume_ma=134141.57
2026-06-16 10:55:06 [BACKTEST ONTUSDT] INFO Position opened | SHORT | entry=0.0513 SL=0.0519 TP1=0.0512 TP2=0.0511 qty=53966.716247 | indicators: ema_fast=0.0515 ema_slow=0.0515 volume=677983.4 volume_ma=234936.05
2026-06-16 10:55:06 [BACKTEST ONTUSDT] INFO TP1 hit | price=0.0512 closed_qty=16190.014874 remaining_qty=37776.701373 pnl=1.6190 | SL moved to breakeven: 0.0519 → 0.0513 | entry_ema_fast=0.0515 entry_ema_slow=0.0515 entry_volume=677983.4 entry_volume_ma=234936.05
2026-06-16 10:55:06 [BACKTEST ONTUSDT] INFO TP2 hit | price=0.051 qty=37776.701373 pnl=11.3330 total_pnl=12.9520 | entry_ema_fast=0.0515 entry_ema_slow=0.0515 entry_volume=677983.4 entry_volume_ma=234936.05
2026-06-16 10:55:07 [BACKTEST ONTUSDT] INFO Position opened | SHORT | entry=0.0504 SL=0.051 TP1=0.0503 TP2=0.0502 qty=55631.274053 | indicators: ema_fast=0.0509 ema_slow=0.051 volume=1702470.2 volume_ma=280323.98
2026-06-16 10:55:07 [BACKTEST ONTUSDT] INFO TP1 hit | price=0.0498 closed_qty=16689.382216 remaining_qty=38941.891837 pnl=10.0136 | SL moved to breakeven: 0.051 → 0.0504 | entry_ema_fast=0.0509 entry_ema_slow=0.051 entry_volume=1702470.2 entry_volume_ma=280323.98
2026-06-16 10:55:07 [BACKTEST ONTUSDT] INFO TP2 hit | price=0.0501 qty=38941.891837 pnl=11.6826 total_pnl=21.6962 | entry_ema_fast=0.0509 entry_ema_slow=0.051 entry_volume=1702470.2 entry_volume_ma=280323.98
2026-06-16 10:55:07 [BACKTEST ONTUSDT] INFO Position opened | SHORT | entry=0.0501 SL=0.0507 TP1=0.05 TP2=0.0499 qty=57145.462242 | indicators: ema_fast=0.0503 ema_slow=0.0504 volume=507329.2 volume_ma=276191.71
2026-06-16 10:55:07 [BACKTEST ONTUSDT] INFO TP1 hit | price=0.05 closed_qty=17143.638673 remaining_qty=40001.823569 pnl=1.7144 | SL moved to breakeven: 0.0507 → 0.0501 | entry_ema_fast=0.0503 entry_ema_slow=0.0504 entry_volume=507329.2 entry_volume_ma=276191.71
2026-06-16 10:55:07 [BACKTEST ONTUSDT] INFO TP2 hit | price=0.0499 qty=40001.823569 pnl=8.0004 total_pnl=9.7147 | entry_ema_fast=0.0503 entry_ema_slow=0.0504 entry_volume=507329.2 entry_volume_ma=276191.71
2026-06-16 10:55:08 [BACKTEST ONTUSDT] INFO Position opened | SHORT | entry=0.0462 SL=0.0467 TP1=0.0461 TP2=0.0461 qty=62542.908498 | indicators: ema_fast=0.0469 ema_slow=0.0469 volume=1083490.1 volume_ma=488626.36
2026-06-16 10:55:08 [BACKTEST ONTUSDT] INFO TP1 hit | price=0.046 closed_qty=18762.872549 remaining_qty=43780.035949 pnl=3.7526 | SL moved to breakeven: 0.0467 → 0.0462 | entry_ema_fast=0.0469 entry_ema_slow=0.0469 entry_volume=1083490.1 entry_volume_ma=488626.36
2026-06-16 10:55:08 [BACKTEST ONTUSDT] INFO TP2 hit | price=0.0461 qty=43780.035949 pnl=4.3780 total_pnl=8.1306 | entry_ema_fast=0.0469 entry_ema_slow=0.0469 entry_volume=1083490.1 entry_volume_ma=488626.36
2026-06-16 10:55:08 [BACKTEST ONTUSDT] INFO Position opened | SHORT | entry=0.0468 SL=0.0473 TP1=0.0467 TP2=0.0467 qty=62214.886251 | indicators: ema_fast=0.0472 ema_slow=0.0472 volume=565640.6 volume_ma=344252.97
2026-06-16 10:55:08 [BACKTEST ONTUSDT] INFO TP1 hit | price=0.0466 closed_qty=18664.465875 remaining_qty=43550.420376 pnl=3.7329 | SL moved to breakeven: 0.0473 → 0.0468 | entry_ema_fast=0.0472 entry_ema_slow=0.0472 entry_volume=565640.6 entry_volume_ma=344252.97
2026-06-16 10:55:08 [BACKTEST ONTUSDT] INFO TP2 hit | price=0.0466 qty=43550.420376 pnl=8.7101 total_pnl=12.4430 | entry_ema_fast=0.0472 entry_ema_slow=0.0472 entry_volume=565640.6 entry_volume_ma=344252.97
2026-06-16 10:55:08 [BACKTEST ONTUSDT] INFO Position opened | SHORT | entry=0.0446 SL=0.0451 TP1=0.0445 TP2=0.0445 qty=66044.665225 | indicators: ema_fast=0.0452 ema_slow=0.0452 volume=1303696.9 volume_ma=454625.66
2026-06-16 10:55:08 [BACKTEST ONTUSDT] INFO TP1 hit | price=0.0443 closed_qty=19813.399568 remaining_qty=46231.265657 pnl=5.9440 | SL moved to breakeven: 0.0451 → 0.0446 | entry_ema_fast=0.0452 entry_ema_slow=0.0452 entry_volume=1303696.9 entry_volume_ma=454625.66
2026-06-16 10:55:08 [BACKTEST ONTUSDT] INFO TP2 hit | price=0.0443 qty=46231.265657 pnl=13.8694 total_pnl=19.8134 | entry_ema_fast=0.0452 entry_ema_slow=0.0452 entry_volume=1303696.9 entry_volume_ma=454625.66
2026-06-16 10:55:09 [BACKTEST ONTUSDT] INFO Position opened | LONG | entry=0.0468 SL=0.0463 TP1=0.0469 TP2=0.0469 qty=64094.62849 | indicators: ema_fast=0.0464 ema_slow=0.0464 volume=816080.5 volume_ma=223531.11
2026-06-16 10:55:09 [BACKTEST ONTUSDT] WARNING SL hit | price=0.0463 qty=64094.628490 pnl=-32.0473 total_pnl=-32.0473 | entry_ema_fast=0.0464 entry_ema_slow=0.0464 entry_volume=816080.5 entry_volume_ma=223531.11
2026-06-16 10:55:09 [BACKTEST ONTUSDT] INFO Position opened | LONG | entry=0.0475 SL=0.047 TP1=0.0476 TP2=0.0476 qty=61310.038888 | indicators: ema_fast=0.0463 ema_slow=0.0462 volume=3246283.9 volume_ma=317154.78
2026-06-16 10:55:09 [BACKTEST ONTUSDT] INFO TP1 hit | price=0.0477 closed_qty=18393.011666 remaining_qty=42917.027222 pnl=3.6786 | SL moved to breakeven: 0.047 → 0.0475 | entry_ema_fast=0.0463 entry_ema_slow=0.0462 entry_volume=3246283.9 entry_volume_ma=317154.78
2026-06-16 10:55:09 [BACKTEST ONTUSDT] WARNING SL hit | price=0.0475 qty=42917.027222 pnl=0.0000 total_pnl=3.6786 | entry_ema_fast=0.0463 entry_ema_slow=0.0462 entry_volume=3246283.9 entry_volume_ma=317154.78
2026-06-16 12:12:55 [BACKTEST ONTUSDT] INFO Position opened | SHORT | entry=0.0504 SL=0.0509 TP1=0.0502 TP2=0.0498 qty=56689.342404 | indicators: ema_fast=0.051 ema_slow=0.051 volume=1702470.2 volume_ma=280323.97
2026-06-16 12:12:55 [BACKTEST ONTUSDT] INFO TP1 hit | price=0.0498 closed_qty=39682.539683 remaining_qty=17006.802721 pnl=23.8095 | SL moved to breakeven: 0.0509 → 0.0504 | entry_ema_fast=0.051 entry_ema_slow=0.051 entry_volume=1702470.2 entry_volume_ma=280323.97
2026-06-16 12:12:55 [BACKTEST ONTUSDT] INFO TP2 hit | price=0.0497 qty=17006.802721 pnl=11.9048 total_pnl=35.7143 | entry_ema_fast=0.051 entry_ema_slow=0.051 entry_volume=1702470.2 entry_volume_ma=280323.97
2026-06-16 12:12:55 [BACKTEST ONTUSDT] INFO Position opened | SHORT | entry=0.0494 SL=0.0499 TP1=0.0492 TP2=0.0489 qty=59902.503512 | indicators: ema_fast=0.0499 ema_slow=0.0499 volume=742540.6 volume_ma=247227.92
2026-06-16 12:12:55 [BACKTEST ONTUSDT] INFO TP1 hit | price=0.0491 closed_qty=41931.752458 remaining_qty=17970.751054 pnl=12.5795 | SL moved to breakeven: 0.0499 → 0.0494 | entry_ema_fast=0.0499 entry_ema_slow=0.0499 entry_volume=742540.6 entry_volume_ma=247227.92
2026-06-16 12:12:55 [BACKTEST ONTUSDT] INFO TP2 hit | price=0.0488 qty=17970.751054 pnl=10.7825 total_pnl=23.3620 | entry_ema_fast=0.0499 entry_ema_slow=0.0499 entry_volume=742540.6 entry_volume_ma=247227.92
2026-06-16 12:12:56 [BACKTEST ONTUSDT] INFO Position opened | LONG | entry=0.0498 SL=0.0493 TP1=0.05 TP2=0.0503 qty=60761.690309 | indicators: ema_fast=0.0497 ema_slow=0.0497 volume=512049.9 volume_ma=252543.67
2026-06-16 12:12:56 [BACKTEST ONTUSDT] INFO TP1 hit | price=0.0501 closed_qty=42533.183216 remaining_qty=18228.507093 pnl=12.7600 | SL moved to breakeven: 0.0493 → 0.0498 | entry_ema_fast=0.0497 entry_ema_slow=0.0497 entry_volume=512049.9 entry_volume_ma=252543.67
2026-06-16 12:12:56 [BACKTEST ONTUSDT] WARNING SL hit | price=0.0498 qty=18228.507093 pnl=0.0000 total_pnl=12.7600 | entry_ema_fast=0.0497 entry_ema_slow=0.0497 entry_volume=512049.9 entry_volume_ma=252543.67
2026-06-16 12:12:56 [BACKTEST ONTUSDT] INFO Position opened | SHORT | entry=0.0463 SL=0.0468 TP1=0.0461 TP2=0.0458 qty=66142.315153 | indicators: ema_fast=0.0469 ema_slow=0.0469 volume=1528453.1 volume_ma=535380.32
2026-06-16 12:12:56 [BACKTEST ONTUSDT] INFO TP1 hit | price=0.046 closed_qty=46299.620607 remaining_qty=19842.694546 pnl=13.8899 | SL moved to breakeven: 0.0468 → 0.0463 | entry_ema_fast=0.0469 entry_ema_slow=0.0469 entry_volume=1528453.1 entry_volume_ma=535380.32
2026-06-16 12:12:56 [BACKTEST ONTUSDT] WARNING SL hit | price=0.0463 qty=19842.694546 pnl=0.0000 total_pnl=13.8899 | entry_ema_fast=0.0469 entry_ema_slow=0.0469 entry_volume=1528453.1 entry_volume_ma=535380.32
2026-06-16 12:12:56 [BACKTEST ONTUSDT] INFO Position opened | SHORT | entry=0.0446 SL=0.0451 TP1=0.0444 TP2=0.0441 qty=69553.241719 | indicators: ema_fast=0.0453 ema_slow=0.0453 volume=1303696.9 volume_ma=454625.65
2026-06-16 12:12:56 [BACKTEST ONTUSDT] INFO TP1 hit | price=0.0443 closed_qty=48687.269203 remaining_qty=20865.972516 pnl=14.6062 | SL moved to breakeven: 0.0451 → 0.0446 | entry_ema_fast=0.0453 entry_ema_slow=0.0453 entry_volume=1303696.9 entry_volume_ma=454625.65
2026-06-16 12:12:56 [BACKTEST ONTUSDT] WARNING SL hit | price=0.0446 qty=20865.972516 pnl=0.0000 total_pnl=14.6062 | entry_ema_fast=0.0453 entry_ema_slow=0.0453 entry_volume=1303696.9 entry_volume_ma=454625.65
2026-06-16 12:12:56 [BACKTEST ONTUSDT] INFO Position opened | LONG | entry=0.0466 SL=0.0461 TP1=0.0468 TP2=0.0471 qty=67463.65935 | indicators: ema_fast=0.0464 ema_slow=0.0464 volume=275236.2 volume_ma=140311.74
2026-06-16 12:12:56 [BACKTEST ONTUSDT] INFO TP1 hit | price=0.0468 closed_qty=47224.561545 remaining_qty=20239.097805 pnl=9.4449 | SL moved to breakeven: 0.0461 → 0.0466 | entry_ema_fast=0.0464 entry_ema_slow=0.0464 entry_volume=275236.2 entry_volume_ma=140311.74
2026-06-16 12:12:56 [BACKTEST ONTUSDT] INFO TP2 hit | price=0.0472 qty=20239.097805 pnl=12.1435 total_pnl=21.5884 | entry_ema_fast=0.0464 entry_ema_slow=0.0464 entry_volume=275236.2 entry_volume_ma=140311.74
2026-06-16 12:12:57 [BACKTEST ONTUSDT] INFO Position opened | LONG | entry=0.0475 SL=0.047 TP1=0.0477 TP2=0.048 qty=67483.949172 | indicators: ema_fast=0.0462 ema_slow=0.0462 volume=3246283.9 volume_ma=317154.78
2026-06-16 12:12:57 [BACKTEST ONTUSDT] INFO TP1 hit | price=0.0477 closed_qty=47238.764420 remaining_qty=20245.184752 pnl=9.4478 | SL moved to breakeven: 0.047 → 0.0475 | entry_ema_fast=0.0462 entry_ema_slow=0.0462 entry_volume=3246283.9 entry_volume_ma=317154.78
2026-06-16 12:12:57 [BACKTEST ONTUSDT] WARNING SL hit | price=0.0475 qty=20245.184752 pnl=0.0000 total_pnl=9.4478 | entry_ema_fast=0.0462 entry_ema_slow=0.0462 entry_volume=3246283.9 entry_volume_ma=317154.78
2026-06-16 12:12:57 [BACKTEST ONTUSDT] INFO Position opened | LONG | entry=0.0469 SL=0.0464 TP1=0.0471 TP2=0.0474 qty=68922.839346 | indicators: ema_fast=0.0469 ema_slow=0.0469 volume=612676.5 volume_ma=212103.27
2026-06-16 12:12:57 [BACKTEST ONTUSDT] INFO TP1 hit | price=0.04711 closed_qty=48245.987542 remaining_qty=20676.851804 pnl=10.1317 | SL moved to breakeven: 0.0464 → 0.0469 | entry_ema_fast=0.0469 entry_ema_slow=0.0469 entry_volume=612676.5 entry_volume_ma=212103.27
2026-06-16 12:12:57 [BACKTEST ONTUSDT] WARNING SL hit | price=0.04687 qty=20676.851804 pnl=-0.6203 total_pnl=9.5114 | entry_ema_fast=0.0469 entry_ema_slow=0.0469 entry_volume=612676.5 entry_volume_ma=212103.27
2026-06-16 12:12:57 [BACKTEST ONTUSDT] INFO Position opened | LONG | entry=0.04717 SL=0.0467 TP1=0.0474 TP2=0.0477 qty=69104.440455 | indicators: ema_fast=0.0469 ema_slow=0.0469 volume=1331304.3 volume_ma=463138.12
2026-06-16 12:12:57 [BACKTEST ONTUSDT] INFO TP1 hit | price=0.0475 closed_qty=48373.108319 remaining_qty=20731.332136 pnl=15.9631 | SL moved to breakeven: 0.0467 → 0.04717 | entry_ema_fast=0.0469 entry_ema_slow=0.0469 entry_volume=1331304.3 entry_volume_ma=463138.12
2026-06-16 12:12:57 [BACKTEST ONTUSDT] INFO TP2 hit | price=0.0477 qty=20731.332136 pnl=10.9876 total_pnl=26.9507 | entry_ema_fast=0.0469 entry_ema_slow=0.0469 entry_volume=1331304.3 entry_volume_ma=463138.12
2026-06-16 12:12:57 [BACKTEST ONTUSDT] INFO Position opened | SHORT | entry=0.04707 SL=0.0476 TP1=0.0469 TP2=0.0466 qty=70887.158425 | indicators: ema_fast=0.0473 ema_slow=0.0473 volume=500449.5 volume_ma=184501.8
2026-06-16 12:12:57 [BACKTEST ONTUSDT] INFO TP1 hit | price=0.04683 closed_qty=49621.010898 remaining_qty=21266.147527 pnl=11.9090 | SL moved to breakeven: 0.0476 → 0.04707 | entry_ema_fast=0.0473 entry_ema_slow=0.0473 entry_volume=500449.5 entry_volume_ma=184501.8
2026-06-16 12:12:57 [BACKTEST ONTUSDT] INFO TP2 hit | price=0.04649 qty=21266.147527 pnl=12.3344 total_pnl=24.2434 | entry_ema_fast=0.0473 entry_ema_slow=0.0473 entry_volume=500449.5 entry_volume_ma=184501.8
2026-06-16 12:12:58 [BACKTEST ONTUSDT] INFO Position opened | LONG | entry=0.04753 SL=0.047 TP1=0.0477 TP2=0.0481 qty=71658.435253 | indicators: ema_fast=0.0473 ema_slow=0.0473 volume=927420.8 volume_ma=199893.17
2026-06-16 12:12:58 [BACKTEST ONTUSDT] INFO TP1 hit | price=0.04796 closed_qty=50160.904677 remaining_qty=21497.530576 pnl=21.5692 | SL moved to breakeven: 0.047 → 0.04753 | entry_ema_fast=0.0473 entry_ema_slow=0.0473 entry_volume=927420.8 entry_volume_ma=199893.17
2026-06-16 12:12:58 [BACKTEST ONTUSDT] INFO TP2 hit | price=0.04861 qty=21497.530576 pnl=23.2173 total_pnl=44.7865 | entry_ema_fast=0.0473 entry_ema_slow=0.0473 entry_volume=927420.8 entry_volume_ma=199893.17
2026-06-16 12:12:58 [BACKTEST ONTUSDT] INFO Position opened | SHORT | entry=0.04746 SL=0.048 TP1=0.0473 TP2=0.0469 qty=74460.322779 | indicators: ema_fast=0.0477 ema_slow=0.0477 volume=305291.1 volume_ma=145670.59
2026-06-16 12:12:58 [BACKTEST ONTUSDT] INFO TP1 hit | price=0.0473 closed_qty=52122.225945 remaining_qty=22338.096834 pnl=8.3396 | SL moved to breakeven: 0.048 → 0.04746 | entry_ema_fast=0.0477 entry_ema_slow=0.0477 entry_volume=305291.1 entry_volume_ma=145670.59
2026-06-16 12:12:58 [BACKTEST ONTUSDT] WARNING SL hit | price=0.04751 qty=22338.096834 pnl=-1.1169 total_pnl=7.2227 | entry_ema_fast=0.0477 entry_ema_slow=0.0477 entry_volume=305291.1 entry_volume_ma=145670.59
2026-06-16 12:12:58 [BACKTEST ONTUSDT] INFO Position opened | LONG | entry=0.04859 SL=0.0481 TP1=0.0488 TP2=0.0491 qty=73153.386823 | indicators: ema_fast=0.0484 ema_slow=0.0484 volume=391936.5 volume_ma=138731.33
2026-06-16 12:12:58 [BACKTEST ONTUSDT] WARNING SL hit | price=0.0481 qty=73153.386823 pnl=-35.8452 total_pnl=-35.8452 | entry_ema_fast=0.0484 entry_ema_slow=0.0484 entry_volume=391936.5 entry_volume_ma=138731.33
2026-06-18 11:05:07 [LIVE ONTUSDT] INFO [LIVE] Market order placed | SHORT ONTUSDT qty=1744.3 entry≈0.04665
2026-06-18 11:05:07 [LIVE ONTUSDT] INFO [LIVE] Stop-loss placed | stopPrice=0.0471 qty=1744.3
2026-06-18 11:05:08 [LIVE ONTUSDT] INFO Position opened | SHORT | entry=0.04665 SL=0.0471 TP1=0.0465 TP2=0.0461 qty=1744.3 | indicators: ema_fast=0.0468 ema_slow=0.0468 volume=396239.3 volume_ma=135963.43
2026-06-18 12:30:10 [LIVE ONTUSDT] INFO [LIVE] Partial close confirmed | TP1 price≈0.04649
2026-06-18 12:30:10 [LIVE ONTUSDT] INFO TP1 hit | price=0.04649 closed_qty=1221.010000 remaining_qty=523.290000 pnl=0.1954 | SL moved to breakeven: 0.0471 → 0.04665 | entry_ema_fast=0.0468 entry_ema_slow=0.0468 entry_volume=396239.3 entry_volume_ma=135963.43
2026-06-18 12:30:11 [LIVE ONTUSDT] INFO [LIVE] Stop-loss placed | stopPrice=0.04665 qty=523.2
2026-06-18 12:30:11 [LIVE ONTUSDT] INFO [LIVE] SL moved to breakeven | stopPrice=0.04665
2026-06-18 14:25:07 [LIVE ONTUSDT] WARNING [LIVE] Full close already executed by exchange | TP2
2026-06-18 14:25:07 [LIVE ONTUSDT] WARNING SL hit (exchange stop) | reason=exchange_stop_at_TP2 price=0.04605 qty=523.290000 pnl=0.3140 total_pnl=0.5093 | entry_ema_fast=0.0468 entry_ema_slow=0.0468 entry_volume=396239.3 entry_volume_ma=135963.43
2026-06-19 06:20:06 [LIVE ONTUSDT] INFO [LIVE] Market order placed | SHORT ONTUSDT qty=1850.2 entry≈0.04512
2026-06-19 06:20:07 [LIVE ONTUSDT] INFO [LIVE] Stop-loss placed | stopPrice=0.0456 qty=1850.2
2026-06-19 06:20:07 [LIVE ONTUSDT] INFO Position opened | SHORT | entry=0.04512 SL=0.0456 TP1=0.0449 TP2=0.0446 qty=1850.2 | indicators: ema_fast=0.0454 ema_slow=0.0455 volume=1441195.5 volume_ma=171177.02
2026-06-19 07:55:16 [LIVE ONTUSDT] INFO [LIVE] Partial close confirmed | TP1 price≈0.04485
2026-06-19 07:55:16 [LIVE ONTUSDT] INFO TP1 hit | price=0.04485 closed_qty=1295.140000 remaining_qty=555.060000 pnl=0.3497 | SL moved to breakeven: 0.0456 → 0.04512 | entry_ema_fast=0.0454 entry_ema_slow=0.0455 entry_volume=1441195.5 entry_volume_ma=171177.02
2026-06-19 07:55:18 [LIVE ONTUSDT] INFO [LIVE] Stop-loss placed | stopPrice=0.04512 qty=555.0
2026-06-19 07:55:18 [LIVE ONTUSDT] INFO [LIVE] SL moved to breakeven | stopPrice=0.04512
2026-06-19 08:44:55 [LIVE ONTUSDT] INFO [STATE] Restored from file | SHORT entry=0.04512 SL=0.04512 TP1=0.0449 TP2=0.0446 qty=555.06 tp1_hit=True
2026-06-19 08:44:59 [LIVE ONTUSDT] INFO [LIVE] Stop-loss placed | stopPrice=0.04512 qty=555.0
2026-06-19 09:20:09 [LIVE ONTUSDT] WARNING [LIVE] Full close already executed by exchange | SL
2026-06-19 09:20:09 [LIVE ONTUSDT] WARNING SL hit (exchange stop) | reason=exchange_stop_at_SL price=0.04518 qty=555.060000 pnl=-0.0333 total_pnl=0.3164 | entry_ema_fast=0.0454 entry_ema_slow=0.0455 entry_volume=1441195.5 entry_volume_ma=171177.02
2026-06-19 09:20:12 [LIVE ONTUSDT] WARNING [LIVE] Full close already executed by exchange | SL
2026-06-19 09:20:12 [LIVE ONTUSDT] WARNING SL hit (exchange stop) | reason=exchange_stop_at_SL price=0.04518 qty=555.060000 pnl=-0.0333 total_pnl=0.3164 | entry_ema_fast=0.0454 entry_ema_slow=0.0455 entry_volume=1441195.5 entry_volume_ma=171177.02
2026-06-20 15:15:16 [LIVE ONTUSDT] INFO [LIVE] Market order placed | LONG ONTUSDT qty=1705.9 entry≈0.04586
2026-06-20 15:15:17 [LIVE ONTUSDT] INFO [LIVE] Stop-loss placed | stopPrice=0.0454 qty=1705.9
2026-06-20 15:15:17 [LIVE ONTUSDT] INFO Position opened | LONG | entry=0.04586 SL=0.0454 TP1=0.046 TP2=0.0464 qty=1705.9 | indicators: ema_fast=0.0457 ema_slow=0.0457 volume=198090.5 volume_ma=100520.12
2026-06-20 17:05:07 [LIVE ONTUSDT] WARNING [LIVE] Full close already executed by exchange | SL
2026-06-20 17:05:07 [LIVE ONTUSDT] WARNING SL hit (exchange stop) | reason=exchange_stop_at_SL price=0.04537 qty=1705.900000 pnl=-0.8359 total_pnl=-0.8359 | entry_ema_fast=0.0457 entry_ema_slow=0.0457 entry_volume=198090.5 entry_volume_ma=100520.12
2026-06-20 21:05:13 [LIVE ONTUSDT] INFO [LIVE] Market order placed | LONG ONTUSDT qty=1703.1 entry≈0.0458724
2026-06-20 21:05:14 [LIVE ONTUSDT] INFO [LIVE] Stop-loss placed | stopPrice=0.0454 qty=1703.0
2026-06-20 21:05:14 [LIVE ONTUSDT] INFO Position opened | LONG | entry=0.0458724 SL=0.0454 TP1=0.046 TP2=0.0464 qty=1703.1 | indicators: ema_fast=0.0458 ema_slow=0.0458 volume=213503.0 volume_ma=93128.99
2026-06-20 21:05:16 [PAPER ONTUSDT] INFO [PAPER] Would open LONG ONTUSDT qty=20767.138 entry=0.04586 SL=0.0454 TP1=0.046 TP2=0.0464 balance=1000.00 USDT
2026-06-20 21:05:16 [PAPER ONTUSDT] INFO Position opened | LONG | entry=0.04586 SL=0.0454 TP1=0.046 TP2=0.0464 qty=20767.138 | indicators: ema_fast=0.0458 ema_slow=0.0458 volume=213503.0 volume_ma=93128.99
2026-06-21 00:45:13 [LIVE ONTUSDT] INFO [LIVE] Partial close confirmed | TP1 price≈0.04601
2026-06-21 00:45:13 [LIVE ONTUSDT] INFO TP1 hit | price=0.04601 closed_qty=1192.170000 remaining_qty=510.930000 pnl=0.1640 | SL moved to breakeven: 0.0454 → 0.0458724 | entry_ema_fast=0.0458 entry_ema_slow=0.0458 entry_volume=213503.0 entry_volume_ma=93128.99
2026-06-21 00:45:15 [LIVE ONTUSDT] INFO [LIVE] Stop-loss placed | stopPrice=0.04587 qty=510.9
2026-06-21 00:45:15 [LIVE ONTUSDT] INFO [LIVE] SL moved to breakeven | stopPrice=0.0458724
2026-06-21 00:45:16 [PAPER ONTUSDT] INFO [PAPER] Would close partial | TP1 qty=14536.9966 price=0.04601
2026-06-21 00:45:16 [PAPER ONTUSDT] INFO TP1 hit | price=0.04601 closed_qty=14536.996600 remaining_qty=6230.141400 pnl=2.1805 | SL moved to breakeven: 0.0454 → 0.04586 | entry_ema_fast=0.0458 entry_ema_slow=0.0458 entry_volume=213503.0 entry_volume_ma=93128.99
2026-06-21 18:10:10 [PAPER ONTUSDT] INFO [PAPER] Would close full | TP2 qty=6230.141399999999 price=0.0464
2026-06-21 18:10:10 [PAPER ONTUSDT] INFO TP2 hit | price=0.0464 qty=6230.141400 pnl=3.3643 total_pnl=5.5448 | entry_ema_fast=0.0458 entry_ema_slow=0.0458 entry_volume=213503.0 entry_volume_ma=93128.99
2026-06-21 18:10:11 [LIVE ONTUSDT] WARNING [LIVE] Full close already executed by exchange | TP2
2026-06-21 18:10:11 [LIVE ONTUSDT] WARNING SL hit (exchange stop) | reason=exchange_stop_at_TP2 price=0.0464 qty=510.930000 pnl=0.2696 total_pnl=0.4336 | entry_ema_fast=0.0458 entry_ema_slow=0.0458 entry_volume=213503.0 entry_volume_ma=93128.99
