2026-06-09 06:35:10 [PAPER] INFO [PAPER] Would open SHORT SOLUSDT qty=16.927 entry=65.64 SL=66.2308 TP1=65.5087 TP2=64.0646 balance=1000.00 USDT
2026-06-09 06:35:10 [PAPER] INFO Position opened | SHORT | entry=65.64 SL=66.2308 TP1=65.5087 TP2=64.0646 qty=16.927 | indicators: ema_fast=65.8122 ema_slow=65.8214 volume=59004.13 volume_ma=45814.52
2026-06-09 07:35:08 [PAPER] INFO [PAPER] Would close full | SL qty=16.927 price=66.74
2026-06-09 07:35:08 [PAPER] WARNING SL hit | price=66.74 qty=16.927000 pnl=-18.6197 total_pnl=-18.6197 | entry_ema_fast=65.8122 entry_ema_slow=65.8214 entry_volume=59004.13 entry_volume_ma=45814.52
2026-06-09 15:50:11 [PAPER] INFO [PAPER] Would open SHORT SOLUSDT qty=16.832 entry=66.01 SL=66.6041 TP1=65.878 TP2=64.4258 balance=1000.00 USDT
2026-06-09 15:50:11 [PAPER] INFO Position opened | SHORT | entry=66.01 SL=66.6041 TP1=65.878 TP2=64.4258 qty=16.832 | indicators: ema_fast=66.1466 ema_slow=66.1566 volume=90213.08 volume_ma=68022.55
2026-06-09 16:20:12 [PAPER] INFO [PAPER] Would close partial | TP1 qty=8.416 price=65.81
2026-06-09 16:20:12 [PAPER] INFO TP1 hit | price=65.81 closed_qty=8.416000 remaining_qty=8.416000 pnl=1.6832 | SL moved to breakeven: 66.6041 → 66.01 | entry_ema_fast=66.1466 entry_ema_slow=66.1566 entry_volume=90213.08 entry_volume_ma=68022.55
2026-06-09 16:50:02 [PAPER] INFO [PAPER] Would close full | SL qty=8.416 price=66.01
2026-06-09 16:50:02 [PAPER] WARNING SL hit | price=66.01 qty=8.416000 pnl=0.0000 total_pnl=1.6832 | entry_ema_fast=66.1466 entry_ema_slow=66.1566 entry_volume=90213.08 entry_volume_ma=68022.55
2026-06-10 00:30:11 [PAPER] INFO [PAPER] Would open SHORT SOLUSDT qty=17.068 entry=65.1 SL=65.6859 TP1=64.9698 TP2=63.5376 balance=1000.00 USDT
2026-06-10 00:30:11 [PAPER] INFO Position opened | SHORT | entry=65.1 SL=65.6859 TP1=64.9698 TP2=63.5376 qty=17.068 | indicators: ema_fast=65.356 ema_slow=65.3726 volume=62979.57 volume_ma=50812.28
2026-06-10 00:50:10 [PAPER] INFO [PAPER] Would close partial | TP1 qty=8.534 price=64.96
2026-06-10 00:50:10 [PAPER] INFO TP1 hit | price=64.96 closed_qty=8.534000 remaining_qty=8.534000 pnl=1.1948 | SL moved to breakeven: 65.6859 → 65.1 | entry_ema_fast=65.356 entry_ema_slow=65.3726 entry_volume=62979.57 entry_volume_ma=50812.28
2026-06-10 01:20:14 [PAPER] INFO [PAPER] Would close full | SL qty=8.534 price=65.21
2026-06-10 01:20:14 [PAPER] WARNING SL hit | price=65.21 qty=8.534000 pnl=-0.9387 total_pnl=0.2560 | entry_ema_fast=65.356 entry_ema_slow=65.3726 entry_volume=62979.57 entry_volume_ma=50812.28
2026-06-11 12:35:04 [PAPER SOLUSDT] INFO [PAPER] Would open LONG SOLUSDT qty=16.984 entry=65.42 SL=64.8312 TP1=65.5508 TP2=66.9901 balance=1000.00 USDT
2026-06-11 12:35:04 [PAPER SOLUSDT] INFO Position opened | LONG | entry=65.42 SL=64.8312 TP1=65.5508 TP2=66.9901 qty=16.984 | indicators: ema_fast=65.2036 ema_slow=65.1919 volume=124924.78 volume_ma=85119.21
2026-06-11 13:55:11 [PAPER SOLUSDT] INFO [PAPER] Would close partial | TP1 qty=8.492 price=65.56
2026-06-11 13:55:11 [PAPER SOLUSDT] INFO TP1 hit | price=65.56 closed_qty=8.492000 remaining_qty=8.492000 pnl=1.1889 | SL moved to breakeven: 64.8312 → 65.42 | entry_ema_fast=65.2036 entry_ema_slow=65.1919 entry_volume=124924.78 entry_volume_ma=85119.21
2026-06-11 15:25:05 [PAPER SOLUSDT] INFO [PAPER] Would close full | SL qty=8.492 price=65.06
2026-06-11 15:25:05 [PAPER SOLUSDT] WARNING SL hit | price=65.06 qty=8.492000 pnl=-3.0571 total_pnl=-1.8682 | entry_ema_fast=65.2036 entry_ema_slow=65.1919 entry_volume=124924.78 entry_volume_ma=85119.21
2026-06-11 16:50:11 [PAPER SOLUSDT] INFO [PAPER] Would open LONG SOLUSDT qty=16.958 entry=65.52 SL=64.9303 TP1=65.651 TP2=67.0925 balance=1000.00 USDT
2026-06-11 16:50:11 [PAPER SOLUSDT] INFO Position opened | LONG | entry=65.52 SL=64.9303 TP1=65.651 TP2=67.0925 qty=16.958 | indicators: ema_fast=65.3093 ema_slow=65.3052 volume=231082.52 volume_ma=129933.29
2026-06-11 18:25:03 [PAPER SOLUSDT] INFO [PAPER] Would close partial | TP1 qty=8.479 price=65.69
2026-06-11 18:25:03 [PAPER SOLUSDT] INFO TP1 hit | price=65.69 closed_qty=8.479000 remaining_qty=8.479000 pnl=1.4414 | SL moved to breakeven: 64.9303 → 65.52 | entry_ema_fast=65.3093 entry_ema_slow=65.3052 entry_volume=231082.52 entry_volume_ma=129933.29
2026-06-11 18:45:13 [PAPER SOLUSDT] INFO [PAPER] Would close full | SL qty=8.479 price=65.48
2026-06-11 18:45:13 [PAPER SOLUSDT] WARNING SL hit | price=65.48 qty=8.479000 pnl=-0.3392 total_pnl=1.1023 | entry_ema_fast=65.3093 entry_ema_slow=65.3052 entry_volume=231082.52 entry_volume_ma=129933.29
2026-06-11 20:35:10 [PAPER SOLUSDT] INFO [PAPER] Would open LONG SOLUSDT qty=16.696 entry=66.55 SL=65.951 TP1=66.6831 TP2=68.1472 balance=1000.00 USDT
2026-06-11 20:35:10 [PAPER SOLUSDT] INFO Position opened | LONG | entry=66.55 SL=65.951 TP1=66.6831 TP2=68.1472 qty=16.696 | indicators: ema_fast=65.592 ema_slow=65.5207 volume=919751.21 volume_ma=129388.53
2026-06-11 20:50:09 [PAPER SOLUSDT] INFO [PAPER] Would close partial | TP1 qty=8.348 price=67.13
2026-06-11 20:50:09 [PAPER SOLUSDT] INFO TP1 hit | price=67.13 closed_qty=8.348000 remaining_qty=8.348000 pnl=4.8418 | SL moved to breakeven: 65.951 → 66.55 | entry_ema_fast=65.592 entry_ema_slow=65.5207 entry_volume=919751.21 entry_volume_ma=129388.53
2026-06-11 23:30:13 [PAPER SOLUSDT] INFO [PAPER] Would close full | SL qty=8.348 price=66.5
2026-06-11 23:30:13 [PAPER SOLUSDT] WARNING SL hit | price=66.5 qty=8.348000 pnl=-0.4174 total_pnl=4.4244 | entry_ema_fast=65.592 entry_ema_slow=65.5207 entry_volume=919751.21 entry_volume_ma=129388.53
2026-06-12 02:45:09 [PAPER SOLUSDT] INFO [PAPER] Would open LONG SOLUSDT qty=16.586 entry=66.99 SL=66.3871 TP1=67.124 TP2=68.5978 balance=1000.00 USDT
2026-06-12 02:45:09 [PAPER SOLUSDT] INFO Position opened | LONG | entry=66.99 SL=66.3871 TP1=67.124 TP2=68.5978 qty=16.586 | indicators: ema_fast=66.8483 ema_slow=66.8472 volume=94602.13 volume_ma=40601.81
2026-06-12 05:40:12 [PAPER SOLUSDT] INFO [PAPER] Would close partial | TP1 qty=8.293 price=67.16
2026-06-12 05:40:12 [PAPER SOLUSDT] INFO TP1 hit | price=67.16 closed_qty=8.293000 remaining_qty=8.293000 pnl=1.4098 | SL moved to breakeven: 66.3871 → 66.99 | entry_ema_fast=66.8483 entry_ema_slow=66.8472 entry_volume=94602.13 entry_volume_ma=40601.81
2026-06-12 06:15:05 [PAPER SOLUSDT] INFO [PAPER] Would close full | SL qty=8.293 price=66.93
2026-06-12 06:15:05 [PAPER SOLUSDT] WARNING SL hit | price=66.93 qty=8.293000 pnl=-0.4976 total_pnl=0.9122 | entry_ema_fast=66.8483 entry_ema_slow=66.8472 entry_volume=94602.13 entry_volume_ma=40601.81
2026-06-12 07:20:09 [PAPER SOLUSDT] INFO [PAPER] Would open LONG SOLUSDT qty=16.581 entry=67.01 SL=66.4069 TP1=67.144 TP2=68.6182 balance=1000.00 USDT
2026-06-12 07:20:09 [PAPER SOLUSDT] INFO Position opened | LONG | entry=67.01 SL=66.4069 TP1=67.144 TP2=68.6182 qty=16.581 | indicators: ema_fast=66.9242 ema_slow=66.9215 volume=56677.79 volume_ma=40621.61
2026-06-12 09:21:19 [LIVE SOLUSDT] INFO [STATE] Restored from file | LONG entry=67.01 SL=66.4069 TP1=67.144 TP2=68.6182 qty=16.581 tp1_hit=False

2026-06-13 02:50:09 [LIVE SOLUSDT] INFO [LIVE] Market order placed | LONG SOLUSDT qty=1.48 entry≈66.66
2026-06-13 02:50:10 [LIVE SOLUSDT] INFO [LIVE] Stop-loss placed | stopPrice=66.06 qty=1.48
2026-06-13 02:50:10 [LIVE SOLUSDT] INFO Position opened | LONG | entry=66.66 SL=66.0601 TP1=66.7933 TP2=68.2598 qty=1.48 | indicators: ema_fast=66.5845 ema_slow=66.5839 volume=33292.14 volume_ma=26659.54
2026-06-13 03:15:13 [LIVE SOLUSDT] INFO [LIVE] Partial close confirmed | TP1 price≈66.87
2026-06-13 03:15:14 [LIVE SOLUSDT] INFO TP1 hit | price=66.87 closed_qty=0.740000 remaining_qty=0.740000 pnl=0.1554 | SL moved to breakeven: 66.0601 → 66.66 | entry_ema_fast=66.5845 entry_ema_slow=66.5839 entry_volume=33292.14 entry_volume_ma=26659.54
2026-06-13 03:15:14 [LIVE SOLUSDT] INFO [LIVE] Stop-loss placed | stopPrice=66.66 qty=0.74
2026-06-13 03:15:14 [LIVE SOLUSDT] INFO [LIVE] SL moved to breakeven | stopPrice=66.66
2026-06-13 07:52:27 [LIVE SOLUSDT] INFO [STATE] Restored from file | LONG entry=66.66 SL=66.66 TP1=66.7933 TP2=68.2598 qty=0.74 tp1_hit=True
2026-06-13 09:35:12 [LIVE SOLUSDT] INFO [LIVE] Market order placed | LONG SOLUSDT qty=1.47 entry≈66.91
2026-06-13 09:35:13 [LIVE SOLUSDT] INFO [LIVE] Stop-loss placed | stopPrice=66.3 qty=1.47
2026-06-13 09:35:13 [LIVE SOLUSDT] INFO Position opened | LONG | entry=66.91 SL=66.2979 TP1=67.0338 TP2=68.5056 qty=1.47 | indicators: ema_fast=66.758 ema_slow=66.7506 volume=44875.03 volume_ma=39483.45
2026-06-13 09:55:12 [LIVE SOLUSDT] INFO [LIVE] Partial close confirmed | TP1 price≈67.17
2026-06-13 09:55:12 [LIVE SOLUSDT] INFO TP1 hit | price=67.17 closed_qty=0.735000 remaining_qty=0.735000 pnl=0.1911 | SL moved to breakeven: 66.2979 → 66.91 | entry_ema_fast=66.758 entry_ema_slow=66.7506 entry_volume=44875.03 entry_volume_ma=39483.45
2026-06-13 09:55:13 [LIVE SOLUSDT] INFO [LIVE] Stop-loss placed | stopPrice=66.91 qty=0.73
2026-06-13 09:55:13 [LIVE SOLUSDT] INFO [LIVE] SL moved to breakeven | stopPrice=66.91
2026-06-13 16:39:56 [LIVE SOLUSDT] INFO [STATE] Restored from file | LONG entry=66.91 SL=66.91 TP1=67.0338 TP2=68.5056 qty=0.735 tp1_hit=True
2026-06-13 16:40:00 [LIVE SOLUSDT] INFO [LIVE] Stop-loss placed | stopPrice=66.91 qty=0.73
2026-06-13 16:40:30 [LIVE SOLUSDT] INFO [STATE] Restored from file | LONG entry=66.91 SL=66.91 TP1=67.0338 TP2=68.5056 qty=0.735 tp1_hit=True
2026-06-13 16:40:34 [LIVE SOLUSDT] INFO [LIVE] Stop-loss placed | stopPrice=66.91 qty=0.73
2026-06-13 17:02:47 [LIVE SOLUSDT] INFO [STATE] Restored from file | LONG entry=66.91 SL=66.91 TP1=67.0338 TP2=68.5056 qty=0.735 tp1_hit=True
2026-06-13 22:45:07 [LIVE SOLUSDT] INFO [LIVE] Market order placed | LONG SOLUSDT qty=3.23 entry≈68.32
2026-06-13 22:45:07 [LIVE SOLUSDT] INFO [LIVE] Stop-loss placed | stopPrice=67.67 qty=3.23
2026-06-13 22:45:08 [LIVE SOLUSDT] INFO Position opened | LONG | entry=68.32 SL=67.6655 TP1=68.4166 TP2=69.9187 qty=3.23 | indicators: ema_fast=68.1138 ema_slow=68.1065 volume=35279.27 volume_ma=27779.67
2026-06-14 00:45:11 [LIVE SOLUSDT] INFO [LIVE] Partial close confirmed | TP1 price≈69.23
2026-06-14 00:45:11 [LIVE SOLUSDT] INFO TP1 hit | price=69.23 closed_qty=1.615000 remaining_qty=1.615000 pnl=1.4697 | SL moved to breakeven: 67.6655 → 68.32 | entry_ema_fast=68.1138 entry_ema_slow=68.1065 entry_volume=35279.27 entry_volume_ma=27779.67
2026-06-14 00:45:12 [LIVE SOLUSDT] INFO [LIVE] Stop-loss placed | stopPrice=68.32 qty=1.61
2026-06-14 00:45:12 [LIVE SOLUSDT] INFO [LIVE] SL moved to breakeven | stopPrice=68.32
2026-06-14 08:30:12 [LIVE SOLUSDT] INFO [LIVE] Full close | SL qty=0.01 price≈68.18
2026-06-14 08:30:12 [LIVE SOLUSDT] WARNING SL hit | price=68.18 qty=1.615000 pnl=-0.2261 total_pnl=1.2436 | entry_ema_fast=68.1138 entry_ema_slow=68.1065 entry_volume=35279.27 entry_volume_ma=27779.67
2026-06-14 11:25:16 [LIVE SOLUSDT] INFO [LIVE] Market order placed | LONG SOLUSDT qty=3.12 entry≈68.27
2026-06-14 11:25:16 [LIVE SOLUSDT] INFO [LIVE] Stop-loss placed | stopPrice=67.68 qty=3.12
2026-06-14 11:25:17 [LIVE SOLUSDT] INFO Position opened | LONG | entry=68.27 SL=67.6754 TP1=68.4266 TP2=69.929 qty=3.12 | indicators: ema_fast=68.1876 ema_slow=68.1823 volume=32162.77 volume_ma=26504.22
2026-06-14 13:00:11 [LIVE SOLUSDT] INFO [LIVE] Partial close confirmed | TP1 price≈68.45
2026-06-14 13:00:11 [LIVE SOLUSDT] INFO TP1 hit | price=68.45 closed_qty=1.560000 remaining_qty=1.560000 pnl=0.2808 | SL moved to breakeven: 67.6754 → 68.27 | entry_ema_fast=68.1876 entry_ema_slow=68.1823 entry_volume=32162.77 entry_volume_ma=26504.22
2026-06-14 13:00:13 [LIVE SOLUSDT] INFO [LIVE] Stop-loss placed | stopPrice=68.27 qty=1.56
2026-06-14 13:00:13 [LIVE SOLUSDT] INFO [LIVE] SL moved to breakeven | stopPrice=68.27
2026-06-14 13:50:07 [LIVE SOLUSDT] WARNING [LIVE] Full close already executed by exchange | SL
2026-06-14 13:50:07 [LIVE SOLUSDT] WARNING SL hit (exchange stop) | reason=exchange_stop_at_SL price=68.21 qty=1.560000 pnl=-0.0936 total_pnl=0.1872 | entry_ema_fast=68.1876 entry_ema_slow=68.1823 entry_volume=32162.77 entry_volume_ma=26504.22
2026-06-14 20:50:10 [LIVE SOLUSDT] INFO [LIVE] Market order placed | SHORT SOLUSDT qty=3.01 entry≈67.35
2026-06-14 20:50:10 [LIVE SOLUSDT] INFO [LIVE] Stop-loss placed | stopPrice=67.98 qty=3.01
2026-06-14 20:50:11 [LIVE SOLUSDT] INFO Position opened | SHORT | entry=67.35 SL=67.9763 TP1=67.2353 TP2=65.7531 qty=3.01 | indicators: ema_fast=67.5086 ema_slow=67.5165 volume=47707.01 volume_ma=42415.64
2026-06-14 21:25:05 [LIVE SOLUSDT] INFO [LIVE] Partial close confirmed | TP1 price≈67.23
2026-06-14 21:25:05 [LIVE SOLUSDT] INFO TP1 hit | price=67.23 closed_qty=1.505000 remaining_qty=1.505000 pnl=0.1806 | SL moved to breakeven: 67.9763 → 67.35 | entry_ema_fast=67.5086 entry_ema_slow=67.5165 entry_volume=47707.01 entry_volume_ma=42415.64
2026-06-14 21:25:06 [LIVE SOLUSDT] INFO [LIVE] Stop-loss placed | stopPrice=67.35 qty=1.5
2026-06-14 21:25:06 [LIVE SOLUSDT] INFO [LIVE] SL moved to breakeven | stopPrice=67.35
2026-06-14 21:45:09 [LIVE SOLUSDT] INFO [LIVE] Full close | SL qty=0.01 price≈67.35
2026-06-14 21:45:09 [LIVE SOLUSDT] WARNING SL hit | price=67.35 qty=1.505000 pnl=0.0000 total_pnl=0.1806 | entry_ema_fast=67.5086 entry_ema_slow=67.5165 entry_volume=47707.01 entry_volume_ma=42415.64
2026-06-16 06:50:10 [LIVE SOLUSDT] INFO [LIVE] Market order placed | LONG SOLUSDT qty=2.64 entry≈73.71
2026-06-16 06:50:10 [LIVE SOLUSDT] INFO [LIVE] Stop-loss placed | stopPrice=73.07 qty=2.64
2026-06-16 06:50:10 [LIVE SOLUSDT] INFO Position opened | LONG | entry=73.71 SL=73.0664 TP1=73.8775 TP2=75.4995 qty=2.64 | indicators: ema_fast=73.4215 ema_slow=73.3929 volume=176118.43 volume_ma=108437.8
2026-06-16 07:32:16 [LIVE SOLUSDT] INFO [STATE] Restored from file | LONG entry=73.71 SL=73.0664 TP1=73.8775 TP2=75.4995 qty=2.64 tp1_hit=False
2026-06-16 07:32:21 [LIVE SOLUSDT] INFO [LIVE] Stop-loss placed | stopPrice=73.07 qty=2.64
2026-06-16 07:37:12 [LIVE SOLUSDT] INFO [STATE] Restored from file | LONG entry=73.71 SL=73.0664 TP1=73.8775 TP2=75.4995 qty=2.64 tp1_hit=False
2026-06-16 07:37:16 [LIVE SOLUSDT] INFO [LIVE] Stop-loss placed | stopPrice=73.07 qty=2.64
2026-06-16 09:10:45 [LIVE SOLUSDT] INFO [STATE] Restored from file | LONG entry=73.71 SL=73.0664 TP1=73.8775 TP2=75.4995 qty=2.64 tp1_hit=False
2026-06-16 14:00:14 [LIVE SOLUSDT] INFO [LIVE] Market order placed | SHORT SOLUSDT qty=2.64 entry≈74.65
2026-06-16 14:00:14 [LIVE SOLUSDT] INFO [LIVE] Stop-loss placed | stopPrice=75.32 qty=2.64
2026-06-16 14:00:15 [LIVE SOLUSDT] INFO Position opened | SHORT | entry=74.65 SL=75.3219 TP1=74.5007 TP2=72.8584 qty=2.64 | indicators: ema_fast=74.8859 ema_slow=74.9006 volume=97585.89 volume_ma=51764.83
2026-06-16 14:35:08 [LIVE SOLUSDT] INFO [LIVE] Partial close confirmed | TP1 price≈74.39
2026-06-16 14:35:08 [LIVE SOLUSDT] INFO TP1 hit | price=74.39 closed_qty=1.320000 remaining_qty=1.320000 pnl=0.3432 | SL moved to breakeven: 75.3219 → 74.65 | entry_ema_fast=74.8859 entry_ema_slow=74.9006 entry_volume=97585.89 entry_volume_ma=51764.83
2026-06-16 14:35:10 [LIVE SOLUSDT] INFO [LIVE] Stop-loss placed | stopPrice=74.65 qty=1.32
2026-06-16 14:35:10 [LIVE SOLUSDT] INFO [LIVE] SL moved to breakeven | stopPrice=74.65
2026-06-16 14:37:56 [LIVE SOLUSDT] INFO [STATE] Restored from file | SHORT entry=74.65 SL=74.65 TP1=74.5007 TP2=72.8584 qty=1.32 tp1_hit=True
2026-06-16 14:38:00 [LIVE SOLUSDT] INFO [LIVE] Stop-loss placed | stopPrice=74.65 qty=1.32
2026-06-16 14:43:54 [LIVE SOLUSDT] INFO [STATE] Restored from file | SHORT entry=74.65 SL=74.65 TP1=74.5007 TP2=72.8584 qty=1.32 tp1_hit=True
2026-06-16 14:43:59 [LIVE SOLUSDT] INFO [LIVE] Stop-loss placed | stopPrice=74.65 qty=1.32
2026-06-16 14:54:52 [LIVE SOLUSDT] INFO [STATE] Restored from file | SHORT entry=74.65 SL=74.65 TP1=74.5007 TP2=72.8584 qty=1.32 tp1_hit=True
2026-06-16 15:20:14 [LIVE SOLUSDT] INFO [LIVE] Market order placed | LONG SOLUSDT qty=2.67 entry≈75.04
2026-06-16 15:20:14 [LIVE SOLUSDT] INFO [LIVE] Stop-loss placed | stopPrice=74.34 qty=2.67
2026-06-16 15:20:15 [LIVE SOLUSDT] INFO Position opened | LONG | entry=75.04 SL=74.3448 TP1=75.17 TP2=76.8205 qty=2.67 | indicators: ema_fast=74.6652 ema_slow=74.665 volume=195842.77 volume_ma=63544.57
2026-06-16 15:35:05 [LIVE SOLUSDT] INFO [LIVE] Partial close confirmed | TP1 price≈75.43
2026-06-16 15:35:05 [LIVE SOLUSDT] INFO TP1 hit | price=75.43 closed_qty=1.335000 remaining_qty=1.335000 pnl=0.5207 | SL moved to breakeven: 74.3448 → 75.04 | entry_ema_fast=74.6652 entry_ema_slow=74.665 entry_volume=195842.77 entry_volume_ma=63544.57
2026-06-16 15:35:07 [LIVE SOLUSDT] INFO [LIVE] Stop-loss placed | stopPrice=75.04 qty=1.33
2026-06-16 15:35:07 [LIVE SOLUSDT] INFO [LIVE] SL moved to breakeven | stopPrice=75.04
2026-06-16 15:45:12 [LIVE SOLUSDT] INFO [LIVE] Full close | SL qty=0.01 price≈74.95
2026-06-16 15:45:12 [LIVE SOLUSDT] WARNING SL hit | price=74.95 qty=1.335000 pnl=-0.1202 total_pnl=0.4005 | entry_ema_fast=74.6652 entry_ema_slow=74.665 entry_volume=195842.77 entry_volume_ma=63544.57
2026-06-18 13:10:16 [LIVE SOLUSDT] INFO [LIVE] Market order placed | SHORT SOLUSDT qty=2.66 entry≈71.4
2026-06-18 13:10:17 [LIVE SOLUSDT] INFO [LIVE] Stop-loss placed | stopPrice=72.01 qty=2.66
2026-06-18 13:10:17 [LIVE SOLUSDT] INFO Position opened | SHORT | entry=71.4 SL=72.0123 TP1=71.2273 TP2=69.6571 qty=2.66 | indicators: ema_fast=71.7776 ema_slow=71.8053 volume=290331.69 volume_ma=60569.2
2026-06-18 13:20:11 [LIVE SOLUSDT] INFO [LIVE] Partial close confirmed | TP1 price≈71.19
2026-06-18 13:20:11 [LIVE SOLUSDT] INFO TP1 hit | price=71.19 closed_qty=1.330000 remaining_qty=1.330000 pnl=0.2793 | SL moved to breakeven: 72.0123 → 71.4 | entry_ema_fast=71.7776 entry_ema_slow=71.8053 entry_volume=290331.69 entry_volume_ma=60569.2
2026-06-18 13:20:13 [LIVE SOLUSDT] INFO [LIVE] Stop-loss placed | stopPrice=71.4 qty=1.33
2026-06-18 13:20:13 [LIVE SOLUSDT] INFO [LIVE] SL moved to breakeven | stopPrice=71.4
2026-06-18 14:05:14 [LIVE SOLUSDT] WARNING [LIVE] Full close already executed by exchange | SL
2026-06-18 14:05:14 [LIVE SOLUSDT] WARNING SL hit (exchange stop) | reason=exchange_stop_at_SL price=71.41 qty=1.330000 pnl=-0.0133 total_pnl=0.2660 | entry_ema_fast=71.7776 entry_ema_slow=71.8053 entry_volume=290331.69 entry_volume_ma=60569.2
2026-06-18 16:45:05 [LIVE SOLUSDT] INFO [LIVE] Market order placed | SHORT SOLUSDT qty=2.72 entry≈70.74
2026-06-18 16:45:06 [LIVE SOLUSDT] INFO [LIVE] Stop-loss placed | stopPrice=71.35 qty=2.72
2026-06-18 16:45:06 [LIVE SOLUSDT] INFO Position opened | SHORT | entry=70.74 SL=71.3464 TP1=70.5686 TP2=69.013 qty=2.72 | indicators: ema_fast=71.2259 ema_slow=71.2596 volume=192005.92 volume_ma=75622.17
2026-06-18 17:25:11 [LIVE SOLUSDT] WARNING [LIVE] Full close already executed by exchange | SL
2026-06-18 17:25:11 [LIVE SOLUSDT] WARNING SL hit (exchange stop) | reason=exchange_stop_at_SL price=71.44 qty=2.720000 pnl=-1.9040 total_pnl=-1.9040 | entry_ema_fast=71.2259 entry_ema_slow=71.2596 entry_volume=192005.92 entry_volume_ma=75622.17
2026-06-19 12:15:17 [LIVE SOLUSDT] INFO [LIVE] Market order placed | SHORT SOLUSDT qty=2.87 entry≈68.28
2026-06-19 12:15:17 [LIVE SOLUSDT] INFO [LIVE] Stop-loss placed | stopPrice=68.88 qty=2.87
2026-06-19 12:15:18 [LIVE SOLUSDT] INFO Position opened | SHORT | entry=68.28 SL=68.8844 TP1=68.1335 TP2=66.6315 qty=2.87 | indicators: ema_fast=68.4743 ema_slow=68.4799 volume=118635.85 volume_ma=64243.77
2026-06-19 13:40:09 [LIVE SOLUSDT] INFO [LIVE] Partial close confirmed | TP1 price≈68.1
2026-06-19 13:40:09 [LIVE SOLUSDT] INFO TP1 hit | price=68.1 closed_qty=1.435000 remaining_qty=1.435000 pnl=0.2583 | SL moved to breakeven: 68.8844 → 68.28 | entry_ema_fast=68.4743 entry_ema_slow=68.4799 entry_volume=118635.85 entry_volume_ma=64243.77
2026-06-19 13:40:11 [LIVE SOLUSDT] INFO [LIVE] Stop-loss placed | stopPrice=68.28 qty=1.43
2026-06-19 13:40:11 [LIVE SOLUSDT] INFO [LIVE] SL moved to breakeven | stopPrice=68.28
2026-06-19 13:55:13 [LIVE SOLUSDT] INFO [LIVE] Full close | SL qty=0.01 price≈68.3
2026-06-19 13:55:13 [LIVE SOLUSDT] WARNING SL hit | price=68.3 qty=1.435000 pnl=-0.0287 total_pnl=0.2296 | entry_ema_fast=68.4743 entry_ema_slow=68.4799 entry_volume=118635.85 entry_volume_ma=64243.77
2026-06-19 19:55:09 [LIVE SOLUSDT] INFO [LIVE] Market order placed | SHORT SOLUSDT qty=2.72 entry≈68.88
2026-06-19 19:55:09 [LIVE SOLUSDT] INFO [LIVE] Stop-loss placed | stopPrice=69.52 qty=2.72
2026-06-19 19:55:10 [LIVE SOLUSDT] INFO Position opened | SHORT | entry=68.88 SL=69.5201 TP1=68.7622 TP2=67.2464 qty=2.72 | indicators: ema_fast=69.2001 ema_slow=69.2144 volume=107693.16 volume_ma=66486.81
2026-06-19 20:00:08 [LIVE SOLUSDT] INFO [LIVE] Partial close confirmed | TP1 price≈68.67
2026-06-19 20:00:08 [LIVE SOLUSDT] INFO TP1 hit | price=68.67 closed_qty=1.360000 remaining_qty=1.360000 pnl=0.2856 | SL moved to breakeven: 69.5201 → 68.88 | entry_ema_fast=69.2001 entry_ema_slow=69.2144 entry_volume=107693.16 entry_volume_ma=66486.81
2026-06-19 20:00:10 [LIVE SOLUSDT] INFO [LIVE] Stop-loss placed | stopPrice=68.88 qty=1.36
2026-06-19 20:00:10 [LIVE SOLUSDT] INFO [LIVE] SL moved to breakeven | stopPrice=68.88
2026-06-19 20:15:05 [LIVE SOLUSDT] WARNING [LIVE] Full close already executed by exchange | SL
2026-06-19 20:15:05 [LIVE SOLUSDT] WARNING SL hit (exchange stop) | reason=exchange_stop_at_SL price=68.88 qty=1.360000 pnl=0.0000 total_pnl=0.2856 | entry_ema_fast=69.2001 entry_ema_slow=69.2144 entry_volume=107693.16 entry_volume_ma=66486.81
2026-06-20 06:10:05 [LIVE SOLUSDT] INFO [LIVE] Market order placed | LONG SOLUSDT qty=2.5 entry≈69.72
2026-06-20 06:10:05 [LIVE SOLUSDT] INFO [LIVE] Stop-loss placed | stopPrice=69.08 qty=2.5
2026-06-20 06:10:06 [LIVE SOLUSDT] INFO Position opened | LONG | entry=69.72 SL=69.0826 TP1=69.8494 TP2=71.383 qty=2.5 | indicators: ema_fast=69.6408 ema_slow=69.6377 volume=47227.17 volume_ma=28001.31
2026-06-20 06:20:12 [LIVE SOLUSDT] INFO [LIVE] Partial close confirmed | TP1 price≈69.9
2026-06-20 06:20:12 [LIVE SOLUSDT] INFO TP1 hit | price=69.9 closed_qty=1.250000 remaining_qty=1.250000 pnl=0.2250 | SL moved to breakeven: 69.0826 → 69.72 | entry_ema_fast=69.6408 entry_ema_slow=69.6377 entry_volume=47227.17 entry_volume_ma=28001.31
2026-06-20 06:20:14 [LIVE SOLUSDT] INFO [LIVE] Stop-loss placed | stopPrice=69.72 qty=1.25
2026-06-20 06:20:14 [LIVE SOLUSDT] INFO [LIVE] SL moved to breakeven | stopPrice=69.72
2026-06-20 08:10:08 [LIVE SOLUSDT] WARNING [LIVE] Full close already executed by exchange | TP2
2026-06-20 08:10:08 [LIVE SOLUSDT] WARNING SL hit (exchange stop) | reason=exchange_stop_at_TP2 price=71.49 qty=1.250000 pnl=2.2125 total_pnl=2.4375 | entry_ema_fast=69.6408 entry_ema_slow=69.6377 entry_volume=47227.17 entry_volume_ma=28001.31
2026-06-20 17:50:08 [PAPER SOLUSDT] INFO [PAPER] Would open LONG SOLUSDT qty=30.864 entry=72.0 SL=71.352 TP1=72.144 TP2=73.728 balance=1000.00 USDT
2026-06-20 17:50:08 [PAPER SOLUSDT] INFO Position opened | LONG | entry=72.0 SL=71.352 TP1=72.144 TP2=73.728 qty=30.864 | indicators: ema_fast=71.1047 ema_slow=71.0903 volume=755791.23 volume_ma=165687.43
2026-06-20 18:20:09 [PAPER SOLUSDT] INFO [PAPER] Would close partial | TP1 qty=15.432 price=72.34
2026-06-20 18:20:09 [PAPER SOLUSDT] INFO TP1 hit | price=72.34 closed_qty=15.432000 remaining_qty=15.432000 pnl=5.2469 | SL moved to breakeven: 71.352 → 72.0 | entry_ema_fast=71.1047 entry_ema_slow=71.0903 entry_volume=755791.23 entry_volume_ma=165687.43
2026-06-20 18:40:11 [PAPER SOLUSDT] INFO [PAPER] Would close full | SL qty=15.432 price=71.99
2026-06-20 18:40:11 [PAPER SOLUSDT] WARNING SL hit | price=71.99 qty=15.432000 pnl=-0.1543 total_pnl=5.0926 | entry_ema_fast=71.1047 entry_ema_slow=71.0903 entry_volume=755791.23 entry_volume_ma=165687.43
2026-06-21 12:20:11 [PAPER SOLUSDT] INFO [PAPER] Would open LONG SOLUSDT qty=30.304 entry=73.33 SL=72.67 TP1=73.4767 TP2=75.0899 balance=1000.00 USDT
2026-06-21 12:20:11 [PAPER SOLUSDT] INFO Position opened | LONG | entry=73.33 SL=72.67 TP1=73.4767 TP2=75.0899 qty=30.304 | indicators: ema_fast=73.1357 ema_slow=73.1204 volume=100481.3 volume_ma=60336.94
2026-06-21 12:30:06 [PAPER SOLUSDT] INFO [PAPER] Would close partial | TP1 qty=15.152 price=73.56
2026-06-21 12:30:06 [PAPER SOLUSDT] INFO TP1 hit | price=73.56 closed_qty=15.152000 remaining_qty=15.152000 pnl=3.4850 | SL moved to breakeven: 72.67 → 73.33 | entry_ema_fast=73.1357 entry_ema_slow=73.1204 entry_volume=100481.3 entry_volume_ma=60336.94
2026-06-21 14:35:03 [PAPER SOLUSDT] INFO [PAPER] Would close full | SL qty=15.152 price=73.29
2026-06-21 14:35:03 [PAPER SOLUSDT] WARNING SL hit | price=73.29 qty=15.152000 pnl=-0.6061 total_pnl=2.8789 | entry_ema_fast=73.1357 entry_ema_slow=73.1204 entry_volume=100481.3 entry_volume_ma=60336.94
2026-06-21 19:50:14 [PAPER SOLUSDT] INFO [PAPER] Would open LONG SOLUSDT qty=29.949 entry=74.2 SL=73.5322 TP1=74.3484 TP2=75.9808 balance=1000.00 USDT
2026-06-21 19:50:14 [PAPER SOLUSDT] INFO Position opened | LONG | entry=74.2 SL=73.5322 TP1=74.3484 TP2=75.9808 qty=29.949 | indicators: ema_fast=73.9803 ema_slow=73.963 volume=149580.75 volume_ma=60031.2
2026-06-21 19:55:12 [PAPER SOLUSDT] INFO [PAPER] Would close partial | TP1 qty=14.9745 price=74.5
2026-06-21 19:55:12 [PAPER SOLUSDT] INFO TP1 hit | price=74.5 closed_qty=14.974500 remaining_qty=14.974500 pnl=4.4923 | SL moved to breakeven: 73.5322 → 74.2 | entry_ema_fast=73.9803 entry_ema_slow=73.963 entry_volume=149580.75 entry_volume_ma=60031.2
2026-06-21 20:40:06 [PAPER SOLUSDT] INFO [PAPER] Would close full | SL qty=14.9745 price=74.09
2026-06-21 20:40:06 [PAPER SOLUSDT] WARNING SL hit | price=74.09 qty=14.974500 pnl=-1.6472 total_pnl=2.8452 | entry_ema_fast=73.9803 entry_ema_slow=73.963 entry_volume=149580.75 entry_volume_ma=60031.2
2026-06-22 10:15:10 [PAPER SOLUSDT] INFO [PAPER] Would open LONG SOLUSDT qty=29.969 entry=74.15 SL=73.4827 TP1=74.2983 TP2=75.9296 balance=1000.00 USDT
2026-06-22 10:15:10 [PAPER SOLUSDT] INFO Position opened | LONG | entry=74.15 SL=73.4827 TP1=74.2983 TP2=75.9296 qty=29.969 | indicators: ema_fast=73.8743 ema_slow=73.8533 volume=115726.5 volume_ma=50585.21
2026-06-22 14:50:07 [PAPER SOLUSDT] INFO [PAPER] Would close partial | TP1 qty=14.9845 price=74.38
2026-06-22 14:50:07 [PAPER SOLUSDT] INFO TP1 hit | price=74.38 closed_qty=14.984500 remaining_qty=14.984500 pnl=3.4464 | SL moved to breakeven: 73.4827 → 74.15 | entry_ema_fast=73.8743 entry_ema_slow=73.8533 entry_volume=115726.5 entry_volume_ma=50585.21
2026-06-22 15:00:12 [PAPER SOLUSDT] INFO [PAPER] Would close full | SL qty=14.9845 price=74.15
2026-06-22 15:00:12 [PAPER SOLUSDT] WARNING SL hit | price=74.15 qty=14.984500 pnl=0.0000 total_pnl=3.4464 | entry_ema_fast=73.8743 entry_ema_slow=73.8533 entry_volume=115726.5 entry_volume_ma=50585.21
2026-06-22 21:55:12 [PAPER SOLUSDT] INFO [PAPER] Would open SHORT SOLUSDT qty=30.575 entry=72.68 SL=73.3341 TP1=72.5346 TP2=70.9357 balance=1000.00 USDT
2026-06-22 21:55:12 [PAPER SOLUSDT] INFO Position opened | SHORT | entry=72.68 SL=73.3341 TP1=72.5346 TP2=70.9357 qty=30.575 | indicators: ema_fast=73.1139 ema_slow=73.1233 volume=216219.71 volume_ma=78932.32
2026-06-22 22:10:07 [PAPER SOLUSDT] INFO [PAPER] Would close partial | TP1 qty=15.2875 price=72.51
2026-06-22 22:10:07 [PAPER SOLUSDT] INFO TP1 hit | price=72.51 closed_qty=15.287500 remaining_qty=15.287500 pnl=2.5989 | SL moved to breakeven: 73.3341 → 72.68 | entry_ema_fast=73.1139 entry_ema_slow=73.1233 entry_volume=216219.71 entry_volume_ma=78932.32
2026-06-22 22:20:15 [PAPER SOLUSDT] INFO [PAPER] Would close full | SL qty=15.2875 price=72.73
2026-06-22 22:20:15 [PAPER SOLUSDT] WARNING SL hit | price=72.73 qty=15.287500 pnl=-0.7644 total_pnl=1.8345 | entry_ema_fast=73.1139 entry_ema_slow=73.1233 entry_volume=216219.71 entry_volume_ma=78932.32
2026-06-23 15:55:08 [PAPER SOLUSDT] INFO [RECOVERY] claim: POST http://localhost:5000/api/recovery/claim symbol=SOLUSDT
2026-06-23 15:55:08 [PAPER SOLUSDT] INFO [RECOVERY] claim: response status=200 data={'chainId': None, 'debtAmount': 0, 'enabled': False}
2026-06-23 15:55:08 [PAPER SOLUSDT] INFO [PAPER] Would open SHORT SOLUSDT qty=32.272 entry=68.86 SL=69.4797 TP1=68.7223 TP2=67.2074 balance=1000.00 USDT
2026-06-23 15:55:08 [PAPER SOLUSDT] INFO Position opened | SHORT | entry=68.86 SL=69.4797 TP1=68.7223 TP2=67.2074 qty=32.272 | indicators: ema_fast=69.0368 ema_slow=69.0485 volume=137987.69 volume_ma=70205.69
2026-06-23 17:15:10 [PAPER SOLUSDT] INFO [PAPER] Would close full | SL qty=32.272 price=69.48
2026-06-23 17:15:10 [PAPER SOLUSDT] WARNING SL hit | price=69.48 qty=32.272000 pnl=-20.0086 total_pnl=-20.0086 | entry_ema_fast=69.0368 entry_ema_slow=69.0485 entry_volume=137987.69 entry_volume_ma=70205.69
2026-06-23 17:15:11 [PAPER SOLUSDT] INFO [RECOVERY] report: POST http://localhost:5000/api/recovery/report payload={'symbol': 'SOLUSDT', 'pnl': np.float64(-20.008640000000145)}
2026-06-23 17:15:11 [PAPER SOLUSDT] INFO [RECOVERY] report: success data={'success': True, 'action': 'new-chain', 'chainId': 19}
2026-06-23 18:10:13 [PAPER SOLUSDT] INFO [RECOVERY] claim: POST http://localhost:5000/api/recovery/claim symbol=SOLUSDT
2026-06-23 18:10:13 [PAPER SOLUSDT] INFO [RECOVERY] claim: response status=200 data={'chainId': None, 'debtAmount': 0, 'enabled': False}
2026-06-23 18:10:13 [PAPER SOLUSDT] INFO [PAPER] Would open SHORT SOLUSDT qty=32.328 entry=68.74 SL=69.3587 TP1=68.6025 TP2=67.0902 balance=1000.00 USDT
2026-06-23 18:10:13 [PAPER SOLUSDT] INFO Position opened | SHORT | entry=68.74 SL=69.3587 TP1=68.6025 TP2=67.0902 qty=32.328 | indicators: ema_fast=69.1034 ema_slow=69.1285 volume=154917.7 volume_ma=122404.99
2026-06-23 18:25:08 [PAPER SOLUSDT] INFO [PAPER] Would close partial | TP1 qty=16.164 price=68.6
2026-06-23 18:25:08 [PAPER SOLUSDT] INFO TP1 hit | price=68.6 closed_qty=16.164000 remaining_qty=16.164000 pnl=2.2630 | SL moved to breakeven: 69.3587 → 68.74 | entry_ema_fast=69.1034 entry_ema_slow=69.1285 entry_volume=154917.7 entry_volume_ma=122404.99
2026-06-23 18:35:04 [PAPER SOLUSDT] INFO [PAPER] Would close full | SL qty=16.164 price=68.87
2026-06-23 18:35:04 [PAPER SOLUSDT] WARNING SL hit | price=68.87 qty=16.164000 pnl=-2.1013 total_pnl=0.1616 | entry_ema_fast=69.1034 entry_ema_slow=69.1285 entry_volume=154917.7 entry_volume_ma=122404.99
2026-06-23 18:35:04 [PAPER SOLUSDT] INFO [RECOVERY] report: POST http://localhost:5000/api/recovery/report payload={'symbol': 'SOLUSDT', 'pnl': np.float64(-2.101320000000156)}
2026-06-23 18:35:04 [PAPER SOLUSDT] INFO [RECOVERY] report: success data={'success': True, 'action': 'new-chain', 'chainId': 20}
2026-06-23 23:00:06 [PAPER SOLUSDT] INFO [RECOVERY] claim: POST http://localhost:5000/api/recovery/claim symbol=SOLUSDT
2026-06-23 23:00:06 [PAPER SOLUSDT] INFO [RECOVERY] claim: response status=200 data={'chainId': None, 'debtAmount': 0, 'enabled': False}
2026-06-23 23:00:06 [PAPER SOLUSDT] INFO [PAPER] Would open SHORT SOLUSDT qty=32.3 entry=68.8 SL=69.4192 TP1=68.6624 TP2=67.1488 balance=1000.00 USDT
2026-06-23 23:00:06 [PAPER SOLUSDT] INFO Position opened | SHORT | entry=68.8 SL=69.4192 TP1=68.6624 TP2=67.1488 qty=32.3 | indicators: ema_fast=68.8451 ema_slow=68.8463 volume=62636.02 volume_ma=34554.93
2026-06-24 01:10:13 [PAPER SOLUSDT] INFO [PAPER] Would close full | SL qty=32.3 price=69.47
2026-06-24 01:10:13 [PAPER SOLUSDT] WARNING SL hit | price=69.47 qty=32.300000 pnl=-21.6410 total_pnl=-21.6410 | entry_ema_fast=68.8451 entry_ema_slow=68.8463 entry_volume=62636.02 entry_volume_ma=34554.93
2026-06-24 01:10:13 [PAPER SOLUSDT] INFO [RECOVERY] report: POST http://localhost:5000/api/recovery/report payload={'symbol': 'SOLUSDT', 'pnl': np.float64(-21.64100000000005)}
2026-06-24 01:10:13 [PAPER SOLUSDT] INFO [RECOVERY] report: success data={'success': True, 'action': 'new-chain', 'chainId': 21}
2026-06-24 05:25:15 [PAPER SOLUSDT] INFO [RECOVERY] claim: POST http://localhost:5000/api/recovery/claim symbol=SOLUSDT
2026-06-24 05:25:15 [PAPER SOLUSDT] INFO [RECOVERY] claim: response status=200 data={'chainId': None, 'debtAmount': 0, 'enabled': False}
2026-06-24 05:25:15 [PAPER SOLUSDT] INFO [PAPER] Would open SHORT SOLUSDT qty=31.961 entry=69.53 SL=70.1558 TP1=69.3909 TP2=67.8613 balance=1000.00 USDT
2026-06-24 05:25:15 [PAPER SOLUSDT] INFO Position opened | SHORT | entry=69.53 SL=70.1558 TP1=69.3909 TP2=67.8613 qty=31.961 | indicators: ema_fast=69.8541 ema_slow=69.8834 volume=95264.37 volume_ma=60710.43
2026-06-24 06:05:08 [PAPER SOLUSDT] INFO [PAPER] Would close partial | TP1 qty=15.9805 price=69.36
2026-06-24 06:05:08 [PAPER SOLUSDT] INFO TP1 hit | price=69.36 closed_qty=15.980500 remaining_qty=15.980500 pnl=2.7167 | SL moved to breakeven: 70.1558 → 69.53 | entry_ema_fast=69.8541 entry_ema_slow=69.8834 entry_volume=95264.37 entry_volume_ma=60710.43
2026-06-24 06:40:04 [PAPER SOLUSDT] INFO [PAPER] Would close full | SL qty=15.9805 price=69.69
2026-06-24 06:40:04 [PAPER SOLUSDT] WARNING SL hit | price=69.69 qty=15.980500 pnl=-2.5569 total_pnl=0.1598 | entry_ema_fast=69.8541 entry_ema_slow=69.8834 entry_volume=95264.37 entry_volume_ma=60710.43
2026-06-24 06:40:04 [PAPER SOLUSDT] INFO [RECOVERY] report: POST http://localhost:5000/api/recovery/report payload={'symbol': 'SOLUSDT', 'pnl': np.float64(-2.5568799999999454)}
2026-06-24 06:40:04 [PAPER SOLUSDT] INFO [RECOVERY] report: success data={'success': True, 'action': 'new-chain', 'chainId': 23}
2026-06-24 10:05:09 [PAPER SOLUSDT] INFO [RECOVERY] claim: POST http://localhost:5000/api/recovery/claim symbol=SOLUSDT
2026-06-24 10:05:09 [PAPER SOLUSDT] INFO [RECOVERY] claim: response status=200 data={'chainId': None, 'debtAmount': 0, 'enabled': False}
2026-06-24 10:05:09 [PAPER SOLUSDT] INFO [PAPER] Would open SHORT SOLUSDT qty=31.896 entry=69.67 SL=70.297 TP1=69.5307 TP2=67.9979 balance=1000.00 USDT
2026-06-24 10:05:09 [PAPER SOLUSDT] INFO Position opened | SHORT | entry=69.67 SL=70.297 TP1=69.5307 TP2=67.9979 qty=31.896 | indicators: ema_fast=69.7614 ema_slow=69.7701 volume=60682.72 volume_ma=35153.18
2026-06-24 10:10:16 [PAPER SOLUSDT] INFO [PAPER] Would close partial | TP1 qty=15.948 price=69.52
2026-06-24 10:10:16 [PAPER SOLUSDT] INFO TP1 hit | price=69.52 closed_qty=15.948000 remaining_qty=15.948000 pnl=2.3922 | SL moved to breakeven: 70.297 → 69.67 | entry_ema_fast=69.7614 entry_ema_slow=69.7701 entry_volume=60682.72 entry_volume_ma=35153.18
2026-06-24 14:50:14 [PAPER SOLUSDT] INFO [PAPER] Would close full | SL qty=15.948 price=70.18
2026-06-24 14:50:14 [PAPER SOLUSDT] WARNING SL hit | price=70.18 qty=15.948000 pnl=-8.1335 total_pnl=-5.7413 | entry_ema_fast=69.7614 entry_ema_slow=69.7701 entry_volume=60682.72 entry_volume_ma=35153.18
2026-06-24 14:50:14 [PAPER SOLUSDT] INFO [RECOVERY] report: POST http://localhost:5000/api/recovery/report payload={'symbol': 'SOLUSDT', 'pnl': np.float64(-8.133480000000082)}
2026-06-24 14:50:14 [PAPER SOLUSDT] INFO [RECOVERY] report: success data={'success': True, 'action': 'new-chain', 'chainId': 26}
2026-06-24 16:10:05 [PAPER SOLUSDT] INFO [RECOVERY] claim: POST http://localhost:5000/api/recovery/claim symbol=SOLUSDT
2026-06-24 16:10:05 [PAPER SOLUSDT] INFO [RECOVERY] claim: response status=200 data={'chainId': None, 'debtAmount': 0, 'enabled': False}
2026-06-24 16:10:05 [PAPER SOLUSDT] INFO [PAPER] Would open SHORT SOLUSDT qty=32.201 entry=69.01 SL=69.6311 TP1=68.872 TP2=67.3538 balance=1000.00 USDT
2026-06-24 16:10:05 [PAPER SOLUSDT] INFO Position opened | SHORT | entry=69.01 SL=69.6311 TP1=68.872 TP2=67.3538 qty=32.201 | indicators: ema_fast=69.4231 ema_slow=69.4636 volume=225969.65 volume_ma=107112.1
2026-06-24 16:15:12 [PAPER SOLUSDT] INFO [PAPER] Would close partial | TP1 qty=16.1005 price=68.71
2026-06-24 16:15:12 [PAPER SOLUSDT] INFO TP1 hit | price=68.71 closed_qty=16.100500 remaining_qty=16.100500 pnl=4.8302 | SL moved to breakeven: 69.6311 → 69.01 | entry_ema_fast=69.4231 entry_ema_slow=69.4636 entry_volume=225969.65 entry_volume_ma=107112.1
2026-06-24 16:35:11 [PAPER SOLUSDT] INFO [PAPER] Would close full | SL qty=16.1005 price=69.31
2026-06-24 16:35:11 [PAPER SOLUSDT] WARNING SL hit | price=69.31 qty=16.100500 pnl=-4.8301 total_pnl=0.0000 | entry_ema_fast=69.4231 entry_ema_slow=69.4636 entry_volume=225969.65 entry_volume_ma=107112.1
2026-06-24 16:35:11 [PAPER SOLUSDT] INFO [RECOVERY] report: POST http://localhost:5000/api/recovery/report payload={'symbol': 'SOLUSDT', 'pnl': np.float64(-4.830149999999954)}
2026-06-24 16:35:11 [PAPER SOLUSDT] INFO [RECOVERY] report: success data={'success': True, 'action': 'new-chain', 'chainId': 27}
