2026-06-13 10:57:54 [BACKTEST TRXUSDT] INFO Position opened | SHORT | entry=0.32586 SL=0.3291 TP1=0.3247 TP2=0.3179 qty=3068.802553 | indicators: ema_fast=0.3261 ema_slow=0.3261 volume=560316.0 volume_ma=267767.45
2026-06-13 10:57:54 [BACKTEST TRXUSDT] WARNING SL hit | price=0.32916 qty=3068.802553 pnl=-10.1270 total_pnl=-10.1270 | entry_ema_fast=0.3261 entry_ema_slow=0.3261 entry_volume=560316.0 entry_volume_ma=267767.45
2026-06-13 10:57:54 [BACKTEST TRXUSDT] INFO Position opened | LONG | entry=0.33226 SL=0.3289 TP1=0.3334 TP2=0.3404 qty=2979.211917 | indicators: ema_fast=0.3315 ema_slow=0.3315 volume=3434094.0 volume_ma=1808734.55
2026-06-13 10:57:54 [BACKTEST TRXUSDT] INFO TP1 hit | price=0.33418 closed_qty=2204.616819 remaining_qty=774.595098 pnl=4.2329 | SL moved to breakeven: 0.3289 → 0.33226 | entry_ema_fast=0.3315 entry_ema_slow=0.3315 entry_volume=3434094.0 entry_volume_ma=1808734.55
2026-06-13 10:57:54 [BACKTEST TRXUSDT] INFO TP2 hit | price=0.34115 qty=774.595098 pnl=6.8862 total_pnl=11.1190 | entry_ema_fast=0.3315 entry_ema_slow=0.3315 entry_volume=3434094.0 entry_volume_ma=1808734.55
2026-06-13 10:57:54 [BACKTEST TRXUSDT] INFO Position opened | LONG | entry=0.33836 SL=0.335 TP1=0.3395 TP2=0.3466 qty=2958.363773 | indicators: ema_fast=0.3381 ema_slow=0.3381 volume=775529.0 volume_ma=455757.2
2026-06-13 10:57:55 [BACKTEST TRXUSDT] INFO TP1 hit | price=0.33962 closed_qty=2189.189192 remaining_qty=769.174581 pnl=2.7584 | SL moved to breakeven: 0.335 → 0.33836 | entry_ema_fast=0.3381 entry_ema_slow=0.3381 entry_volume=775529.0 entry_volume_ma=455757.2
2026-06-13 10:57:55 [BACKTEST TRXUSDT] WARNING SL hit | price=0.33748 qty=769.174581 pnl=-0.6769 total_pnl=2.0815 | entry_ema_fast=0.3381 entry_ema_slow=0.3381 entry_volume=775529.0 entry_volume_ma=455757.2
2026-06-13 10:57:55 [BACKTEST TRXUSDT] INFO Position opened | LONG | entry=0.33979 SL=0.3364 TP1=0.341 TP2=0.3481 qty=2952.03941 | indicators: ema_fast=0.3392 ema_slow=0.339 volume=2136229.0 volume_ma=798663.75
2026-06-13 10:57:55 [BACKTEST TRXUSDT] INFO TP1 hit | price=0.3412 closed_qty=2184.509163 remaining_qty=767.530247 pnl=3.0802 | SL moved to breakeven: 0.3364 → 0.33979 | entry_ema_fast=0.3392 entry_ema_slow=0.339 entry_volume=2136229.0 entry_volume_ma=798663.75
2026-06-13 10:57:55 [BACKTEST TRXUSDT] INFO TP2 hit | price=0.34818 qty=767.530247 pnl=6.4396 total_pnl=9.5197 | entry_ema_fast=0.3392 entry_ema_slow=0.339 entry_volume=2136229.0 entry_volume_ma=798663.75
2026-06-13 10:57:55 [BACKTEST TRXUSDT] INFO Position opened | LONG | entry=0.34989 SL=0.3464 TP1=0.3511 TP2=0.3585 qty=2894.033004 | indicators: ema_fast=0.3497 ema_slow=0.3497 volume=565815.0 volume_ma=323390.45
2026-06-13 10:57:55 [BACKTEST TRXUSDT] INFO TP1 hit | price=0.35127 closed_qty=2141.584423 remaining_qty=752.448581 pnl=2.9554 | SL moved to breakeven: 0.3464 → 0.34989 | entry_ema_fast=0.3497 entry_ema_slow=0.3497 entry_volume=565815.0 entry_volume_ma=323390.45
2026-06-13 10:57:55 [BACKTEST TRXUSDT] WARNING SL hit | price=0.34987 qty=752.448581 pnl=-0.0150 total_pnl=2.9403 | entry_ema_fast=0.3497 entry_ema_slow=0.3497 entry_volume=565815.0 entry_volume_ma=323390.45
2026-06-13 10:57:56 [BACKTEST TRXUSDT] INFO Position opened | SHORT | entry=0.34952 SL=0.353 TP1=0.3483 TP2=0.341 qty=2905.509113 | indicators: ema_fast=0.3498 ema_slow=0.3498 volume=1244683.0 volume_ma=385383.95
2026-06-13 10:57:56 [BACKTEST TRXUSDT] INFO TP1 hit | price=0.34829 closed_qty=2150.076744 remaining_qty=755.432369 pnl=2.6446 | SL moved to breakeven: 0.353 → 0.34952 | entry_ema_fast=0.3498 entry_ema_slow=0.3498 entry_volume=1244683.0 entry_volume_ma=385383.95
2026-06-13 10:57:56 [BACKTEST TRXUSDT] WARNING SL hit | price=0.34953 qty=755.432369 pnl=-0.0076 total_pnl=2.6370 | entry_ema_fast=0.3498 entry_ema_slow=0.3498 entry_volume=1244683.0 entry_volume_ma=385383.95
2026-06-13 10:57:57 [BACKTEST TRXUSDT] INFO Position opened | SHORT | entry=0.35154 SL=0.3551 TP1=0.3503 TP2=0.3429 qty=2896.315029 | indicators: ema_fast=0.3518 ema_slow=0.3518 volume=744843.0 volume_ma=356521.7
2026-06-13 10:57:57 [BACKTEST TRXUSDT] INFO TP1 hit | price=0.35008 closed_qty=2143.273121 remaining_qty=753.041908 pnl=3.1292 | SL moved to breakeven: 0.3551 → 0.35154 | entry_ema_fast=0.3518 entry_ema_slow=0.3518 entry_volume=744843.0 entry_volume_ma=356521.7
2026-06-13 10:57:57 [BACKTEST TRXUSDT] WARNING SL hit | price=0.35159 qty=753.041908 pnl=-0.0377 total_pnl=3.0915 | entry_ema_fast=0.3518 entry_ema_slow=0.3518 entry_volume=744843.0 entry_volume_ma=356521.7
2026-06-13 10:57:57 [BACKTEST TRXUSDT] INFO Position opened | SHORT | entry=0.35148 SL=0.355 TP1=0.3502 TP2=0.3429 qty=2905.605189 | indicators: ema_fast=0.3517 ema_slow=0.3518 volume=435869.0 volume_ma=184851.9
2026-06-13 10:57:57 [BACKTEST TRXUSDT] INFO TP1 hit | price=0.34904 closed_qty=2150.147840 remaining_qty=755.457349 pnl=5.2464 | SL moved to breakeven: 0.355 → 0.35148 | entry_ema_fast=0.3517 entry_ema_slow=0.3518 entry_volume=435869.0 entry_volume_ma=184851.9
2026-06-13 10:57:57 [BACKTEST TRXUSDT] WARNING SL hit | price=0.35175 qty=755.457349 pnl=-0.2040 total_pnl=5.0424 | entry_ema_fast=0.3517 entry_ema_slow=0.3518 entry_volume=435869.0 entry_volume_ma=184851.9
2026-06-13 10:57:58 [BACKTEST TRXUSDT] INFO Position opened | LONG | entry=0.35629 SL=0.3527 TP1=0.3575 TP2=0.365 qty=2880.531307 | indicators: ema_fast=0.3557 ema_slow=0.3556 volume=1699295.0 volume_ma=411119.45
2026-06-13 10:57:58 [BACKTEST TRXUSDT] INFO TP1 hit | price=0.35772 closed_qty=2131.593167 remaining_qty=748.938140 pnl=3.0482 | SL moved to breakeven: 0.3527 → 0.35629 | entry_ema_fast=0.3557 entry_ema_slow=0.3556 entry_volume=1699295.0 entry_volume_ma=411119.45
2026-06-13 10:57:58 [BACKTEST TRXUSDT] INFO TP2 hit | price=0.36502 qty=748.938140 pnl=6.5382 total_pnl=9.5864 | entry_ema_fast=0.3557 entry_ema_slow=0.3556 entry_volume=1699295.0 entry_volume_ma=411119.45
2026-06-13 10:57:58 [BACKTEST TRXUSDT] INFO Position opened | SHORT | entry=0.36247 SL=0.3661 TP1=0.3612 TP2=0.3536 qty=2857.866603 | indicators: ema_fast=0.3627 ema_slow=0.3627 volume=1123647.0 volume_ma=342937.1
2026-06-13 10:57:58 [BACKTEST TRXUSDT] INFO TP1 hit | price=0.36103 closed_qty=2114.821286 remaining_qty=743.045317 pnl=3.0453 | SL moved to breakeven: 0.3661 → 0.36247 | entry_ema_fast=0.3627 entry_ema_slow=0.3627 entry_volume=1123647.0 entry_volume_ma=342937.1
2026-06-13 10:57:58 [BACKTEST TRXUSDT] WARNING SL hit | price=0.36247 qty=743.045317 pnl=0.0000 total_pnl=3.0453 | entry_ema_fast=0.3627 entry_ema_slow=0.3627 entry_volume=1123647.0 entry_volume_ma=342937.1
2026-06-13 10:57:58 [BACKTEST TRXUSDT] INFO Position opened | LONG | entry=0.36272 SL=0.3591 TP1=0.364 TP2=0.3716 qty=2864.292705 | indicators: ema_fast=0.3624 ema_slow=0.3623 volume=1344058.0 volume_ma=331262.65
2026-06-13 10:57:58 [BACKTEST TRXUSDT] INFO TP1 hit | price=0.36402 closed_qty=2119.576602 remaining_qty=744.716103 pnl=2.7554 | SL moved to breakeven: 0.3591 → 0.36272 | entry_ema_fast=0.3624 entry_ema_slow=0.3623 entry_volume=1344058.0 entry_volume_ma=331262.65
2026-06-13 10:57:58 [BACKTEST TRXUSDT] INFO TP2 hit | price=0.37211 qty=744.716103 pnl=6.9929 total_pnl=9.7483 | entry_ema_fast=0.3624 entry_ema_slow=0.3623 entry_volume=1344058.0 entry_volume_ma=331262.65
2026-06-13 10:57:59 [BACKTEST TRXUSDT] INFO Position opened | LONG | entry=0.37191 SL=0.3682 TP1=0.3732 TP2=0.381 qty=2819.726772 | indicators: ema_fast=0.3717 ema_slow=0.3717 volume=663057.0 volume_ma=334666.8
2026-06-13 10:57:59 [BACKTEST TRXUSDT] INFO TP1 hit | price=0.3736 closed_qty=2086.597811 remaining_qty=733.128961 pnl=3.5264 | SL moved to breakeven: 0.3682 → 0.37191 | entry_ema_fast=0.3717 entry_ema_slow=0.3717 entry_volume=663057.0 entry_volume_ma=334666.8
2026-06-13 10:57:59 [BACKTEST TRXUSDT] WARNING SL hit | price=0.37132 qty=733.128961 pnl=-0.4325 total_pnl=3.0938 | entry_ema_fast=0.3717 entry_ema_slow=0.3717 entry_volume=663057.0 entry_volume_ma=334666.8
2026-06-13 10:57:59 [BACKTEST TRXUSDT] INFO Position opened | SHORT | entry=0.36876 SL=0.3724 TP1=0.3675 TP2=0.3597 qty=2852.203027 | indicators: ema_fast=0.3695 ema_slow=0.3696 volume=867966.0 volume_ma=397637.65
2026-06-13 10:57:59 [BACKTEST TRXUSDT] INFO TP1 hit | price=0.36731 closed_qty=2110.630240 remaining_qty=741.572787 pnl=3.0604 | SL moved to breakeven: 0.3724 → 0.36876 | entry_ema_fast=0.3695 entry_ema_slow=0.3696 entry_volume=867966.0 entry_volume_ma=397637.65
2026-06-13 10:57:59 [BACKTEST TRXUSDT] INFO TP2 hit | price=0.3595 qty=741.572787 pnl=6.8670 total_pnl=9.9274 | entry_ema_fast=0.3695 entry_ema_slow=0.3696 entry_volume=867966.0 entry_volume_ma=397637.65
2026-06-13 10:57:59 [BACKTEST TRXUSDT] INFO Position opened | SHORT | entry=0.35225 SL=0.3558 TP1=0.351 TP2=0.3436 qty=3014.068888 | indicators: ema_fast=0.3528 ema_slow=0.3528 volume=1317084.0 volume_ma=685433.9
2026-06-13 10:57:59 [BACKTEST TRXUSDT] INFO TP1 hit | price=0.35078 closed_qty=2230.410977 remaining_qty=783.657911 pnl=3.2787 | SL moved to breakeven: 0.3558 → 0.35225 | entry_ema_fast=0.3528 entry_ema_slow=0.3528 entry_volume=1317084.0 entry_volume_ma=685433.9
2026-06-13 10:57:59 [BACKTEST TRXUSDT] INFO TP2 hit | price=0.3428 qty=783.657911 pnl=7.4056 total_pnl=10.6843 | entry_ema_fast=0.3528 entry_ema_slow=0.3528 entry_volume=1317084.0 entry_volume_ma=685433.9
2026-06-13 10:57:59 [BACKTEST TRXUSDT] INFO Position opened | SHORT | entry=0.34395 SL=0.3474 TP1=0.3427 TP2=0.3355 qty=3117.866077 | indicators: ema_fast=0.3441 ema_slow=0.3441 volume=773239.0 volume_ma=313044.35
2026-06-13 10:57:59 [BACKTEST TRXUSDT] INFO TP1 hit | price=0.3427 closed_qty=2307.220897 remaining_qty=810.645180 pnl=2.8840 | SL moved to breakeven: 0.3474 → 0.34395 | entry_ema_fast=0.3441 entry_ema_slow=0.3441 entry_volume=773239.0 entry_volume_ma=313044.35
2026-06-13 10:57:59 [BACKTEST TRXUSDT] WARNING SL hit | price=0.34405 qty=810.645180 pnl=-0.0811 total_pnl=2.8030 | entry_ema_fast=0.3441 entry_ema_slow=0.3441 entry_volume=773239.0 entry_volume_ma=313044.35
2026-06-13 10:58:00 [BACKTEST TRXUSDT] INFO Position opened | LONG | entry=0.34669 SL=0.3432 TP1=0.3479 TP2=0.3552 qty=3101.309524 | indicators: ema_fast=0.3461 ema_slow=0.3459 volume=626254.0 volume_ma=204820.95
2026-06-13 10:58:00 [BACKTEST TRXUSDT] INFO TP1 hit | price=0.3481 closed_qty=2294.969048 remaining_qty=806.340476 pnl=3.2359 | SL moved to breakeven: 0.3432 → 0.34669 | entry_ema_fast=0.3461 entry_ema_slow=0.3459 entry_volume=626254.0 entry_volume_ma=204820.95
2026-06-13 10:58:00 [BACKTEST TRXUSDT] WARNING SL hit | price=0.3466 qty=806.340476 pnl=-0.0726 total_pnl=3.1633 | entry_ema_fast=0.3461 entry_ema_slow=0.3459 entry_volume=626254.0 entry_volume_ma=204820.95
2026-06-13 10:58:00 [BACKTEST TRXUSDT] INFO Position opened | SHORT | entry=0.3423 SL=0.3457 TP1=0.3411 TP2=0.3339 qty=3150.325255 | indicators: ema_fast=0.3427 ema_slow=0.3428 volume=2134018.0 volume_ma=723549.35
2026-06-13 10:58:00 [BACKTEST TRXUSDT] INFO TP1 hit | price=0.34096 closed_qty=2331.240689 remaining_qty=819.084566 pnl=3.1239 | SL moved to breakeven: 0.3457 → 0.3423 | entry_ema_fast=0.3427 entry_ema_slow=0.3428 entry_volume=2134018.0 entry_volume_ma=723549.35
2026-06-13 10:58:00 [BACKTEST TRXUSDT] WARNING SL hit | price=0.34244 qty=819.084566 pnl=-0.1147 total_pnl=3.0092 | entry_ema_fast=0.3427 entry_ema_slow=0.3428 entry_volume=2134018.0 entry_volume_ma=723549.35
2026-06-13 10:58:00 [BACKTEST TRXUSDT] INFO Position opened | SHORT | entry=0.33977 SL=0.3432 TP1=0.3386 TP2=0.3314 qty=3182.639801 | indicators: ema_fast=0.341 ema_slow=0.3412 volume=2535305.0 volume_ma=1362271.25
2026-06-13 10:58:00 [BACKTEST TRXUSDT] INFO TP1 hit | price=0.33691 closed_qty=2355.153453 remaining_qty=827.486348 pnl=6.7357 | SL moved to breakeven: 0.3432 → 0.33977 | entry_ema_fast=0.341 entry_ema_slow=0.3412 entry_volume=2535305.0 entry_volume_ma=1362271.25
2026-06-13 10:58:00 [BACKTEST TRXUSDT] INFO TP2 hit | price=0.33103 qty=827.486348 pnl=7.2322 total_pnl=13.9680 | entry_ema_fast=0.341 entry_ema_slow=0.3412 entry_volume=2535305.0 entry_volume_ma=1362271.25
2026-06-13 10:58:00 [BACKTEST TRXUSDT] INFO Position opened | SHORT | entry=0.33373 SL=0.3371 TP1=0.3326 TP2=0.3256 qty=3282.094792 | indicators: ema_fast=0.334 ema_slow=0.3341 volume=750395.0 volume_ma=379381.75
2026-06-13 10:58:01 [BACKTEST TRXUSDT] INFO TP1 hit | price=0.33247 closed_qty=2428.750146 remaining_qty=853.344646 pnl=3.0602 | SL moved to breakeven: 0.3371 → 0.33373 | entry_ema_fast=0.334 entry_ema_slow=0.3341 entry_volume=750395.0 entry_volume_ma=379381.75
2026-06-13 10:58:01 [BACKTEST TRXUSDT] INFO TP2 hit | price=0.32558 qty=853.344646 pnl=6.9548 total_pnl=10.0150 | entry_ema_fast=0.334 entry_ema_slow=0.3341 entry_volume=750395.0 entry_volume_ma=379381.75
2026-06-13 10:58:01 [BACKTEST TRXUSDT] INFO Position opened | SHORT | entry=0.33034 SL=0.3336 TP1=0.3292 TP2=0.3222 qty=3346.093355 | indicators: ema_fast=0.3314 ema_slow=0.3315 volume=3788063.0 volume_ma=633960.6
2026-06-13 10:58:01 [BACKTEST TRXUSDT] INFO TP1 hit | price=0.32898 closed_qty=2476.109083 remaining_qty=869.984272 pnl=3.3675 | SL moved to breakeven: 0.3336 → 0.33034 | entry_ema_fast=0.3314 entry_ema_slow=0.3315 entry_volume=3788063.0 entry_volume_ma=633960.6
2026-06-13 10:58:01 [BACKTEST TRXUSDT] INFO TP2 hit | price=0.32215 qty=869.984272 pnl=7.1252 total_pnl=10.4927 | entry_ema_fast=0.3314 entry_ema_slow=0.3315 entry_volume=3788063.0 entry_volume_ma=633960.6
2026-06-13 10:58:01 [BACKTEST TRXUSDT] INFO Position opened | SHORT | entry=0.32478 SL=0.328 TP1=0.3236 TP2=0.3168 qty=3435.683104 | indicators: ema_fast=0.3252 ema_slow=0.3252 volume=1316396.0 volume_ma=740448.8
2026-06-13 10:58:01 [BACKTEST TRXUSDT] INFO TP1 hit | price=0.32358 closed_qty=2542.405497 remaining_qty=893.277607 pnl=3.0509 | SL moved to breakeven: 0.328 → 0.32478 | entry_ema_fast=0.3252 entry_ema_slow=0.3252 entry_volume=1316396.0 entry_volume_ma=740448.8
2026-06-13 10:58:01 [BACKTEST TRXUSDT] WARNING SL hit | price=0.32479 qty=893.277607 pnl=-0.0089 total_pnl=3.0420 | entry_ema_fast=0.3252 entry_ema_slow=0.3252 entry_volume=1316396.0 entry_volume_ma=740448.8
2026-06-14 09:05:05 [LIVE TRXUSDT] INFO [LIVE] Market order placed | SHORT TRXUSDT qty=1580.0 entry≈0.31529
2026-06-14 09:05:05 [LIVE TRXUSDT] INFO [LIVE] Stop-loss placed | stopPrice=0.3184 qty=1580.0
2026-06-14 09:05:05 [LIVE TRXUSDT] INFO Position opened | SHORT | entry=0.31529 SL=0.3184 TP1=0.3142 TP2=0.3076 qty=1580.0 | indicators: ema_fast=0.3155 ema_slow=0.3155 volume=815443.0 volume_ma=161878.55
2026-06-14 20:20:05 [LIVE TRXUSDT] WARNING [LIVE] Full close already executed by exchange | SL
2026-06-14 20:20:05 [LIVE TRXUSDT] WARNING SL hit (exchange stop) | reason=exchange_stop_at_SL price=0.3185 qty=1580.000000 pnl=-5.0718 total_pnl=-5.0718 | entry_ema_fast=0.3155 entry_ema_slow=0.3155 entry_volume=815443.0 entry_volume_ma=161878.55
2026-06-16 10:56:50 [BACKTEST TRXUSDT] INFO Position opened | SHORT | entry=0.35094 SL=0.3544 TP1=0.3497 TP2=0.3423 qty=14247.449707 | indicators: ema_fast=0.3513 ema_slow=0.3514 volume=1029854.0 volume_ma=422526.15
2026-06-16 10:56:50 [BACKTEST TRXUSDT] INFO TP1 hit | price=0.34968 closed_qty=10543.112783 remaining_qty=3704.336924 pnl=13.2843 | SL moved to breakeven: 0.3544 → 0.35094 | entry_ema_fast=0.3513 entry_ema_slow=0.3514 entry_volume=1029854.0 entry_volume_ma=422526.15
2026-06-16 10:56:50 [BACKTEST TRXUSDT] INFO TP2 hit | price=0.34224 qty=3704.336924 pnl=32.2277 total_pnl=45.5121 | entry_ema_fast=0.3513 entry_ema_slow=0.3514 entry_volume=1029854.0 entry_volume_ma=422526.15
2026-06-16 10:56:50 [BACKTEST TRXUSDT] INFO Position opened | SHORT | entry=0.3423 SL=0.3457 TP1=0.3411 TP2=0.3339 qty=15271.867563 | indicators: ema_fast=0.3427 ema_slow=0.3428 volume=2134018.0 volume_ma=723549.35
2026-06-16 10:56:50 [BACKTEST TRXUSDT] INFO TP1 hit | price=0.34096 closed_qty=11301.181997 remaining_qty=3970.685566 pnl=15.1436 | SL moved to breakeven: 0.3457 → 0.3423 | entry_ema_fast=0.3427 entry_ema_slow=0.3428 entry_volume=2134018.0 entry_volume_ma=723549.35
2026-06-16 10:56:50 [BACKTEST TRXUSDT] WARNING SL hit | price=0.34244 qty=3970.685566 pnl=-0.5559 total_pnl=14.5877 | entry_ema_fast=0.3427 entry_ema_slow=0.3428 entry_volume=2134018.0 entry_volume_ma=723549.35
2026-06-16 10:56:50 [BACKTEST TRXUSDT] INFO Position opened | SHORT | entry=0.33977 SL=0.3432 TP1=0.3386 TP2=0.3314 qty=15600.255191 | indicators: ema_fast=0.341 ema_slow=0.3412 volume=2535305.0 volume_ma=1362271.25
2026-06-16 10:56:51 [BACKTEST TRXUSDT] INFO TP1 hit | price=0.33691 closed_qty=11544.188841 remaining_qty=4056.066350 pnl=33.0164 | SL moved to breakeven: 0.3432 → 0.33977 | entry_ema_fast=0.341 entry_ema_slow=0.3412 entry_volume=2535305.0 entry_volume_ma=1362271.25
2026-06-16 10:56:51 [BACKTEST TRXUSDT] INFO TP2 hit | price=0.33103 qty=4056.066350 pnl=35.4500 total_pnl=68.4664 | entry_ema_fast=0.341 entry_ema_slow=0.3412 entry_volume=2535305.0 entry_volume_ma=1362271.25
2026-06-16 10:56:51 [BACKTEST TRXUSDT] INFO Position opened | SHORT | entry=0.33373 SL=0.3371 TP1=0.3326 TP2=0.3256 qty=16908.371157 | indicators: ema_fast=0.334 ema_slow=0.3341 volume=750395.0 volume_ma=379381.75
2026-06-16 10:56:51 [BACKTEST TRXUSDT] INFO TP1 hit | price=0.33247 closed_qty=12512.194656 remaining_qty=4396.176501 pnl=15.7654 | SL moved to breakeven: 0.3371 → 0.33373 | entry_ema_fast=0.334 entry_ema_slow=0.3341 entry_volume=750395.0 entry_volume_ma=379381.75
2026-06-16 10:56:51 [BACKTEST TRXUSDT] INFO TP2 hit | price=0.32558 qty=4396.176501 pnl=35.8288 total_pnl=51.5942 | entry_ema_fast=0.334 entry_ema_slow=0.3341 entry_volume=750395.0 entry_volume_ma=379381.75
2026-06-16 10:56:51 [BACKTEST TRXUSDT] INFO Position opened | SHORT | entry=0.33034 SL=0.3336 TP1=0.3292 TP2=0.3222 qty=17862.813238 | indicators: ema_fast=0.3314 ema_slow=0.3315 volume=3788063.0 volume_ma=633960.6
2026-06-16 10:56:51 [BACKTEST TRXUSDT] INFO TP1 hit | price=0.32898 closed_qty=13218.481796 remaining_qty=4644.331442 pnl=17.9771 | SL moved to breakeven: 0.3336 → 0.33034 | entry_ema_fast=0.3314 entry_ema_slow=0.3315 entry_volume=3788063.0 entry_volume_ma=633960.6
2026-06-16 10:56:51 [BACKTEST TRXUSDT] INFO TP2 hit | price=0.32215 qty=4644.331442 pnl=38.0371 total_pnl=56.0142 | entry_ema_fast=0.3314 entry_ema_slow=0.3315 entry_volume=3788063.0 entry_volume_ma=633960.6
2026-06-16 10:56:51 [BACKTEST TRXUSDT] INFO Position opened | SHORT | entry=0.32478 SL=0.328 TP1=0.3236 TP2=0.3168 qty=19030.952564 | indicators: ema_fast=0.3252 ema_slow=0.3252 volume=1316396.0 volume_ma=740448.8
2026-06-16 10:56:51 [BACKTEST TRXUSDT] INFO TP1 hit | price=0.32358 closed_qty=14082.904897 remaining_qty=4948.047667 pnl=16.8995 | SL moved to breakeven: 0.328 → 0.32478 | entry_ema_fast=0.3252 entry_ema_slow=0.3252 entry_volume=1316396.0 entry_volume_ma=740448.8
2026-06-16 10:56:51 [BACKTEST TRXUSDT] WARNING SL hit | price=0.32479 qty=4948.047667 pnl=-0.0495 total_pnl=16.8500 | entry_ema_fast=0.3252 entry_ema_slow=0.3252 entry_volume=1316396.0 entry_volume_ma=740448.8
2026-06-16 10:56:52 [BACKTEST TRXUSDT] INFO Position opened | SHORT | entry=0.32172 SL=0.3249 TP1=0.3206 TP2=0.3138 qty=19473.836879 | indicators: ema_fast=0.3223 ema_slow=0.3224 volume=1318379.0 volume_ma=504761.25
2026-06-16 10:56:52 [BACKTEST TRXUSDT] INFO TP1 hit | price=0.32054 closed_qty=14410.639290 remaining_qty=5063.197589 pnl=17.0046 | SL moved to breakeven: 0.3249 → 0.32172 | entry_ema_fast=0.3223 entry_ema_slow=0.3224 entry_volume=1318379.0 entry_volume_ma=504761.25
2026-06-16 10:56:52 [BACKTEST TRXUSDT] WARNING SL hit | price=0.32173 qty=5063.197589 pnl=-0.0506 total_pnl=16.9539 | entry_ema_fast=0.3223 entry_ema_slow=0.3224 entry_volume=1318379.0 entry_volume_ma=504761.25
2026-06-16 10:56:53 [BACKTEST TRXUSDT] INFO Position opened | SHORT | entry=0.32095 SL=0.3242 TP1=0.3198 TP2=0.3131 qty=19784.678026 | indicators: ema_fast=0.3217 ema_slow=0.3218 volume=1195889.0 volume_ma=442360.0
2026-06-16 10:56:53 [BACKTEST TRXUSDT] INFO TP1 hit | price=0.31978 closed_qty=14640.661739 remaining_qty=5144.016287 pnl=17.1296 | SL moved to breakeven: 0.3242 → 0.32095 | entry_ema_fast=0.3217 entry_ema_slow=0.3218 entry_volume=1195889.0 entry_volume_ma=442360.0
2026-06-16 10:56:53 [BACKTEST TRXUSDT] INFO TP2 hit | price=0.3121 qty=5144.016287 pnl=45.5245 total_pnl=62.6541 | entry_ema_fast=0.3217 entry_ema_slow=0.3218 entry_volume=1195889.0 entry_volume_ma=442360.0
2026-06-16 10:56:53 [BACKTEST TRXUSDT] INFO Position opened | LONG | entry=0.31531 SL=0.3122 TP1=0.3164 TP2=0.323 qty=21132.101755 | indicators: ema_fast=0.315 ema_slow=0.3149 volume=942143.0 volume_ma=326751.7
2026-06-16 10:56:53 [BACKTEST TRXUSDT] INFO TP1 hit | price=0.3164 closed_qty=15637.755299 remaining_qty=5494.346456 pnl=17.0452 | SL moved to breakeven: 0.3122 → 0.31531 | entry_ema_fast=0.315 entry_ema_slow=0.3149 entry_volume=942143.0 entry_volume_ma=326751.7
2026-06-16 10:56:53 [BACKTEST TRXUSDT] WARNING SL hit | price=0.31523 qty=5494.346456 pnl=-0.4395 total_pnl=16.6056 | entry_ema_fast=0.315 entry_ema_slow=0.3149 entry_volume=942143.0 entry_volume_ma=326751.7
2026-06-16 10:56:53 [BACKTEST TRXUSDT] INFO Position opened | SHORT | entry=0.31529 SL=0.3184 TP1=0.3142 TP2=0.3076 qty=21396.780844 | indicators: ema_fast=0.3155 ema_slow=0.3155 volume=815443.0 volume_ma=161878.55
2026-06-16 10:56:53 [BACKTEST TRXUSDT] WARNING SL hit | price=0.3185 qty=21396.780844 pnl=-68.6837 total_pnl=-68.6837 | entry_ema_fast=0.3155 entry_ema_slow=0.3155 entry_volume=815443.0 entry_volume_ma=161878.55
2026-06-16 11:05:16 [LIVE TRXUSDT] INFO [LIVE] Market order placed | SHORT TRXUSDT qty=1409.0 entry≈0.31749
2026-06-16 11:05:16 [LIVE TRXUSDT] INFO [LIVE] Stop-loss placed | stopPrice=0.3207 qty=1409.0
2026-06-16 11:05:17 [LIVE TRXUSDT] INFO Position opened | SHORT | entry=0.31749 SL=0.3207 TP1=0.3164 TP2=0.3098 qty=1409.0 | indicators: ema_fast=0.3177 ema_slow=0.3178 volume=450757.0 volume_ma=230390.0
2026-06-16 14:38:01 [LIVE TRXUSDT] INFO [STATE] Restored from file | SHORT entry=0.31749 SL=0.3207 TP1=0.3164 TP2=0.3098 qty=1409.0 tp1_hit=False
2026-06-16 14:38:05 [LIVE TRXUSDT] INFO [LIVE] Stop-loss placed | stopPrice=0.3207 qty=1409.0
2026-06-16 14:43:56 [LIVE TRXUSDT] INFO [STATE] Restored from file | SHORT entry=0.31749 SL=0.3207 TP1=0.3164 TP2=0.3098 qty=1409.0 tp1_hit=False
2026-06-16 14:44:00 [LIVE TRXUSDT] INFO [LIVE] Stop-loss placed | stopPrice=0.3207 qty=1409.0
2026-06-16 14:54:53 [LIVE TRXUSDT] INFO [STATE] Restored from file | SHORT entry=0.31749 SL=0.3207 TP1=0.3164 TP2=0.3098 qty=1409.0 tp1_hit=False
2026-06-16 14:54:58 [LIVE TRXUSDT] INFO [LIVE] Stop-loss placed | stopPrice=0.3207 qty=1409.0
2026-06-16 16:29:51 [LIVE TRXUSDT] INFO [STATE] Restored from file | SHORT entry=0.31749 SL=0.3207 TP1=0.3164 TP2=0.3098 qty=1409.0 tp1_hit=False
2026-06-16 16:29:55 [LIVE TRXUSDT] INFO [LIVE] Stop-loss placed | stopPrice=0.3207 qty=1409.0
2026-06-16 16:35:15 [LIVE TRXUSDT] INFO [STATE] Restored from file | SHORT entry=0.31749 SL=0.3207 TP1=0.3164 TP2=0.3098 qty=1409.0 tp1_hit=False
2026-06-16 16:35:19 [LIVE TRXUSDT] INFO [LIVE] Stop-loss placed | stopPrice=0.3207 qty=1409.0
2026-06-16 17:20:10 [LIVE TRXUSDT] INFO [LIVE] Partial close confirmed | TP1 price≈0.31599
2026-06-16 17:20:10 [LIVE TRXUSDT] INFO TP1 hit | price=0.31599 closed_qty=1042.660000 remaining_qty=366.340000 pnl=1.5640 | SL moved to breakeven: 0.3207 → 0.31749 | entry_ema_fast=0.3177 entry_ema_slow=0.3178 entry_volume=450757.0 entry_volume_ma=230390.0
2026-06-16 17:20:11 [LIVE TRXUSDT] INFO [LIVE] Stop-loss placed | stopPrice=0.31749 qty=366.0
2026-06-16 17:20:11 [LIVE TRXUSDT] INFO [LIVE] SL moved to breakeven | stopPrice=0.31749
2026-06-16 20:40:09 [LIVE TRXUSDT] INFO [LIVE] Full close | SL qty=1.0 price≈0.31749
2026-06-16 20:40:09 [LIVE TRXUSDT] WARNING SL hit | price=0.31749 qty=366.340000 pnl=0.0000 total_pnl=1.5640 | entry_ema_fast=0.3177 entry_ema_slow=0.3178 entry_volume=450757.0 entry_volume_ma=230390.0
2026-06-17 01:05:03 [LIVE TRXUSDT] INFO [LIVE] Market order placed | SHORT TRXUSDT qty=1444.0 entry≈0.31602
2026-06-17 01:05:04 [LIVE TRXUSDT] INFO [LIVE] Stop-loss placed | stopPrice=0.3192 qty=1444.0
2026-06-17 01:05:04 [LIVE TRXUSDT] INFO Position opened | SHORT | entry=0.31602 SL=0.3192 TP1=0.3149 TP2=0.3083 qty=1444.0 | indicators: ema_fast=0.3162 ema_slow=0.3163 volume=503976.0 volume_ma=271288.8
2026-06-17 07:03:39 [LIVE TRXUSDT] INFO [STATE] Restored from file | SHORT entry=0.31602 SL=0.3192 TP1=0.3149 TP2=0.3083 qty=1444.0 tp1_hit=False
2026-06-17 07:03:43 [LIVE TRXUSDT] INFO [LIVE] Stop-loss placed | stopPrice=0.3192 qty=1444.0
2026-06-17 10:27:10 [LIVE TRXUSDT] INFO [STATE] Restored from file | SHORT entry=0.31602 SL=0.3192 TP1=0.3149 TP2=0.3083 qty=1444.0 tp1_hit=False
2026-06-17 10:27:15 [LIVE TRXUSDT] INFO [LIVE] Stop-loss placed | stopPrice=0.3192 qty=1444.0
2026-06-17 12:20:12 [LIVE TRXUSDT] WARNING [LIVE] Full close already executed by exchange | SL
2026-06-17 12:20:12 [LIVE TRXUSDT] WARNING SL hit (exchange stop) | reason=exchange_stop_at_SL price=0.31938 qty=1444.000000 pnl=-4.8518 total_pnl=-4.8518 | entry_ema_fast=0.3162 entry_ema_slow=0.3163 entry_volume=503976.0 entry_volume_ma=271288.8
2026-06-20 21:05:10 [PAPER TRXUSDT] INFO [PAPER] Would open LONG TRXUSDT qty=9229.633 entry=0.32504 SL=0.3218 TP1=0.3262 TP2=0.333 balance=1000.00 USDT
2026-06-20 21:05:10 [PAPER TRXUSDT] INFO Position opened | LONG | entry=0.32504 SL=0.3218 TP1=0.3262 TP2=0.333 qty=9229.633 | indicators: ema_fast=0.3248 ema_slow=0.3247 volume=2669948.0 volume_ma=495056.9
2026-06-21 01:00:08 [PAPER TRXUSDT] INFO [PAPER] Would close partial | TP1 qty=6829.92842 price=0.32629
2026-06-21 01:00:08 [PAPER TRXUSDT] INFO TP1 hit | price=0.32629 closed_qty=6829.928420 remaining_qty=2399.704580 pnl=8.5374 | SL moved to breakeven: 0.3218 → 0.32504 | entry_ema_fast=0.3248 entry_ema_slow=0.3247 entry_volume=2669948.0 entry_volume_ma=495056.9
2026-06-22 20:00:12 [PAPER TRXUSDT] INFO [PAPER] Would close full | TP2 qty=2399.7045799999996 price=0.333
2026-06-22 20:00:12 [PAPER TRXUSDT] INFO TP2 hit | price=0.333 qty=2399.704580 pnl=19.1016 total_pnl=27.6391 | entry_ema_fast=0.3248 entry_ema_slow=0.3247 entry_volume=2669948.0 entry_volume_ma=495056.9
2026-06-24 09:05:12 [PAPER TRXUSDT] INFO [RECOVERY] claim: POST http://localhost:5000/api/recovery/claim symbol=TRXUSDT
2026-06-24 09:05:12 [PAPER TRXUSDT] INFO [RECOVERY] claim: response status=200 data={'chainId': None, 'debtAmount': 0, 'enabled': False}
2026-06-24 09:05:12 [PAPER TRXUSDT] INFO [PAPER] Would open SHORT TRXUSDT qty=9118.264 entry=0.32901 SL=0.3323 TP1=0.3279 TP2=0.3209 balance=1000.00 USDT
2026-06-24 09:05:12 [PAPER TRXUSDT] INFO Position opened | SHORT | entry=0.32901 SL=0.3323 TP1=0.3279 TP2=0.3209 qty=9118.264 | indicators: ema_fast=0.3291 ema_slow=0.3291 volume=411663.0 volume_ma=191430.4
2026-06-24 18:50:10 [PAPER TRXUSDT] INFO [PAPER] Would close partial | TP1 qty=6747.51536 price=0.3279
2026-06-24 18:50:10 [PAPER TRXUSDT] INFO TP1 hit | price=0.3279 closed_qty=6747.515360 remaining_qty=2370.748640 pnl=7.4897 | SL moved to breakeven: 0.3323 → 0.32901 | entry_ema_fast=0.3291 entry_ema_slow=0.3291 entry_volume=411663.0 entry_volume_ma=191430.4
